22-Jun-2021 00:15:43.382 INFO [http-nio-8080-exec-130] org.apache.catalina.core.StandardContext.reload Reloading Context with name [/Project_Website_Ban_Hang] has started
22-Jun-2021 00:15:43.395 WARNING [http-nio-8080-exec-130] org.apache.catalina.loader.WebappClassLoaderBase.clearReferencesJdbc The web application [Project_Website_Ban_Hang] registered the JDBC driver [com.microsoft.sqlserver.jdbc.SQLServerDriver] but failed to unregister it when the web application was stopped. To prevent a memory leak, the JDBC Driver has been forcibly unregistered.
22-Jun-2021 00:15:43.395 SEVERE [http-nio-8080-exec-130] org.apache.catalina.loader.WebappClassLoaderBase.checkThreadLocalMapForLeaks The web application [Project_Website_Ban_Hang] created a ThreadLocal with key of type [com.microsoft.sqlserver.jdbc.ActivityCorrelator$1] (value [com.microsoft.sqlserver.jdbc.ActivityCorrelator$1@538236f8]) and a value of type [com.microsoft.sqlserver.jdbc.ActivityId] (value [e5bfd1b2-ada9-419e-8287-3294b17465fe-7]) but failed to remove it when the web application was stopped. Threads are going to be renewed over time to try and avoid a probable memory leak.
22-Jun-2021 00:15:43.395 SEVERE [http-nio-8080-exec-130] org.apache.catalina.loader.WebappClassLoaderBase.checkThreadLocalMapForLeaks The web application [Project_Website_Ban_Hang] created a ThreadLocal with key of type [com.microsoft.sqlserver.jdbc.ActivityCorrelator$1] (value [com.microsoft.sqlserver.jdbc.ActivityCorrelator$1@538236f8]) and a value of type [com.microsoft.sqlserver.jdbc.ActivityId] (value [55a52b8c-3053-4651-bd92-b9259fee71af-10]) but failed to remove it when the web application was stopped. Threads are going to be renewed over time to try and avoid a probable memory leak.
22-Jun-2021 00:15:43.396 SEVERE [http-nio-8080-exec-130] org.apache.catalina.loader.WebappClassLoaderBase.checkThreadLocalMapForLeaks The web application [Project_Website_Ban_Hang] created a ThreadLocal with key of type [com.microsoft.sqlserver.jdbc.ActivityCorrelator$1] (value [com.microsoft.sqlserver.jdbc.ActivityCorrelator$1@538236f8]) and a value of type [com.microsoft.sqlserver.jdbc.ActivityId] (value [777a0e02-a6e0-4eb9-9ab8-8986efaa0207-13]) but failed to remove it when the web application was stopped. Threads are going to be renewed over time to try and avoid a probable memory leak.
22-Jun-2021 00:15:43.396 SEVERE [http-nio-8080-exec-130] org.apache.catalina.loader.WebappClassLoaderBase.checkThreadLocalMapForLeaks The web application [Project_Website_Ban_Hang] created a ThreadLocal with key of type [com.microsoft.sqlserver.jdbc.ActivityCorrelator$1] (value [com.microsoft.sqlserver.jdbc.ActivityCorrelator$1@538236f8]) and a value of type [com.microsoft.sqlserver.jdbc.ActivityId] (value [b983fe49-6912-405d-b9c2-8183ff8b5e6d-7]) but failed to remove it when the web application was stopped. Threads are going to be renewed over time to try and avoid a probable memory leak.
22-Jun-2021 00:15:43.396 SEVERE [http-nio-8080-exec-130] org.apache.catalina.loader.WebappClassLoaderBase.checkThreadLocalMapForLeaks The web application [Project_Website_Ban_Hang] created a ThreadLocal with key of type [com.microsoft.sqlserver.jdbc.ActivityCorrelator$1] (value [com.microsoft.sqlserver.jdbc.ActivityCorrelator$1@538236f8]) and a value of type [com.microsoft.sqlserver.jdbc.ActivityId] (value [f0121948-f109-4ca4-80e8-b2167706faa7-12]) but failed to remove it when the web application was stopped. Threads are going to be renewed over time to try and avoid a probable memory leak.
22-Jun-2021 00:15:43.396 SEVERE [http-nio-8080-exec-130] org.apache.catalina.loader.WebappClassLoaderBase.checkThreadLocalMapForLeaks The web application [Project_Website_Ban_Hang] created a ThreadLocal with key of type [com.microsoft.sqlserver.jdbc.ActivityCorrelator$1] (value [com.microsoft.sqlserver.jdbc.ActivityCorrelator$1@538236f8]) and a value of type [com.microsoft.sqlserver.jdbc.ActivityId] (value [34f24843-6f82-4c8b-8bd4-b859a78f6465-12]) but failed to remove it when the web application was stopped. Threads are going to be renewed over time to try and avoid a probable memory leak.
22-Jun-2021 00:15:43.526 SEVERE [http-nio-8080-exec-130] org.apache.catalina.loader.WebappClassLoaderBase.checkThreadLocalMapForLeaks The web application [Project_Website_Ban_Hang] created a ThreadLocal with key of type [com.microsoft.sqlserver.jdbc.ActivityCorrelator$1] (value [com.microsoft.sqlserver.jdbc.ActivityCorrelator$1@538236f8]) and a value of type [com.microsoft.sqlserver.jdbc.ActivityId] (value [5b8791d7-a365-4bac-a926-1386422cfd4c-13]) but failed to remove it when the web application was stopped. Threads are going to be renewed over time to try and avoid a probable memory leak.
22-Jun-2021 00:15:43.526 SEVERE [http-nio-8080-exec-130] org.apache.catalina.loader.WebappClassLoaderBase.checkThreadLocalMapForLeaks The web application [Project_Website_Ban_Hang] created a ThreadLocal with key of type [com.microsoft.sqlserver.jdbc.ActivityCorrelator$1] (value [com.microsoft.sqlserver.jdbc.ActivityCorrelator$1@538236f8]) and a value of type [com.microsoft.sqlserver.jdbc.ActivityId] (value [4e52ea12-2aff-428c-9280-b2b5d8a09d9b-8]) but failed to remove it when the web application was stopped. Threads are going to be renewed over time to try and avoid a probable memory leak.
22-Jun-2021 00:15:43.526 SEVERE [http-nio-8080-exec-130] org.apache.catalina.loader.WebappClassLoaderBase.checkThreadLocalMapForLeaks The web application [Project_Website_Ban_Hang] created a ThreadLocal with key of type [com.microsoft.sqlserver.jdbc.ActivityCorrelator$1] (value [com.microsoft.sqlserver.jdbc.ActivityCorrelator$1@538236f8]) and a value of type [com.microsoft.sqlserver.jdbc.ActivityId] (value [75760ada-67fd-4f89-8bfc-5e8a9d0287f4-16]) but failed to remove it when the web application was stopped. Threads are going to be renewed over time to try and avoid a probable memory leak.
22-Jun-2021 00:15:43.526 SEVERE [http-nio-8080-exec-130] org.apache.catalina.loader.WebappClassLoaderBase.checkThreadLocalMapForLeaks The web application [Project_Website_Ban_Hang] created a ThreadLocal with key of type [com.microsoft.sqlserver.jdbc.ActivityCorrelator$1] (value [com.microsoft.sqlserver.jdbc.ActivityCorrelator$1@538236f8]) and a value of type [com.microsoft.sqlserver.jdbc.ActivityId] (value [72c977b2-f892-4875-a612-e4b9e041316e-10]) but failed to remove it when the web application was stopped. Threads are going to be renewed over time to try and avoid a probable memory leak.
22-Jun-2021 00:15:44.390 INFO [http-nio-8080-exec-130] org.apache.jasper.servlet.TldScanner.scanJars At least one JAR was scanned for TLDs yet contained no TLDs. Enable debug logging for this logger for a complete list of JARs that were scanned but no TLDs were found in them. Skipping unneeded JARs during scanning can improve startup time and JSP compilation time.
22-Jun-2021 00:15:44.432 INFO [http-nio-8080-exec-130] org.apache.catalina.core.StandardContext.reload Reloading Context with name [/Project_Website_Ban_Hang] is completed
22-Jun-2021 00:15:44.439 INFO [http-nio-8080-exec-130] org.apache.catalina.core.StandardContext.reload Reloading Context with name [/Project_Website_Ban_Hang] has started
22-Jun-2021 00:15:44.619 INFO [http-nio-8080-exec-130] org.apache.jasper.servlet.TldScanner.scanJars At least one JAR was scanned for TLDs yet contained no TLDs. Enable debug logging for this logger for a complete list of JARs that were scanned but no TLDs were found in them. Skipping unneeded JARs during scanning can improve startup time and JSP compilation time.
22-Jun-2021 00:15:44.623 INFO [http-nio-8080-exec-130] org.apache.catalina.core.StandardContext.reload Reloading Context with name [/Project_Website_Ban_Hang] is completed
22-Jun-2021 00:59:58.746 INFO [main] org.apache.catalina.core.StandardServer.await A valid shutdown command was received via the shutdown port. Stopping the Server instance.
22-Jun-2021 00:59:58.756 INFO [main] org.apache.coyote.AbstractProtocol.pause Pausing ProtocolHandler ["http-nio-8080"]
22-Jun-2021 00:59:59.376 INFO [main] org.apache.catalina.core.StandardService.stopInternal Stopping service [Catalina]
22-Jun-2021 01:00:01.093 WARNING [main] org.apache.catalina.loader.WebappClassLoaderBase.clearReferencesJdbc The web application [Project_Website_Ban_Hang] registered the JDBC driver [com.microsoft.sqlserver.jdbc.SQLServerDriver] but failed to unregister it when the web application was stopped. To prevent a memory leak, the JDBC Driver has been forcibly unregistered.
22-Jun-2021 01:00:01.093 SEVERE [main] org.apache.catalina.loader.WebappClassLoaderBase.checkThreadLocalMapForLeaks The web application [Project_Website_Ban_Hang] created a ThreadLocal with key of type [com.microsoft.sqlserver.jdbc.ActivityCorrelator$1] (value [com.microsoft.sqlserver.jdbc.ActivityCorrelator$1@370ef50b]) and a value of type [com.microsoft.sqlserver.jdbc.ActivityId] (value [13c51510-38bc-4f0a-a3ff-27d55db99c69-11]) but failed to remove it when the web application was stopped. Threads are going to be renewed over time to try and avoid a probable memory leak.
22-Jun-2021 01:00:01.093 SEVERE [main] org.apache.catalina.loader.WebappClassLoaderBase.checkThreadLocalMapForLeaks The web application [Project_Website_Ban_Hang] created a ThreadLocal with key of type [com.microsoft.sqlserver.jdbc.ActivityCorrelator$1] (value [com.microsoft.sqlserver.jdbc.ActivityCorrelator$1@370ef50b]) and a value of type [com.microsoft.sqlserver.jdbc.ActivityId] (value [6326efdc-63da-42b4-ad98-28a98948d0a3-9]) but failed to remove it when the web application was stopped. Threads are going to be renewed over time to try and avoid a probable memory leak.
22-Jun-2021 01:00:01.093 SEVERE [main] org.apache.catalina.loader.WebappClassLoaderBase.checkThreadLocalMapForLeaks The web application [Project_Website_Ban_Hang] created a ThreadLocal with key of type [com.microsoft.sqlserver.jdbc.ActivityCorrelator$1] (value [com.microsoft.sqlserver.jdbc.ActivityCorrelator$1@370ef50b]) and a value of type [com.microsoft.sqlserver.jdbc.ActivityId] (value [16c93677-1e5c-40c5-8fb4-1e9fa5dfd584-11]) but failed to remove it when the web application was stopped. Threads are going to be renewed over time to try and avoid a probable memory leak.
22-Jun-2021 01:00:01.093 SEVERE [main] org.apache.catalina.loader.WebappClassLoaderBase.checkThreadLocalMapForLeaks The web application [Project_Website_Ban_Hang] created a ThreadLocal with key of type [com.microsoft.sqlserver.jdbc.ActivityCorrelator$1] (value [com.microsoft.sqlserver.jdbc.ActivityCorrelator$1@370ef50b]) and a value of type [com.microsoft.sqlserver.jdbc.ActivityId] (value [85aa0cfd-be67-4df1-9f00-1821341463c4-10]) but failed to remove it when the web application was stopped. Threads are going to be renewed over time to try and avoid a probable memory leak.
22-Jun-2021 01:00:01.093 SEVERE [main] org.apache.catalina.loader.WebappClassLoaderBase.checkThreadLocalMapForLeaks The web application [Project_Website_Ban_Hang] created a ThreadLocal with key of type [com.microsoft.sqlserver.jdbc.ActivityCorrelator$1] (value [com.microsoft.sqlserver.jdbc.ActivityCorrelator$1@370ef50b]) and a value of type [com.microsoft.sqlserver.jdbc.ActivityId] (value [98c854ab-f805-4b4f-b5c8-7ca9f4ffa04a-8]) but failed to remove it when the web application was stopped. Threads are going to be renewed over time to try and avoid a probable memory leak.
22-Jun-2021 01:00:01.093 SEVERE [main] org.apache.catalina.loader.WebappClassLoaderBase.checkThreadLocalMapForLeaks The web application [Project_Website_Ban_Hang] created a ThreadLocal with key of type [com.microsoft.sqlserver.jdbc.ActivityCorrelator$1] (value [com.microsoft.sqlserver.jdbc.ActivityCorrelator$1@370ef50b]) and a value of type [com.microsoft.sqlserver.jdbc.ActivityId] (value [721cb624-06ea-48fc-a14b-000be5d3e7f2-9]) but failed to remove it when the web application was stopped. Threads are going to be renewed over time to try and avoid a probable memory leak.
22-Jun-2021 01:00:01.093 SEVERE [main] org.apache.catalina.loader.WebappClassLoaderBase.checkThreadLocalMapForLeaks The web application [Project_Website_Ban_Hang] created a ThreadLocal with key of type [com.microsoft.sqlserver.jdbc.ActivityCorrelator$1] (value [com.microsoft.sqlserver.jdbc.ActivityCorrelator$1@370ef50b]) and a value of type [com.microsoft.sqlserver.jdbc.ActivityId] (value [9548d9d3-967b-4bc6-b887-a420b4a81b3e-9]) but failed to remove it when the web application was stopped. Threads are going to be renewed over time to try and avoid a probable memory leak.
22-Jun-2021 01:00:01.204 SEVERE [main] org.apache.catalina.loader.WebappClassLoaderBase.checkThreadLocalMapForLeaks The web application [Project_Website_Ban_Hang] created a ThreadLocal with key of type [com.microsoft.sqlserver.jdbc.ActivityCorrelator$1] (value [com.microsoft.sqlserver.jdbc.ActivityCorrelator$1@370ef50b]) and a value of type [com.microsoft.sqlserver.jdbc.ActivityId] (value [f2a2026d-9691-4972-af5b-258170d6c680-11]) but failed to remove it when the web application was stopped. Threads are going to be renewed over time to try and avoid a probable memory leak.
22-Jun-2021 01:00:01.204 SEVERE [main] org.apache.catalina.loader.WebappClassLoaderBase.checkThreadLocalMapForLeaks The web application [Project_Website_Ban_Hang] created a ThreadLocal with key of type [com.microsoft.sqlserver.jdbc.ActivityCorrelator$1] (value [com.microsoft.sqlserver.jdbc.ActivityCorrelator$1@370ef50b]) and a value of type [com.microsoft.sqlserver.jdbc.ActivityId] (value [3bb28281-bfbb-4d1a-9114-390a52f52902-11]) but failed to remove it when the web application was stopped. Threads are going to be renewed over time to try and avoid a probable memory leak.
22-Jun-2021 01:00:01.204 SEVERE [main] org.apache.catalina.loader.WebappClassLoaderBase.checkThreadLocalMapForLeaks The web application [Project_Website_Ban_Hang] created a ThreadLocal with key of type [com.microsoft.sqlserver.jdbc.ActivityCorrelator$1] (value [com.microsoft.sqlserver.jdbc.ActivityCorrelator$1@370ef50b]) and a value of type [com.microsoft.sqlserver.jdbc.ActivityId] (value [5e795b88-d0c5-40cd-887c-2679a6cf7cde-7]) but failed to remove it when the web application was stopped. Threads are going to be renewed over time to try and avoid a probable memory leak.
22-Jun-2021 01:00:01.209 INFO [main] org.apache.coyote.AbstractProtocol.stop Stopping ProtocolHandler ["http-nio-8080"]
22-Jun-2021 01:00:01.236 INFO [main] org.apache.coyote.AbstractProtocol.destroy Destroying ProtocolHandler ["http-nio-8080"]
22-Jun-2021 09:49:30.133 INFO [main] org.apache.catalina.startup.VersionLoggerListener.log Server version name:   Apache Tomcat/9.0.34
22-Jun-2021 09:49:30.134 INFO [main] org.apache.catalina.startup.VersionLoggerListener.log Server built:          Apr 3 2020 12:02:52 UTC
22-Jun-2021 09:49:30.134 INFO [main] org.apache.catalina.startup.VersionLoggerListener.log Server version number: 9.0.34.0
22-Jun-2021 09:49:30.134 INFO [main] org.apache.catalina.startup.VersionLoggerListener.log OS Name:               Windows 10
22-Jun-2021 09:49:30.134 INFO [main] org.apache.catalina.startup.VersionLoggerListener.log OS Version:            10.0
22-Jun-2021 09:49:30.135 INFO [main] org.apache.catalina.startup.VersionLoggerListener.log Architecture:          amd64
22-Jun-2021 09:49:30.135 INFO [main] org.apache.catalina.startup.VersionLoggerListener.log Java Home:             C:\Program Files\Java\jdk1.8.0_111\jre
22-Jun-2021 09:49:30.135 INFO [main] org.apache.catalina.startup.VersionLoggerListener.log JVM Version:           1.8.0_111-b14
22-Jun-2021 09:49:30.135 INFO [main] org.apache.catalina.startup.VersionLoggerListener.log JVM Vendor:            Oracle Corporation
22-Jun-2021 09:49:30.135 INFO [main] org.apache.catalina.startup.VersionLoggerListener.log CATALINA_BASE:         D:\Netbean 8.2 rc\apache-tomcat-9.0.34
22-Jun-2021 09:49:30.135 INFO [main] org.apache.catalina.startup.VersionLoggerListener.log CATALINA_HOME:         D:\Netbean 8.2 rc\apache-tomcat-9.0.34
22-Jun-2021 09:49:30.136 INFO [main] org.apache.catalina.startup.VersionLoggerListener.log Command line argument: -Djava.util.logging.config.file=D:\Netbean 8.2 rc\apache-tomcat-9.0.34\conf\logging.properties
22-Jun-2021 09:49:30.136 INFO [main] org.apache.catalina.startup.VersionLoggerListener.log Command line argument: -Djava.util.logging.manager=org.apache.juli.ClassLoaderLogManager
22-Jun-2021 09:49:30.136 INFO [main] org.apache.catalina.startup.VersionLoggerListener.log Command line argument: -Djdk.tls.ephemeralDHKeySize=2048
22-Jun-2021 09:49:30.137 INFO [main] org.apache.catalina.startup.VersionLoggerListener.log Command line argument: -Djava.protocol.handler.pkgs=org.apache.catalina.webresources
22-Jun-2021 09:49:30.137 INFO [main] org.apache.catalina.startup.VersionLoggerListener.log Command line argument: -Dignore.endorsed.dirs=
22-Jun-2021 09:49:30.137 INFO [main] org.apache.catalina.startup.VersionLoggerListener.log Command line argument: -Dcatalina.base=D:\Netbean 8.2 rc\apache-tomcat-9.0.34
22-Jun-2021 09:49:30.137 INFO [main] org.apache.catalina.startup.VersionLoggerListener.log Command line argument: -Dcatalina.home=D:\Netbean 8.2 rc\apache-tomcat-9.0.34
22-Jun-2021 09:49:30.137 INFO [main] org.apache.catalina.startup.VersionLoggerListener.log Command line argument: -Djava.io.tmpdir=D:\Netbean 8.2 rc\apache-tomcat-9.0.34\temp
22-Jun-2021 09:49:30.137 INFO [main] org.apache.catalina.core.AprLifecycleListener.lifecycleEvent Loaded APR based Apache Tomcat Native library [1.2.23] using APR version [1.7.0].
22-Jun-2021 09:49:30.137 INFO [main] org.apache.catalina.core.AprLifecycleListener.lifecycleEvent APR capabilities: IPv6 [true], sendfile [true], accept filters [false], random [true].
22-Jun-2021 09:49:30.137 INFO [main] org.apache.catalina.core.AprLifecycleListener.lifecycleEvent APR/OpenSSL configuration: useAprConnector [false], useOpenSSL [true]
22-Jun-2021 09:49:30.166 INFO [main] org.apache.catalina.core.AprLifecycleListener.initializeSSL OpenSSL successfully initialized [OpenSSL 1.1.1c  28 May 2019]
22-Jun-2021 09:49:30.495 INFO [main] org.apache.coyote.AbstractProtocol.init Initializing ProtocolHandler ["http-nio-8080"]
22-Jun-2021 09:49:30.856 INFO [main] org.apache.catalina.startup.Catalina.load Server initialization in [1,257] milliseconds
22-Jun-2021 09:49:30.914 INFO [main] org.apache.catalina.core.StandardService.startInternal Starting service [Catalina]
22-Jun-2021 09:49:30.915 INFO [main] org.apache.catalina.core.StandardEngine.startInternal Starting Servlet engine: [Apache Tomcat/9.0.34]
22-Jun-2021 09:49:30.931 INFO [main] org.apache.catalina.startup.HostConfig.deployDescriptor Deploying deployment descriptor [D:\Netbean 8.2 rc\apache-tomcat-9.0.34\conf\Catalina\localhost\Day1_Calculator.xml]
22-Jun-2021 09:49:30.945 WARNING [main] org.apache.catalina.startup.HostConfig.deployDescriptor The path attribute with value [/Day1_Calculator] in deployment descriptor [D:\Netbean 8.2 rc\apache-tomcat-9.0.34\conf\Catalina\localhost\Day1_Calculator.xml] has been ignored
22-Jun-2021 09:49:31.365 INFO [main] org.apache.jasper.servlet.TldScanner.scanJars At least one JAR was scanned for TLDs yet contained no TLDs. Enable debug logging for this logger for a complete list of JARs that were scanned but no TLDs were found in them. Skipping unneeded JARs during scanning can improve startup time and JSP compilation time.
22-Jun-2021 09:49:31.410 INFO [main] org.apache.catalina.startup.HostConfig.deployDescriptor Deployment of deployment descriptor [D:\Netbean 8.2 rc\apache-tomcat-9.0.34\conf\Catalina\localhost\Day1_Calculator.xml] has finished in [479] ms
22-Jun-2021 09:49:31.410 INFO [main] org.apache.catalina.startup.HostConfig.deployDescriptor Deploying deployment descriptor [D:\Netbean 8.2 rc\apache-tomcat-9.0.34\conf\Catalina\localhost\Day1_MVC.xml]
22-Jun-2021 09:49:31.412 WARNING [main] org.apache.catalina.startup.HostConfig.deployDescriptor The path attribute with value [/Day1_MVC] in deployment descriptor [D:\Netbean 8.2 rc\apache-tomcat-9.0.34\conf\Catalina\localhost\Day1_MVC.xml] has been ignored
22-Jun-2021 09:49:31.498 INFO [main] org.apache.jasper.servlet.TldScanner.scanJars At least one JAR was scanned for TLDs yet contained no TLDs. Enable debug logging for this logger for a complete list of JARs that were scanned but no TLDs were found in them. Skipping unneeded JARs during scanning can improve startup time and JSP compilation time.
22-Jun-2021 09:49:31.500 INFO [main] org.apache.catalina.startup.HostConfig.deployDescriptor Deployment of deployment descriptor [D:\Netbean 8.2 rc\apache-tomcat-9.0.34\conf\Catalina\localhost\Day1_MVC.xml] has finished in [90] ms
22-Jun-2021 09:49:31.501 INFO [main] org.apache.catalina.startup.HostConfig.deployDescriptor Deploying deployment descriptor [D:\Netbean 8.2 rc\apache-tomcat-9.0.34\conf\Catalina\localhost\Hello.xml]
22-Jun-2021 09:49:31.501 WARNING [main] org.apache.catalina.startup.HostConfig.deployDescriptor The path attribute with value [/Hello] in deployment descriptor [D:\Netbean 8.2 rc\apache-tomcat-9.0.34\conf\Catalina\localhost\Hello.xml] has been ignored
22-Jun-2021 09:49:31.569 INFO [main] org.apache.jasper.servlet.TldScanner.scanJars At least one JAR was scanned for TLDs yet contained no TLDs. Enable debug logging for this logger for a complete list of JARs that were scanned but no TLDs were found in them. Skipping unneeded JARs during scanning can improve startup time and JSP compilation time.
22-Jun-2021 09:49:31.571 INFO [main] org.apache.catalina.startup.HostConfig.deployDescriptor Deployment of deployment descriptor [D:\Netbean 8.2 rc\apache-tomcat-9.0.34\conf\Catalina\localhost\Hello.xml] has finished in [71] ms
22-Jun-2021 09:49:31.571 INFO [main] org.apache.catalina.startup.HostConfig.deployDescriptor Deploying deployment descriptor [D:\Netbean 8.2 rc\apache-tomcat-9.0.34\conf\Catalina\localhost\Hello_JSP.xml]
22-Jun-2021 09:49:31.572 WARNING [main] org.apache.catalina.startup.HostConfig.deployDescriptor The path attribute with value [/Hello_JSP] in deployment descriptor [D:\Netbean 8.2 rc\apache-tomcat-9.0.34\conf\Catalina\localhost\Hello_JSP.xml] has been ignored
22-Jun-2021 09:49:31.637 INFO [main] org.apache.jasper.servlet.TldScanner.scanJars At least one JAR was scanned for TLDs yet contained no TLDs. Enable debug logging for this logger for a complete list of JARs that were scanned but no TLDs were found in them. Skipping unneeded JARs during scanning can improve startup time and JSP compilation time.
22-Jun-2021 09:49:31.640 INFO [main] org.apache.catalina.startup.HostConfig.deployDescriptor Deployment of deployment descriptor [D:\Netbean 8.2 rc\apache-tomcat-9.0.34\conf\Catalina\localhost\Hello_JSP.xml] has finished in [68] ms
22-Jun-2021 09:49:31.640 INFO [main] org.apache.catalina.startup.HostConfig.deployDescriptor Deploying deployment descriptor [D:\Netbean 8.2 rc\apache-tomcat-9.0.34\conf\Catalina\localhost\Login_DoGet_DoPost.xml]
22-Jun-2021 09:49:31.641 WARNING [main] org.apache.catalina.startup.HostConfig.deployDescriptor The path attribute with value [/Login_DoGet_DoPost] in deployment descriptor [D:\Netbean 8.2 rc\apache-tomcat-9.0.34\conf\Catalina\localhost\Login_DoGet_DoPost.xml] has been ignored
22-Jun-2021 09:49:31.727 INFO [main] org.apache.jasper.servlet.TldScanner.scanJars At least one JAR was scanned for TLDs yet contained no TLDs. Enable debug logging for this logger for a complete list of JARs that were scanned but no TLDs were found in them. Skipping unneeded JARs during scanning can improve startup time and JSP compilation time.
22-Jun-2021 09:49:31.729 INFO [main] org.apache.catalina.startup.HostConfig.deployDescriptor Deployment of deployment descriptor [D:\Netbean 8.2 rc\apache-tomcat-9.0.34\conf\Catalina\localhost\Login_DoGet_DoPost.xml] has finished in [89] ms
22-Jun-2021 09:49:31.729 INFO [main] org.apache.catalina.startup.HostConfig.deployDescriptor Deploying deployment descriptor [D:\Netbean 8.2 rc\apache-tomcat-9.0.34\conf\Catalina\localhost\Login_Register_Apollo.xml]
22-Jun-2021 09:49:31.730 WARNING [main] org.apache.catalina.startup.HostConfig.deployDescriptor The path attribute with value [/Login_Register_Apollo] in deployment descriptor [D:\Netbean 8.2 rc\apache-tomcat-9.0.34\conf\Catalina\localhost\Login_Register_Apollo.xml] has been ignored
22-Jun-2021 09:49:31.770 INFO [main] org.apache.jasper.servlet.TldScanner.scanJars At least one JAR was scanned for TLDs yet contained no TLDs. Enable debug logging for this logger for a complete list of JARs that were scanned but no TLDs were found in them. Skipping unneeded JARs during scanning can improve startup time and JSP compilation time.
22-Jun-2021 09:49:31.771 INFO [main] org.apache.catalina.startup.HostConfig.deployDescriptor Deployment of deployment descriptor [D:\Netbean 8.2 rc\apache-tomcat-9.0.34\conf\Catalina\localhost\Login_Register_Apollo.xml] has finished in [42] ms
22-Jun-2021 09:49:31.771 INFO [main] org.apache.catalina.startup.HostConfig.deployDescriptor Deploying deployment descriptor [D:\Netbean 8.2 rc\apache-tomcat-9.0.34\conf\Catalina\localhost\MVC2Java_Database.xml]
22-Jun-2021 09:49:31.772 WARNING [main] org.apache.catalina.startup.HostConfig.deployDescriptor The path attribute with value [/MVC2Java_Database] in deployment descriptor [D:\Netbean 8.2 rc\apache-tomcat-9.0.34\conf\Catalina\localhost\MVC2Java_Database.xml] has been ignored
22-Jun-2021 09:49:32.369 INFO [main] org.apache.jasper.servlet.TldScanner.scanJars At least one JAR was scanned for TLDs yet contained no TLDs. Enable debug logging for this logger for a complete list of JARs that were scanned but no TLDs were found in them. Skipping unneeded JARs during scanning can improve startup time and JSP compilation time.
22-Jun-2021 09:49:32.380 INFO [main] org.apache.catalina.startup.HostConfig.deployDescriptor Deployment of deployment descriptor [D:\Netbean 8.2 rc\apache-tomcat-9.0.34\conf\Catalina\localhost\MVC2Java_Database.xml] has finished in [609] ms
22-Jun-2021 09:49:32.380 INFO [main] org.apache.catalina.startup.HostConfig.deployDescriptor Deploying deployment descriptor [D:\Netbean 8.2 rc\apache-tomcat-9.0.34\conf\Catalina\localhost\Page_Directive.xml]
22-Jun-2021 09:49:32.381 WARNING [main] org.apache.catalina.startup.HostConfig.deployDescriptor The path attribute with value [/Page_Directive] in deployment descriptor [D:\Netbean 8.2 rc\apache-tomcat-9.0.34\conf\Catalina\localhost\Page_Directive.xml] has been ignored
22-Jun-2021 09:49:32.621 INFO [main] org.apache.jasper.servlet.TldScanner.scanJars At least one JAR was scanned for TLDs yet contained no TLDs. Enable debug logging for this logger for a complete list of JARs that were scanned but no TLDs were found in them. Skipping unneeded JARs during scanning can improve startup time and JSP compilation time.
22-Jun-2021 09:49:32.622 INFO [main] org.apache.catalina.startup.HostConfig.deployDescriptor Deployment of deployment descriptor [D:\Netbean 8.2 rc\apache-tomcat-9.0.34\conf\Catalina\localhost\Page_Directive.xml] has finished in [242] ms
22-Jun-2021 09:49:32.622 INFO [main] org.apache.catalina.startup.HostConfig.deployDescriptor Deploying deployment descriptor [D:\Netbean 8.2 rc\apache-tomcat-9.0.34\conf\Catalina\localhost\Project_Website_Ban_Hang.xml]
22-Jun-2021 09:49:32.623 WARNING [main] org.apache.catalina.startup.HostConfig.deployDescriptor The path attribute with value [/Project_Website_Ban_Hang] in deployment descriptor [D:\Netbean 8.2 rc\apache-tomcat-9.0.34\conf\Catalina\localhost\Project_Website_Ban_Hang.xml] has been ignored
22-Jun-2021 09:49:32.900 INFO [main] org.apache.jasper.servlet.TldScanner.scanJars At least one JAR was scanned for TLDs yet contained no TLDs. Enable debug logging for this logger for a complete list of JARs that were scanned but no TLDs were found in them. Skipping unneeded JARs during scanning can improve startup time and JSP compilation time.
22-Jun-2021 09:49:32.948 INFO [main] org.apache.catalina.startup.HostConfig.deployDescriptor Deployment of deployment descriptor [D:\Netbean 8.2 rc\apache-tomcat-9.0.34\conf\Catalina\localhost\Project_Website_Ban_Hang.xml] has finished in [326] ms
22-Jun-2021 09:49:32.948 INFO [main] org.apache.catalina.startup.HostConfig.deployDescriptor Deploying deployment descriptor [D:\Netbean 8.2 rc\apache-tomcat-9.0.34\conf\Catalina\localhost\SimpleD.xml]
22-Jun-2021 09:49:32.949 WARNING [main] org.apache.catalina.startup.HostConfig.deployDescriptor The path attribute with value [/SimpleD] in deployment descriptor [D:\Netbean 8.2 rc\apache-tomcat-9.0.34\conf\Catalina\localhost\SimpleD.xml] has been ignored
22-Jun-2021 09:49:33.019 INFO [main] org.apache.jasper.servlet.TldScanner.scanJars At least one JAR was scanned for TLDs yet contained no TLDs. Enable debug logging for this logger for a complete list of JARs that were scanned but no TLDs were found in them. Skipping unneeded JARs during scanning can improve startup time and JSP compilation time.
22-Jun-2021 09:49:33.021 INFO [main] org.apache.catalina.startup.HostConfig.deployDescriptor Deployment of deployment descriptor [D:\Netbean 8.2 rc\apache-tomcat-9.0.34\conf\Catalina\localhost\SimpleD.xml] has finished in [72] ms
22-Jun-2021 09:49:33.021 INFO [main] org.apache.catalina.startup.HostConfig.deployDescriptor Deploying deployment descriptor [D:\Netbean 8.2 rc\apache-tomcat-9.0.34\conf\Catalina\localhost\SimpleDate.xml]
22-Jun-2021 09:49:33.022 WARNING [main] org.apache.catalina.startup.HostConfig.deployDescriptor The path attribute with value [/SimpleDate] in deployment descriptor [D:\Netbean 8.2 rc\apache-tomcat-9.0.34\conf\Catalina\localhost\SimpleDate.xml] has been ignored
22-Jun-2021 09:49:33.082 INFO [main] org.apache.jasper.servlet.TldScanner.scanJars At least one JAR was scanned for TLDs yet contained no TLDs. Enable debug logging for this logger for a complete list of JARs that were scanned but no TLDs were found in them. Skipping unneeded JARs during scanning can improve startup time and JSP compilation time.
22-Jun-2021 09:49:33.083 INFO [main] org.apache.catalina.startup.HostConfig.deployDescriptor Deployment of deployment descriptor [D:\Netbean 8.2 rc\apache-tomcat-9.0.34\conf\Catalina\localhost\SimpleDate.xml] has finished in [62] ms
22-Jun-2021 09:49:33.083 INFO [main] org.apache.catalina.startup.HostConfig.deployDescriptor Deploying deployment descriptor [D:\Netbean 8.2 rc\apache-tomcat-9.0.34\conf\Catalina\localhost\WorkShop1_SE1502_Magazine.xml]
22-Jun-2021 09:49:33.084 WARNING [main] org.apache.catalina.startup.HostConfig.deployDescriptor The path attribute with value [/WorkShop1_SE1502_Magazine] in deployment descriptor [D:\Netbean 8.2 rc\apache-tomcat-9.0.34\conf\Catalina\localhost\WorkShop1_SE1502_Magazine.xml] has been ignored
22-Jun-2021 09:49:33.373 INFO [main] org.apache.jasper.servlet.TldScanner.scanJars At least one JAR was scanned for TLDs yet contained no TLDs. Enable debug logging for this logger for a complete list of JARs that were scanned but no TLDs were found in them. Skipping unneeded JARs during scanning can improve startup time and JSP compilation time.
22-Jun-2021 09:49:33.380 INFO [main] org.apache.catalina.startup.HostConfig.deployDescriptor Deployment of deployment descriptor [D:\Netbean 8.2 rc\apache-tomcat-9.0.34\conf\Catalina\localhost\WorkShop1_SE1502_Magazine.xml] has finished in [297] ms
22-Jun-2021 09:49:33.381 INFO [main] org.apache.catalina.startup.HostConfig.deployDirectory Deploying web application directory [D:\Netbean 8.2 rc\apache-tomcat-9.0.34\webapps\docs]
22-Jun-2021 09:49:33.459 INFO [main] org.apache.jasper.servlet.TldScanner.scanJars At least one JAR was scanned for TLDs yet contained no TLDs. Enable debug logging for this logger for a complete list of JARs that were scanned but no TLDs were found in them. Skipping unneeded JARs during scanning can improve startup time and JSP compilation time.
22-Jun-2021 09:49:33.462 INFO [main] org.apache.catalina.startup.HostConfig.deployDirectory Deployment of web application directory [D:\Netbean 8.2 rc\apache-tomcat-9.0.34\webapps\docs] has finished in [80] ms
22-Jun-2021 09:49:33.462 INFO [main] org.apache.catalina.startup.HostConfig.deployDirectory Deploying web application directory [D:\Netbean 8.2 rc\apache-tomcat-9.0.34\webapps\examples]
22-Jun-2021 09:49:34.620 INFO [main] org.apache.jasper.servlet.TldScanner.scanJars At least one JAR was scanned for TLDs yet contained no TLDs. Enable debug logging for this logger for a complete list of JARs that were scanned but no TLDs were found in them. Skipping unneeded JARs during scanning can improve startup time and JSP compilation time.
22-Jun-2021 09:49:34.654 INFO [main] org.apache.catalina.startup.HostConfig.deployDirectory Deployment of web application directory [D:\Netbean 8.2 rc\apache-tomcat-9.0.34\webapps\examples] has finished in [1,192] ms
22-Jun-2021 09:49:34.655 INFO [main] org.apache.catalina.startup.HostConfig.deployDirectory Deploying web application directory [D:\Netbean 8.2 rc\apache-tomcat-9.0.34\webapps\host-manager]
22-Jun-2021 09:49:34.719 INFO [main] org.apache.jasper.servlet.TldScanner.scanJars At least one JAR was scanned for TLDs yet contained no TLDs. Enable debug logging for this logger for a complete list of JARs that were scanned but no TLDs were found in them. Skipping unneeded JARs during scanning can improve startup time and JSP compilation time.
22-Jun-2021 09:49:34.722 INFO [main] org.apache.catalina.startup.HostConfig.deployDirectory Deployment of web application directory [D:\Netbean 8.2 rc\apache-tomcat-9.0.34\webapps\host-manager] has finished in [68] ms
22-Jun-2021 09:49:34.722 INFO [main] org.apache.catalina.startup.HostConfig.deployDirectory Deploying web application directory [D:\Netbean 8.2 rc\apache-tomcat-9.0.34\webapps\manager]
22-Jun-2021 09:49:34.780 INFO [main] org.apache.jasper.servlet.TldScanner.scanJars At least one JAR was scanned for TLDs yet contained no TLDs. Enable debug logging for this logger for a complete list of JARs that were scanned but no TLDs were found in them. Skipping unneeded JARs during scanning can improve startup time and JSP compilation time.
22-Jun-2021 09:49:34.781 INFO [main] org.apache.catalina.startup.HostConfig.deployDirectory Deployment of web application directory [D:\Netbean 8.2 rc\apache-tomcat-9.0.34\webapps\manager] has finished in [59] ms
22-Jun-2021 09:49:34.782 INFO [main] org.apache.catalina.startup.HostConfig.deployDirectory Deploying web application directory [D:\Netbean 8.2 rc\apache-tomcat-9.0.34\webapps\ROOT]
22-Jun-2021 09:49:34.840 INFO [main] org.apache.jasper.servlet.TldScanner.scanJars At least one JAR was scanned for TLDs yet contained no TLDs. Enable debug logging for this logger for a complete list of JARs that were scanned but no TLDs were found in them. Skipping unneeded JARs during scanning can improve startup time and JSP compilation time.
22-Jun-2021 09:49:34.841 INFO [main] org.apache.catalina.startup.HostConfig.deployDirectory Deployment of web application directory [D:\Netbean 8.2 rc\apache-tomcat-9.0.34\webapps\ROOT] has finished in [60] ms
22-Jun-2021 09:49:34.846 INFO [main] org.apache.coyote.AbstractProtocol.start Starting ProtocolHandler ["http-nio-8080"]
22-Jun-2021 09:49:34.857 INFO [main] org.apache.catalina.startup.Catalina.start Server startup in [4,001] milliseconds
22-Jun-2021 10:16:23.358 INFO [http-nio-8080-exec-7] org.apache.catalina.core.StandardContext.reload Reloading Context with name [/Project_Website_Ban_Hang] has started
22-Jun-2021 10:16:23.368 WARNING [http-nio-8080-exec-7] org.apache.catalina.loader.WebappClassLoaderBase.clearReferencesJdbc The web application [Project_Website_Ban_Hang] registered the JDBC driver [com.microsoft.sqlserver.jdbc.SQLServerDriver] but failed to unregister it when the web application was stopped. To prevent a memory leak, the JDBC Driver has been forcibly unregistered.
22-Jun-2021 10:16:23.370 SEVERE [http-nio-8080-exec-7] org.apache.catalina.loader.WebappClassLoaderBase.checkThreadLocalMapForLeaks The web application [Project_Website_Ban_Hang] created a ThreadLocal with key of type [com.microsoft.sqlserver.jdbc.ActivityCorrelator$1] (value [com.microsoft.sqlserver.jdbc.ActivityCorrelator$1@f70921c]) and a value of type [com.microsoft.sqlserver.jdbc.ActivityId] (value [0665089f-ba87-47aa-917b-338adc61355a-6]) but failed to remove it when the web application was stopped. Threads are going to be renewed over time to try and avoid a probable memory leak.
22-Jun-2021 10:16:23.370 SEVERE [http-nio-8080-exec-7] org.apache.catalina.loader.WebappClassLoaderBase.checkThreadLocalMapForLeaks The web application [Project_Website_Ban_Hang] created a ThreadLocal with key of type [com.microsoft.sqlserver.jdbc.ActivityCorrelator$1] (value [com.microsoft.sqlserver.jdbc.ActivityCorrelator$1@f70921c]) and a value of type [com.microsoft.sqlserver.jdbc.ActivityId] (value [a01f803d-b878-450d-b53f-238a79dcb4d1-5]) but failed to remove it when the web application was stopped. Threads are going to be renewed over time to try and avoid a probable memory leak.
22-Jun-2021 10:16:23.370 SEVERE [http-nio-8080-exec-7] org.apache.catalina.loader.WebappClassLoaderBase.checkThreadLocalMapForLeaks The web application [Project_Website_Ban_Hang] created a ThreadLocal with key of type [com.microsoft.sqlserver.jdbc.ActivityCorrelator$1] (value [com.microsoft.sqlserver.jdbc.ActivityCorrelator$1@f70921c]) and a value of type [com.microsoft.sqlserver.jdbc.ActivityId] (value [ba5c68b8-6733-4604-8cfb-cfc954fe64b5-3]) but failed to remove it when the web application was stopped. Threads are going to be renewed over time to try and avoid a probable memory leak.
22-Jun-2021 10:16:23.371 SEVERE [http-nio-8080-exec-7] org.apache.catalina.loader.WebappClassLoaderBase.checkThreadLocalMapForLeaks The web application [Project_Website_Ban_Hang] created a ThreadLocal with key of type [com.microsoft.sqlserver.jdbc.ActivityCorrelator$1] (value [com.microsoft.sqlserver.jdbc.ActivityCorrelator$1@f70921c]) and a value of type [com.microsoft.sqlserver.jdbc.ActivityId] (value [fd55549c-580a-4d0c-b5f9-c2de3992e9c2-6]) but failed to remove it when the web application was stopped. Threads are going to be renewed over time to try and avoid a probable memory leak.
22-Jun-2021 10:16:23.371 SEVERE [http-nio-8080-exec-7] org.apache.catalina.loader.WebappClassLoaderBase.checkThreadLocalMapForLeaks The web application [Project_Website_Ban_Hang] created a ThreadLocal with key of type [com.microsoft.sqlserver.jdbc.ActivityCorrelator$1] (value [com.microsoft.sqlserver.jdbc.ActivityCorrelator$1@f70921c]) and a value of type [com.microsoft.sqlserver.jdbc.ActivityId] (value [0a9c01b5-a548-4dd8-b60d-4560f1b3013a-11]) but failed to remove it when the web application was stopped. Threads are going to be renewed over time to try and avoid a probable memory leak.
22-Jun-2021 10:16:23.371 SEVERE [http-nio-8080-exec-7] org.apache.catalina.loader.WebappClassLoaderBase.checkThreadLocalMapForLeaks The web application [Project_Website_Ban_Hang] created a ThreadLocal with key of type [com.microsoft.sqlserver.jdbc.ActivityCorrelator$1] (value [com.microsoft.sqlserver.jdbc.ActivityCorrelator$1@f70921c]) and a value of type [com.microsoft.sqlserver.jdbc.ActivityId] (value [7027e950-8394-4402-84d8-38766da5d842-5]) but failed to remove it when the web application was stopped. Threads are going to be renewed over time to try and avoid a probable memory leak.
22-Jun-2021 10:16:23.431 SEVERE [http-nio-8080-exec-7] org.apache.catalina.loader.WebappClassLoaderBase.checkThreadLocalMapForLeaks The web application [Project_Website_Ban_Hang] created a ThreadLocal with key of type [com.microsoft.sqlserver.jdbc.ActivityCorrelator$1] (value [com.microsoft.sqlserver.jdbc.ActivityCorrelator$1@f70921c]) and a value of type [com.microsoft.sqlserver.jdbc.ActivityId] (value [fac15c02-5a48-4566-8ed5-efe09031fbe0-10]) but failed to remove it when the web application was stopped. Threads are going to be renewed over time to try and avoid a probable memory leak.
22-Jun-2021 10:16:23.432 SEVERE [http-nio-8080-exec-7] org.apache.catalina.loader.WebappClassLoaderBase.checkThreadLocalMapForLeaks The web application [Project_Website_Ban_Hang] created a ThreadLocal with key of type [com.microsoft.sqlserver.jdbc.ActivityCorrelator$1] (value [com.microsoft.sqlserver.jdbc.ActivityCorrelator$1@f70921c]) and a value of type [com.microsoft.sqlserver.jdbc.ActivityId] (value [2c55535b-a554-4b74-9bb8-78e7fbe50137-3]) but failed to remove it when the web application was stopped. Threads are going to be renewed over time to try and avoid a probable memory leak.
22-Jun-2021 10:16:23.690 INFO [http-nio-8080-exec-7] org.apache.jasper.servlet.TldScanner.scanJars At least one JAR was scanned for TLDs yet contained no TLDs. Enable debug logging for this logger for a complete list of JARs that were scanned but no TLDs were found in them. Skipping unneeded JARs during scanning can improve startup time and JSP compilation time.
22-Jun-2021 10:16:23.804 INFO [http-nio-8080-exec-7] org.apache.catalina.core.StandardContext.reload Reloading Context with name [/Project_Website_Ban_Hang] is completed
22-Jun-2021 10:16:24.140 INFO [http-nio-8080-exec-11] org.apache.catalina.core.StandardContext.reload Reloading Context with name [/Project_Website_Ban_Hang] has started
22-Jun-2021 10:16:24.335 INFO [http-nio-8080-exec-11] org.apache.jasper.servlet.TldScanner.scanJars At least one JAR was scanned for TLDs yet contained no TLDs. Enable debug logging for this logger for a complete list of JARs that were scanned but no TLDs were found in them. Skipping unneeded JARs during scanning can improve startup time and JSP compilation time.
22-Jun-2021 10:16:24.342 INFO [http-nio-8080-exec-11] org.apache.catalina.core.StandardContext.reload Reloading Context with name [/Project_Website_Ban_Hang] is completed
22-Jun-2021 10:16:48.710 INFO [http-nio-8080-exec-11] org.apache.catalina.core.StandardContext.reload Reloading Context with name [/Project_Website_Ban_Hang] has started
22-Jun-2021 10:16:48.868 INFO [http-nio-8080-exec-11] org.apache.jasper.servlet.TldScanner.scanJars At least one JAR was scanned for TLDs yet contained no TLDs. Enable debug logging for this logger for a complete list of JARs that were scanned but no TLDs were found in them. Skipping unneeded JARs during scanning can improve startup time and JSP compilation time.
22-Jun-2021 10:16:48.874 INFO [http-nio-8080-exec-11] org.apache.catalina.core.StandardContext.reload Reloading Context with name [/Project_Website_Ban_Hang] is completed
22-Jun-2021 10:17:20.317 SEVERE [http-nio-8080-exec-9] servlet.ManagerProductControl.doGet null
	java.lang.NullPointerException
		at servlet.ManagerProductControl.processRequest(ManagerProductControl.java:48)
		at servlet.ManagerProductControl.doGet(ManagerProductControl.java:72)
		at javax.servlet.http.HttpServlet.service(HttpServlet.java:634)
		at javax.servlet.http.HttpServlet.service(HttpServlet.java:741)
		at org.apache.catalina.core.ApplicationFilterChain.internalDoFilter(ApplicationFilterChain.java:231)
		at org.apache.catalina.core.ApplicationFilterChain.doFilter(ApplicationFilterChain.java:166)
		at org.apache.tomcat.websocket.server.WsFilter.doFilter(WsFilter.java:53)
		at org.apache.catalina.core.ApplicationFilterChain.internalDoFilter(ApplicationFilterChain.java:193)
		at org.apache.catalina.core.ApplicationFilterChain.doFilter(ApplicationFilterChain.java:166)
		at org.netbeans.modules.web.monitor.server.MonitorFilter.doFilter(MonitorFilter.java:368)
		at org.apache.catalina.core.ApplicationFilterChain.internalDoFilter(ApplicationFilterChain.java:193)
		at org.apache.catalina.core.ApplicationFilterChain.doFilter(ApplicationFilterChain.java:166)
		at org.apache.catalina.core.StandardWrapperValve.invoke(StandardWrapperValve.java:202)
		at org.apache.catalina.core.StandardContextValve.invoke(StandardContextValve.java:96)
		at org.apache.catalina.authenticator.AuthenticatorBase.invoke(AuthenticatorBase.java:541)
		at org.apache.catalina.core.StandardHostValve.invoke(StandardHostValve.java:139)
		at org.apache.catalina.valves.ErrorReportValve.invoke(ErrorReportValve.java:92)
		at org.apache.catalina.valves.AbstractAccessLogValve.invoke(AbstractAccessLogValve.java:690)
		at org.apache.catalina.core.StandardEngineValve.invoke(StandardEngineValve.java:74)
		at org.apache.catalina.connector.CoyoteAdapter.service(CoyoteAdapter.java:343)
		at org.apache.coyote.http11.Http11Processor.service(Http11Processor.java:373)
		at org.apache.coyote.AbstractProcessorLight.process(AbstractProcessorLight.java:65)
		at org.apache.coyote.AbstractProtocol$ConnectionHandler.process(AbstractProtocol.java:868)
		at org.apache.tomcat.util.net.NioEndpoint$SocketProcessor.doRun(NioEndpoint.java:1590)
		at org.apache.tomcat.util.net.SocketProcessorBase.run(SocketProcessorBase.java:49)
		at java.util.concurrent.ThreadPoolExecutor.runWorker(ThreadPoolExecutor.java:1142)
		at java.util.concurrent.ThreadPoolExecutor$Worker.run(ThreadPoolExecutor.java:617)
		at org.apache.tomcat.util.threads.TaskThread$WrappingRunnable.run(TaskThread.java:61)
		at java.lang.Thread.run(Thread.java:745)
22-Jun-2021 10:17:20.656 SEVERE [http-nio-8080-exec-1] servlet.ManagerProductControl.doGet null
	java.lang.NullPointerException
		at servlet.ManagerProductControl.processRequest(ManagerProductControl.java:48)
		at servlet.ManagerProductControl.doGet(ManagerProductControl.java:72)
		at javax.servlet.http.HttpServlet.service(HttpServlet.java:634)
		at javax.servlet.http.HttpServlet.service(HttpServlet.java:741)
		at org.apache.catalina.core.ApplicationFilterChain.internalDoFilter(ApplicationFilterChain.java:231)
		at org.apache.catalina.core.ApplicationFilterChain.doFilter(ApplicationFilterChain.java:166)
		at org.apache.tomcat.websocket.server.WsFilter.doFilter(WsFilter.java:53)
		at org.apache.catalina.core.ApplicationFilterChain.internalDoFilter(ApplicationFilterChain.java:193)
		at org.apache.catalina.core.ApplicationFilterChain.doFilter(ApplicationFilterChain.java:166)
		at org.netbeans.modules.web.monitor.server.MonitorFilter.doFilter(MonitorFilter.java:368)
		at org.apache.catalina.core.ApplicationFilterChain.internalDoFilter(ApplicationFilterChain.java:193)
		at org.apache.catalina.core.ApplicationFilterChain.doFilter(ApplicationFilterChain.java:166)
		at org.apache.catalina.core.StandardWrapperValve.invoke(StandardWrapperValve.java:202)
		at org.apache.catalina.core.StandardContextValve.invoke(StandardContextValve.java:96)
		at org.apache.catalina.authenticator.AuthenticatorBase.invoke(AuthenticatorBase.java:541)
		at org.apache.catalina.core.StandardHostValve.invoke(StandardHostValve.java:139)
		at org.apache.catalina.valves.ErrorReportValve.invoke(ErrorReportValve.java:92)
		at org.apache.catalina.valves.AbstractAccessLogValve.invoke(AbstractAccessLogValve.java:690)
		at org.apache.catalina.core.StandardEngineValve.invoke(StandardEngineValve.java:74)
		at org.apache.catalina.connector.CoyoteAdapter.service(CoyoteAdapter.java:343)
		at org.apache.coyote.http11.Http11Processor.service(Http11Processor.java:373)
		at org.apache.coyote.AbstractProcessorLight.process(AbstractProcessorLight.java:65)
		at org.apache.coyote.AbstractProtocol$ConnectionHandler.process(AbstractProtocol.java:868)
		at org.apache.tomcat.util.net.NioEndpoint$SocketProcessor.doRun(NioEndpoint.java:1590)
		at org.apache.tomcat.util.net.SocketProcessorBase.run(SocketProcessorBase.java:49)
		at java.util.concurrent.ThreadPoolExecutor.runWorker(ThreadPoolExecutor.java:1142)
		at java.util.concurrent.ThreadPoolExecutor$Worker.run(ThreadPoolExecutor.java:617)
		at org.apache.tomcat.util.threads.TaskThread$WrappingRunnable.run(TaskThread.java:61)
		at java.lang.Thread.run(Thread.java:745)
22-Jun-2021 10:17:20.788 SEVERE [http-nio-8080-exec-14] servlet.ManagerProductControl.doGet null
	java.lang.NullPointerException
		at servlet.ManagerProductControl.processRequest(ManagerProductControl.java:48)
		at servlet.ManagerProductControl.doGet(ManagerProductControl.java:72)
		at javax.servlet.http.HttpServlet.service(HttpServlet.java:634)
		at javax.servlet.http.HttpServlet.service(HttpServlet.java:741)
		at org.apache.catalina.core.ApplicationFilterChain.internalDoFilter(ApplicationFilterChain.java:231)
		at org.apache.catalina.core.ApplicationFilterChain.doFilter(ApplicationFilterChain.java:166)
		at org.apache.tomcat.websocket.server.WsFilter.doFilter(WsFilter.java:53)
		at org.apache.catalina.core.ApplicationFilterChain.internalDoFilter(ApplicationFilterChain.java:193)
		at org.apache.catalina.core.ApplicationFilterChain.doFilter(ApplicationFilterChain.java:166)
		at org.netbeans.modules.web.monitor.server.MonitorFilter.doFilter(MonitorFilter.java:368)
		at org.apache.catalina.core.ApplicationFilterChain.internalDoFilter(ApplicationFilterChain.java:193)
		at org.apache.catalina.core.ApplicationFilterChain.doFilter(ApplicationFilterChain.java:166)
		at org.apache.catalina.core.StandardWrapperValve.invoke(StandardWrapperValve.java:202)
		at org.apache.catalina.core.StandardContextValve.invoke(StandardContextValve.java:96)
		at org.apache.catalina.authenticator.AuthenticatorBase.invoke(AuthenticatorBase.java:541)
		at org.apache.catalina.core.StandardHostValve.invoke(StandardHostValve.java:139)
		at org.apache.catalina.valves.ErrorReportValve.invoke(ErrorReportValve.java:92)
		at org.apache.catalina.valves.AbstractAccessLogValve.invoke(AbstractAccessLogValve.java:690)
		at org.apache.catalina.core.StandardEngineValve.invoke(StandardEngineValve.java:74)
		at org.apache.catalina.connector.CoyoteAdapter.service(CoyoteAdapter.java:343)
		at org.apache.coyote.http11.Http11Processor.service(Http11Processor.java:373)
		at org.apache.coyote.AbstractProcessorLight.process(AbstractProcessorLight.java:65)
		at org.apache.coyote.AbstractProtocol$ConnectionHandler.process(AbstractProtocol.java:868)
		at org.apache.tomcat.util.net.NioEndpoint$SocketProcessor.doRun(NioEndpoint.java:1590)
		at org.apache.tomcat.util.net.SocketProcessorBase.run(SocketProcessorBase.java:49)
		at java.util.concurrent.ThreadPoolExecutor.runWorker(ThreadPoolExecutor.java:1142)
		at java.util.concurrent.ThreadPoolExecutor$Worker.run(ThreadPoolExecutor.java:617)
		at org.apache.tomcat.util.threads.TaskThread$WrappingRunnable.run(TaskThread.java:61)
		at java.lang.Thread.run(Thread.java:745)
22-Jun-2021 10:17:22.290 SEVERE [http-nio-8080-exec-5] servlet.ManagerProductControl.doGet null
	java.lang.NullPointerException
		at servlet.ManagerProductControl.processRequest(ManagerProductControl.java:48)
		at servlet.ManagerProductControl.doGet(ManagerProductControl.java:72)
		at javax.servlet.http.HttpServlet.service(HttpServlet.java:634)
		at javax.servlet.http.HttpServlet.service(HttpServlet.java:741)
		at org.apache.catalina.core.ApplicationFilterChain.internalDoFilter(ApplicationFilterChain.java:231)
		at org.apache.catalina.core.ApplicationFilterChain.doFilter(ApplicationFilterChain.java:166)
		at org.apache.tomcat.websocket.server.WsFilter.doFilter(WsFilter.java:53)
		at org.apache.catalina.core.ApplicationFilterChain.internalDoFilter(ApplicationFilterChain.java:193)
		at org.apache.catalina.core.ApplicationFilterChain.doFilter(ApplicationFilterChain.java:166)
		at org.netbeans.modules.web.monitor.server.MonitorFilter.doFilter(MonitorFilter.java:368)
		at org.apache.catalina.core.ApplicationFilterChain.internalDoFilter(ApplicationFilterChain.java:193)
		at org.apache.catalina.core.ApplicationFilterChain.doFilter(ApplicationFilterChain.java:166)
		at org.apache.catalina.core.StandardWrapperValve.invoke(StandardWrapperValve.java:202)
		at org.apache.catalina.core.StandardContextValve.invoke(StandardContextValve.java:96)
		at org.apache.catalina.authenticator.AuthenticatorBase.invoke(AuthenticatorBase.java:541)
		at org.apache.catalina.core.StandardHostValve.invoke(StandardHostValve.java:139)
		at org.apache.catalina.valves.ErrorReportValve.invoke(ErrorReportValve.java:92)
		at org.apache.catalina.valves.AbstractAccessLogValve.invoke(AbstractAccessLogValve.java:690)
		at org.apache.catalina.core.StandardEngineValve.invoke(StandardEngineValve.java:74)
		at org.apache.catalina.connector.CoyoteAdapter.service(CoyoteAdapter.java:343)
		at org.apache.coyote.http11.Http11Processor.service(Http11Processor.java:373)
		at org.apache.coyote.AbstractProcessorLight.process(AbstractProcessorLight.java:65)
		at org.apache.coyote.AbstractProtocol$ConnectionHandler.process(AbstractProtocol.java:868)
		at org.apache.tomcat.util.net.NioEndpoint$SocketProcessor.doRun(NioEndpoint.java:1590)
		at org.apache.tomcat.util.net.SocketProcessorBase.run(SocketProcessorBase.java:49)
		at java.util.concurrent.ThreadPoolExecutor.runWorker(ThreadPoolExecutor.java:1142)
		at java.util.concurrent.ThreadPoolExecutor$Worker.run(ThreadPoolExecutor.java:617)
		at org.apache.tomcat.util.threads.TaskThread$WrappingRunnable.run(TaskThread.java:61)
		at java.lang.Thread.run(Thread.java:745)
22-Jun-2021 10:17:22.631 SEVERE [http-nio-8080-exec-6] servlet.ManagerProductControl.doGet null
	java.lang.NullPointerException
		at servlet.ManagerProductControl.processRequest(ManagerProductControl.java:48)
		at servlet.ManagerProductControl.doGet(ManagerProductControl.java:72)
		at javax.servlet.http.HttpServlet.service(HttpServlet.java:634)
		at javax.servlet.http.HttpServlet.service(HttpServlet.java:741)
		at org.apache.catalina.core.ApplicationFilterChain.internalDoFilter(ApplicationFilterChain.java:231)
		at org.apache.catalina.core.ApplicationFilterChain.doFilter(ApplicationFilterChain.java:166)
		at org.apache.tomcat.websocket.server.WsFilter.doFilter(WsFilter.java:53)
		at org.apache.catalina.core.ApplicationFilterChain.internalDoFilter(ApplicationFilterChain.java:193)
		at org.apache.catalina.core.ApplicationFilterChain.doFilter(ApplicationFilterChain.java:166)
		at org.netbeans.modules.web.monitor.server.MonitorFilter.doFilter(MonitorFilter.java:368)
		at org.apache.catalina.core.ApplicationFilterChain.internalDoFilter(ApplicationFilterChain.java:193)
		at org.apache.catalina.core.ApplicationFilterChain.doFilter(ApplicationFilterChain.java:166)
		at org.apache.catalina.core.StandardWrapperValve.invoke(StandardWrapperValve.java:202)
		at org.apache.catalina.core.StandardContextValve.invoke(StandardContextValve.java:96)
		at org.apache.catalina.authenticator.AuthenticatorBase.invoke(AuthenticatorBase.java:541)
		at org.apache.catalina.core.StandardHostValve.invoke(StandardHostValve.java:139)
		at org.apache.catalina.valves.ErrorReportValve.invoke(ErrorReportValve.java:92)
		at org.apache.catalina.valves.AbstractAccessLogValve.invoke(AbstractAccessLogValve.java:690)
		at org.apache.catalina.core.StandardEngineValve.invoke(StandardEngineValve.java:74)
		at org.apache.catalina.connector.CoyoteAdapter.service(CoyoteAdapter.java:343)
		at org.apache.coyote.http11.Http11Processor.service(Http11Processor.java:373)
		at org.apache.coyote.AbstractProcessorLight.process(AbstractProcessorLight.java:65)
		at org.apache.coyote.AbstractProtocol$ConnectionHandler.process(AbstractProtocol.java:868)
		at org.apache.tomcat.util.net.NioEndpoint$SocketProcessor.doRun(NioEndpoint.java:1590)
		at org.apache.tomcat.util.net.SocketProcessorBase.run(SocketProcessorBase.java:49)
		at java.util.concurrent.ThreadPoolExecutor.runWorker(ThreadPoolExecutor.java:1142)
		at java.util.concurrent.ThreadPoolExecutor$Worker.run(ThreadPoolExecutor.java:617)
		at org.apache.tomcat.util.threads.TaskThread$WrappingRunnable.run(TaskThread.java:61)
		at java.lang.Thread.run(Thread.java:745)
22-Jun-2021 10:17:22.825 SEVERE [http-nio-8080-exec-15] servlet.ManagerProductControl.doGet null
	java.lang.NullPointerException
		at servlet.ManagerProductControl.processRequest(ManagerProductControl.java:48)
		at servlet.ManagerProductControl.doGet(ManagerProductControl.java:72)
		at javax.servlet.http.HttpServlet.service(HttpServlet.java:634)
		at javax.servlet.http.HttpServlet.service(HttpServlet.java:741)
		at org.apache.catalina.core.ApplicationFilterChain.internalDoFilter(ApplicationFilterChain.java:231)
		at org.apache.catalina.core.ApplicationFilterChain.doFilter(ApplicationFilterChain.java:166)
		at org.apache.tomcat.websocket.server.WsFilter.doFilter(WsFilter.java:53)
		at org.apache.catalina.core.ApplicationFilterChain.internalDoFilter(ApplicationFilterChain.java:193)
		at org.apache.catalina.core.ApplicationFilterChain.doFilter(ApplicationFilterChain.java:166)
		at org.netbeans.modules.web.monitor.server.MonitorFilter.doFilter(MonitorFilter.java:368)
		at org.apache.catalina.core.ApplicationFilterChain.internalDoFilter(ApplicationFilterChain.java:193)
		at org.apache.catalina.core.ApplicationFilterChain.doFilter(ApplicationFilterChain.java:166)
		at org.apache.catalina.core.StandardWrapperValve.invoke(StandardWrapperValve.java:202)
		at org.apache.catalina.core.StandardContextValve.invoke(StandardContextValve.java:96)
		at org.apache.catalina.authenticator.AuthenticatorBase.invoke(AuthenticatorBase.java:541)
		at org.apache.catalina.core.StandardHostValve.invoke(StandardHostValve.java:139)
		at org.apache.catalina.valves.ErrorReportValve.invoke(ErrorReportValve.java:92)
		at org.apache.catalina.valves.AbstractAccessLogValve.invoke(AbstractAccessLogValve.java:690)
		at org.apache.catalina.core.StandardEngineValve.invoke(StandardEngineValve.java:74)
		at org.apache.catalina.connector.CoyoteAdapter.service(CoyoteAdapter.java:343)
		at org.apache.coyote.http11.Http11Processor.service(Http11Processor.java:373)
		at org.apache.coyote.AbstractProcessorLight.process(AbstractProcessorLight.java:65)
		at org.apache.coyote.AbstractProtocol$ConnectionHandler.process(AbstractProtocol.java:868)
		at org.apache.tomcat.util.net.NioEndpoint$SocketProcessor.doRun(NioEndpoint.java:1590)
		at org.apache.tomcat.util.net.SocketProcessorBase.run(SocketProcessorBase.java:49)
		at java.util.concurrent.ThreadPoolExecutor.runWorker(ThreadPoolExecutor.java:1142)
		at java.util.concurrent.ThreadPoolExecutor$Worker.run(ThreadPoolExecutor.java:617)
		at org.apache.tomcat.util.threads.TaskThread$WrappingRunnable.run(TaskThread.java:61)
		at java.lang.Thread.run(Thread.java:745)
22-Jun-2021 10:17:29.003 INFO [http-nio-8080-exec-13] org.apache.catalina.core.StandardContext.reload Reloading Context with name [/Project_Website_Ban_Hang] has started
22-Jun-2021 10:17:29.149 INFO [http-nio-8080-exec-13] org.apache.jasper.servlet.TldScanner.scanJars At least one JAR was scanned for TLDs yet contained no TLDs. Enable debug logging for this logger for a complete list of JARs that were scanned but no TLDs were found in them. Skipping unneeded JARs during scanning can improve startup time and JSP compilation time.
22-Jun-2021 10:17:29.160 INFO [http-nio-8080-exec-13] org.apache.catalina.core.StandardContext.reload Reloading Context with name [/Project_Website_Ban_Hang] is completed
22-Jun-2021 10:18:27.299 INFO [http-nio-8080-exec-25] org.apache.catalina.core.StandardContext.reload Reloading Context with name [/Project_Website_Ban_Hang] has started
22-Jun-2021 10:18:27.308 WARNING [http-nio-8080-exec-25] org.apache.catalina.loader.WebappClassLoaderBase.clearReferencesJdbc The web application [Project_Website_Ban_Hang] registered the JDBC driver [com.microsoft.sqlserver.jdbc.SQLServerDriver] but failed to unregister it when the web application was stopped. To prevent a memory leak, the JDBC Driver has been forcibly unregistered.
22-Jun-2021 10:18:27.460 INFO [http-nio-8080-exec-25] org.apache.jasper.servlet.TldScanner.scanJars At least one JAR was scanned for TLDs yet contained no TLDs. Enable debug logging for this logger for a complete list of JARs that were scanned but no TLDs were found in them. Skipping unneeded JARs during scanning can improve startup time and JSP compilation time.
22-Jun-2021 10:18:27.471 INFO [http-nio-8080-exec-25] org.apache.catalina.core.StandardContext.reload Reloading Context with name [/Project_Website_Ban_Hang] is completed
22-Jun-2021 10:21:04.440 INFO [http-nio-8080-exec-25] org.apache.catalina.core.StandardContext.reload Reloading Context with name [/Project_Website_Ban_Hang] has started
22-Jun-2021 10:21:04.622 INFO [http-nio-8080-exec-25] org.apache.jasper.servlet.TldScanner.scanJars At least one JAR was scanned for TLDs yet contained no TLDs. Enable debug logging for this logger for a complete list of JARs that were scanned but no TLDs were found in them. Skipping unneeded JARs during scanning can improve startup time and JSP compilation time.
22-Jun-2021 10:21:04.627 INFO [http-nio-8080-exec-25] org.apache.catalina.core.StandardContext.reload Reloading Context with name [/Project_Website_Ban_Hang] is completed
22-Jun-2021 10:21:04.733 INFO [http-nio-8080-exec-19] org.apache.catalina.core.StandardContext.reload Reloading Context with name [/Project_Website_Ban_Hang] has started
22-Jun-2021 10:21:04.918 INFO [http-nio-8080-exec-19] org.apache.jasper.servlet.TldScanner.scanJars At least one JAR was scanned for TLDs yet contained no TLDs. Enable debug logging for this logger for a complete list of JARs that were scanned but no TLDs were found in them. Skipping unneeded JARs during scanning can improve startup time and JSP compilation time.
22-Jun-2021 10:21:04.924 INFO [http-nio-8080-exec-19] org.apache.catalina.core.StandardContext.reload Reloading Context with name [/Project_Website_Ban_Hang] is completed
22-Jun-2021 10:21:06.407 INFO [http-nio-8080-exec-22] org.apache.catalina.core.StandardContext.reload Reloading Context with name [/Project_Website_Ban_Hang] has started
22-Jun-2021 10:21:06.583 INFO [http-nio-8080-exec-22] org.apache.jasper.servlet.TldScanner.scanJars At least one JAR was scanned for TLDs yet contained no TLDs. Enable debug logging for this logger for a complete list of JARs that were scanned but no TLDs were found in them. Skipping unneeded JARs during scanning can improve startup time and JSP compilation time.
22-Jun-2021 10:21:06.588 INFO [http-nio-8080-exec-22] org.apache.catalina.core.StandardContext.reload Reloading Context with name [/Project_Website_Ban_Hang] is completed
22-Jun-2021 10:23:38.013 INFO [http-nio-8080-exec-29] org.apache.catalina.core.StandardContext.reload Reloading Context with name [/Project_Website_Ban_Hang] has started
22-Jun-2021 10:23:38.022 WARNING [http-nio-8080-exec-29] org.apache.catalina.loader.WebappClassLoaderBase.clearReferencesJdbc The web application [Project_Website_Ban_Hang] registered the JDBC driver [com.microsoft.sqlserver.jdbc.SQLServerDriver] but failed to unregister it when the web application was stopped. To prevent a memory leak, the JDBC Driver has been forcibly unregistered.
22-Jun-2021 10:23:38.023 SEVERE [http-nio-8080-exec-29] org.apache.catalina.loader.WebappClassLoaderBase.checkThreadLocalMapForLeaks The web application [Project_Website_Ban_Hang] created a ThreadLocal with key of type [com.microsoft.sqlserver.jdbc.ActivityCorrelator$1] (value [com.microsoft.sqlserver.jdbc.ActivityCorrelator$1@64ad3085]) and a value of type [com.microsoft.sqlserver.jdbc.ActivityId] (value [ce0f851c-c621-4aff-91ae-6202f09471ef-1]) but failed to remove it when the web application was stopped. Threads are going to be renewed over time to try and avoid a probable memory leak.
22-Jun-2021 10:23:38.023 SEVERE [http-nio-8080-exec-29] org.apache.catalina.loader.WebappClassLoaderBase.checkThreadLocalMapForLeaks The web application [Project_Website_Ban_Hang] created a ThreadLocal with key of type [com.microsoft.sqlserver.jdbc.ActivityCorrelator$1] (value [com.microsoft.sqlserver.jdbc.ActivityCorrelator$1@64ad3085]) and a value of type [com.microsoft.sqlserver.jdbc.ActivityId] (value [e4dd45b1-d408-4d2a-86b9-8900f33d3271-1]) but failed to remove it when the web application was stopped. Threads are going to be renewed over time to try and avoid a probable memory leak.
22-Jun-2021 10:23:38.023 SEVERE [http-nio-8080-exec-29] org.apache.catalina.loader.WebappClassLoaderBase.checkThreadLocalMapForLeaks The web application [Project_Website_Ban_Hang] created a ThreadLocal with key of type [com.microsoft.sqlserver.jdbc.ActivityCorrelator$1] (value [com.microsoft.sqlserver.jdbc.ActivityCorrelator$1@64ad3085]) and a value of type [com.microsoft.sqlserver.jdbc.ActivityId] (value [53983ac3-d2da-4891-b2a9-6b04f124db64-2]) but failed to remove it when the web application was stopped. Threads are going to be renewed over time to try and avoid a probable memory leak.
22-Jun-2021 10:23:38.179 INFO [http-nio-8080-exec-29] org.apache.jasper.servlet.TldScanner.scanJars At least one JAR was scanned for TLDs yet contained no TLDs. Enable debug logging for this logger for a complete list of JARs that were scanned but no TLDs were found in them. Skipping unneeded JARs during scanning can improve startup time and JSP compilation time.
22-Jun-2021 10:23:38.191 INFO [http-nio-8080-exec-29] org.apache.catalina.core.StandardContext.reload Reloading Context with name [/Project_Website_Ban_Hang] is completed
22-Jun-2021 10:24:01.437 INFO [http-nio-8080-exec-29] org.apache.catalina.core.StandardContext.reload Reloading Context with name [/Project_Website_Ban_Hang] has started
22-Jun-2021 10:24:01.578 INFO [http-nio-8080-exec-29] org.apache.jasper.servlet.TldScanner.scanJars At least one JAR was scanned for TLDs yet contained no TLDs. Enable debug logging for this logger for a complete list of JARs that were scanned but no TLDs were found in them. Skipping unneeded JARs during scanning can improve startup time and JSP compilation time.
22-Jun-2021 10:24:01.584 INFO [http-nio-8080-exec-29] org.apache.catalina.core.StandardContext.reload Reloading Context with name [/Project_Website_Ban_Hang] is completed
22-Jun-2021 10:26:36.987 INFO [http-nio-8080-exec-29] org.apache.catalina.core.StandardContext.reload Reloading Context with name [/Project_Website_Ban_Hang] has started
22-Jun-2021 10:26:37.147 INFO [http-nio-8080-exec-29] org.apache.jasper.servlet.TldScanner.scanJars At least one JAR was scanned for TLDs yet contained no TLDs. Enable debug logging for this logger for a complete list of JARs that were scanned but no TLDs were found in them. Skipping unneeded JARs during scanning can improve startup time and JSP compilation time.
22-Jun-2021 10:26:37.157 INFO [http-nio-8080-exec-29] org.apache.catalina.core.StandardContext.reload Reloading Context with name [/Project_Website_Ban_Hang] is completed
22-Jun-2021 10:27:59.960 INFO [http-nio-8080-exec-29] org.apache.catalina.core.StandardContext.reload Reloading Context with name [/Project_Website_Ban_Hang] has started
22-Jun-2021 10:28:00.151 INFO [http-nio-8080-exec-29] org.apache.jasper.servlet.TldScanner.scanJars At least one JAR was scanned for TLDs yet contained no TLDs. Enable debug logging for this logger for a complete list of JARs that were scanned but no TLDs were found in them. Skipping unneeded JARs during scanning can improve startup time and JSP compilation time.
22-Jun-2021 10:28:00.157 INFO [http-nio-8080-exec-29] org.apache.catalina.core.StandardContext.reload Reloading Context with name [/Project_Website_Ban_Hang] is completed
22-Jun-2021 10:28:00.167 INFO [http-nio-8080-exec-29] org.apache.catalina.core.StandardContext.reload Reloading Context with name [/Project_Website_Ban_Hang] has started
22-Jun-2021 10:28:00.338 INFO [http-nio-8080-exec-29] org.apache.jasper.servlet.TldScanner.scanJars At least one JAR was scanned for TLDs yet contained no TLDs. Enable debug logging for this logger for a complete list of JARs that were scanned but no TLDs were found in them. Skipping unneeded JARs during scanning can improve startup time and JSP compilation time.
22-Jun-2021 10:28:00.345 INFO [http-nio-8080-exec-29] org.apache.catalina.core.StandardContext.reload Reloading Context with name [/Project_Website_Ban_Hang] is completed
22-Jun-2021 10:40:01.307 INFO [http-nio-8080-exec-53] org.apache.catalina.core.StandardContext.reload Reloading Context with name [/Project_Website_Ban_Hang] has started
22-Jun-2021 10:40:01.319 WARNING [http-nio-8080-exec-53] org.apache.catalina.loader.WebappClassLoaderBase.clearReferencesJdbc The web application [Project_Website_Ban_Hang] registered the JDBC driver [com.microsoft.sqlserver.jdbc.SQLServerDriver] but failed to unregister it when the web application was stopped. To prevent a memory leak, the JDBC Driver has been forcibly unregistered.
22-Jun-2021 10:40:01.319 SEVERE [http-nio-8080-exec-53] org.apache.catalina.loader.WebappClassLoaderBase.checkThreadLocalMapForLeaks The web application [Project_Website_Ban_Hang] created a ThreadLocal with key of type [com.microsoft.sqlserver.jdbc.ActivityCorrelator$1] (value [com.microsoft.sqlserver.jdbc.ActivityCorrelator$1@1783025e]) and a value of type [com.microsoft.sqlserver.jdbc.ActivityId] (value [794b3d07-e4a5-44ac-871b-6dc7738a80bc-11]) but failed to remove it when the web application was stopped. Threads are going to be renewed over time to try and avoid a probable memory leak.
22-Jun-2021 10:40:01.319 SEVERE [http-nio-8080-exec-53] org.apache.catalina.loader.WebappClassLoaderBase.checkThreadLocalMapForLeaks The web application [Project_Website_Ban_Hang] created a ThreadLocal with key of type [com.microsoft.sqlserver.jdbc.ActivityCorrelator$1] (value [com.microsoft.sqlserver.jdbc.ActivityCorrelator$1@1783025e]) and a value of type [com.microsoft.sqlserver.jdbc.ActivityId] (value [88468c80-07ca-42dd-81cf-42d169673035-4]) but failed to remove it when the web application was stopped. Threads are going to be renewed over time to try and avoid a probable memory leak.
22-Jun-2021 10:40:01.319 SEVERE [http-nio-8080-exec-53] org.apache.catalina.loader.WebappClassLoaderBase.checkThreadLocalMapForLeaks The web application [Project_Website_Ban_Hang] created a ThreadLocal with key of type [com.microsoft.sqlserver.jdbc.ActivityCorrelator$1] (value [com.microsoft.sqlserver.jdbc.ActivityCorrelator$1@1783025e]) and a value of type [com.microsoft.sqlserver.jdbc.ActivityId] (value [5ec0b6d5-f93d-47e8-9a06-cbbe51634b32-4]) but failed to remove it when the web application was stopped. Threads are going to be renewed over time to try and avoid a probable memory leak.
22-Jun-2021 10:40:01.462 INFO [http-nio-8080-exec-53] org.apache.jasper.servlet.TldScanner.scanJars At least one JAR was scanned for TLDs yet contained no TLDs. Enable debug logging for this logger for a complete list of JARs that were scanned but no TLDs were found in them. Skipping unneeded JARs during scanning can improve startup time and JSP compilation time.
22-Jun-2021 10:40:01.472 INFO [http-nio-8080-exec-53] org.apache.catalina.core.StandardContext.reload Reloading Context with name [/Project_Website_Ban_Hang] is completed
22-Jun-2021 10:40:24.307 INFO [http-nio-8080-exec-46] org.apache.catalina.core.StandardContext.reload Reloading Context with name [/Project_Website_Ban_Hang] has started
22-Jun-2021 10:40:24.462 INFO [http-nio-8080-exec-46] org.apache.jasper.servlet.TldScanner.scanJars At least one JAR was scanned for TLDs yet contained no TLDs. Enable debug logging for this logger for a complete list of JARs that were scanned but no TLDs were found in them. Skipping unneeded JARs during scanning can improve startup time and JSP compilation time.
22-Jun-2021 10:40:24.468 INFO [http-nio-8080-exec-46] org.apache.catalina.core.StandardContext.reload Reloading Context with name [/Project_Website_Ban_Hang] is completed
22-Jun-2021 10:41:31.861 INFO [http-nio-8080-exec-64] org.apache.catalina.core.StandardContext.reload Reloading Context with name [/Project_Website_Ban_Hang] has started
22-Jun-2021 10:41:31.865 WARNING [http-nio-8080-exec-64] org.apache.catalina.loader.WebappClassLoaderBase.clearReferencesJdbc The web application [Project_Website_Ban_Hang] registered the JDBC driver [com.microsoft.sqlserver.jdbc.SQLServerDriver] but failed to unregister it when the web application was stopped. To prevent a memory leak, the JDBC Driver has been forcibly unregistered.
22-Jun-2021 10:41:31.865 SEVERE [http-nio-8080-exec-64] org.apache.catalina.loader.WebappClassLoaderBase.checkThreadLocalMapForLeaks The web application [Project_Website_Ban_Hang] created a ThreadLocal with key of type [com.microsoft.sqlserver.jdbc.ActivityCorrelator$1] (value [com.microsoft.sqlserver.jdbc.ActivityCorrelator$1@4fa68377]) and a value of type [com.microsoft.sqlserver.jdbc.ActivityId] (value [74d12e6f-f5cf-46a0-adc9-7f6b3fd29cfe-3]) but failed to remove it when the web application was stopped. Threads are going to be renewed over time to try and avoid a probable memory leak.
22-Jun-2021 10:41:32.015 INFO [http-nio-8080-exec-64] org.apache.jasper.servlet.TldScanner.scanJars At least one JAR was scanned for TLDs yet contained no TLDs. Enable debug logging for this logger for a complete list of JARs that were scanned but no TLDs were found in them. Skipping unneeded JARs during scanning can improve startup time and JSP compilation time.
22-Jun-2021 10:41:32.025 INFO [http-nio-8080-exec-64] org.apache.catalina.core.StandardContext.reload Reloading Context with name [/Project_Website_Ban_Hang] is completed
22-Jun-2021 10:41:33.014 INFO [http-nio-8080-exec-63] org.apache.catalina.core.StandardContext.reload Reloading Context with name [/Project_Website_Ban_Hang] has started
22-Jun-2021 10:41:33.166 INFO [http-nio-8080-exec-63] org.apache.jasper.servlet.TldScanner.scanJars At least one JAR was scanned for TLDs yet contained no TLDs. Enable debug logging for this logger for a complete list of JARs that were scanned but no TLDs were found in them. Skipping unneeded JARs during scanning can improve startup time and JSP compilation time.
22-Jun-2021 10:41:33.171 INFO [http-nio-8080-exec-63] org.apache.catalina.core.StandardContext.reload Reloading Context with name [/Project_Website_Ban_Hang] is completed
22-Jun-2021 10:53:16.190 INFO [main] org.apache.catalina.core.StandardServer.await A valid shutdown command was received via the shutdown port. Stopping the Server instance.
22-Jun-2021 10:53:16.190 INFO [main] org.apache.coyote.AbstractProtocol.pause Pausing ProtocolHandler ["http-nio-8080"]
22-Jun-2021 10:53:16.536 INFO [main] org.apache.catalina.core.StandardService.stopInternal Stopping service [Catalina]
22-Jun-2021 10:53:17.056 WARNING [main] org.apache.catalina.loader.WebappClassLoaderBase.clearReferencesJdbc The web application [Project_Website_Ban_Hang] registered the JDBC driver [com.microsoft.sqlserver.jdbc.SQLServerDriver] but failed to unregister it when the web application was stopped. To prevent a memory leak, the JDBC Driver has been forcibly unregistered.
22-Jun-2021 10:53:17.056 SEVERE [main] org.apache.catalina.loader.WebappClassLoaderBase.checkThreadLocalMapForLeaks The web application [Project_Website_Ban_Hang] created a ThreadLocal with key of type [com.microsoft.sqlserver.jdbc.ActivityCorrelator$1] (value [com.microsoft.sqlserver.jdbc.ActivityCorrelator$1@7e52a26b]) and a value of type [com.microsoft.sqlserver.jdbc.ActivityId] (value [f99d7a9e-d988-4963-8dc4-be09352abea0-5]) but failed to remove it when the web application was stopped. Threads are going to be renewed over time to try and avoid a probable memory leak.
22-Jun-2021 10:53:17.056 SEVERE [main] org.apache.catalina.loader.WebappClassLoaderBase.checkThreadLocalMapForLeaks The web application [Project_Website_Ban_Hang] created a ThreadLocal with key of type [com.microsoft.sqlserver.jdbc.ActivityCorrelator$1] (value [com.microsoft.sqlserver.jdbc.ActivityCorrelator$1@7e52a26b]) and a value of type [com.microsoft.sqlserver.jdbc.ActivityId] (value [1a01824a-e779-4990-a81c-bb033f5db16d-6]) but failed to remove it when the web application was stopped. Threads are going to be renewed over time to try and avoid a probable memory leak.
22-Jun-2021 10:53:17.056 SEVERE [main] org.apache.catalina.loader.WebappClassLoaderBase.checkThreadLocalMapForLeaks The web application [Project_Website_Ban_Hang] created a ThreadLocal with key of type [com.microsoft.sqlserver.jdbc.ActivityCorrelator$1] (value [com.microsoft.sqlserver.jdbc.ActivityCorrelator$1@7e52a26b]) and a value of type [com.microsoft.sqlserver.jdbc.ActivityId] (value [47404b64-1f14-4ad5-9bd8-c969d29dbf41-1]) but failed to remove it when the web application was stopped. Threads are going to be renewed over time to try and avoid a probable memory leak.
22-Jun-2021 10:53:17.056 SEVERE [main] org.apache.catalina.loader.WebappClassLoaderBase.checkThreadLocalMapForLeaks The web application [Project_Website_Ban_Hang] created a ThreadLocal with key of type [com.microsoft.sqlserver.jdbc.ActivityCorrelator$1] (value [com.microsoft.sqlserver.jdbc.ActivityCorrelator$1@7e52a26b]) and a value of type [com.microsoft.sqlserver.jdbc.ActivityId] (value [9facc8e0-4e6a-44ab-bb30-8ec8d3db39e1-6]) but failed to remove it when the web application was stopped. Threads are going to be renewed over time to try and avoid a probable memory leak.
22-Jun-2021 10:53:17.057 SEVERE [main] org.apache.catalina.loader.WebappClassLoaderBase.checkThreadLocalMapForLeaks The web application [Project_Website_Ban_Hang] created a ThreadLocal with key of type [com.microsoft.sqlserver.jdbc.ActivityCorrelator$1] (value [com.microsoft.sqlserver.jdbc.ActivityCorrelator$1@7e52a26b]) and a value of type [com.microsoft.sqlserver.jdbc.ActivityId] (value [235b2f04-ac99-42c5-b125-7959cd8f5fcc-5]) but failed to remove it when the web application was stopped. Threads are going to be renewed over time to try and avoid a probable memory leak.
22-Jun-2021 10:53:17.057 SEVERE [main] org.apache.catalina.loader.WebappClassLoaderBase.checkThreadLocalMapForLeaks The web application [Project_Website_Ban_Hang] created a ThreadLocal with key of type [com.microsoft.sqlserver.jdbc.ActivityCorrelator$1] (value [com.microsoft.sqlserver.jdbc.ActivityCorrelator$1@7e52a26b]) and a value of type [com.microsoft.sqlserver.jdbc.ActivityId] (value [9eef8d4d-b118-44a4-8f83-b39c638285f5-2]) but failed to remove it when the web application was stopped. Threads are going to be renewed over time to try and avoid a probable memory leak.
22-Jun-2021 10:53:17.057 SEVERE [main] org.apache.catalina.loader.WebappClassLoaderBase.checkThreadLocalMapForLeaks The web application [Project_Website_Ban_Hang] created a ThreadLocal with key of type [com.microsoft.sqlserver.jdbc.ActivityCorrelator$1] (value [com.microsoft.sqlserver.jdbc.ActivityCorrelator$1@7e52a26b]) and a value of type [com.microsoft.sqlserver.jdbc.ActivityId] (value [8d840a08-6f75-4e44-bc4a-56f90bebc912-3]) but failed to remove it when the web application was stopped. Threads are going to be renewed over time to try and avoid a probable memory leak.
22-Jun-2021 10:53:17.144 SEVERE [main] org.apache.catalina.loader.WebappClassLoaderBase.checkThreadLocalMapForLeaks The web application [Project_Website_Ban_Hang] created a ThreadLocal with key of type [com.microsoft.sqlserver.jdbc.ActivityCorrelator$1] (value [com.microsoft.sqlserver.jdbc.ActivityCorrelator$1@7e52a26b]) and a value of type [com.microsoft.sqlserver.jdbc.ActivityId] (value [864b8edb-bbc2-45dd-a7a1-9a131fffd5a0-6]) but failed to remove it when the web application was stopped. Threads are going to be renewed over time to try and avoid a probable memory leak.
22-Jun-2021 10:53:17.150 INFO [main] org.apache.catalina.core.StandardWrapper.unload Waiting for [3] instance(s) to be deallocated for Servlet [Manager]
22-Jun-2021 10:53:17.451 INFO [main] org.apache.coyote.AbstractProtocol.stop Stopping ProtocolHandler ["http-nio-8080"]
22-Jun-2021 10:53:17.454 INFO [main] org.apache.coyote.AbstractProtocol.destroy Destroying ProtocolHandler ["http-nio-8080"]
