02-Jun-2021 21:40:00.716 INFO [main] org.apache.catalina.startup.VersionLoggerListener.log Server version name:   Apache Tomcat/9.0.34
02-Jun-2021 21:40:00.726 INFO [main] org.apache.catalina.startup.VersionLoggerListener.log Server built:          Apr 3 2020 12:02:52 UTC
02-Jun-2021 21:40:00.726 INFO [main] org.apache.catalina.startup.VersionLoggerListener.log Server version number: 9.0.34.0
02-Jun-2021 21:40:00.726 INFO [main] org.apache.catalina.startup.VersionLoggerListener.log OS Name:               Windows 10
02-Jun-2021 21:40:00.726 INFO [main] org.apache.catalina.startup.VersionLoggerListener.log OS Version:            10.0
02-Jun-2021 21:40:00.726 INFO [main] org.apache.catalina.startup.VersionLoggerListener.log Architecture:          amd64
02-Jun-2021 21:40:00.726 INFO [main] org.apache.catalina.startup.VersionLoggerListener.log Java Home:             C:\Program Files\Java\jdk1.8.0_111\jre
02-Jun-2021 21:40:00.726 INFO [main] org.apache.catalina.startup.VersionLoggerListener.log JVM Version:           1.8.0_111-b14
02-Jun-2021 21:40:00.726 INFO [main] org.apache.catalina.startup.VersionLoggerListener.log JVM Vendor:            Oracle Corporation
02-Jun-2021 21:40:00.726 INFO [main] org.apache.catalina.startup.VersionLoggerListener.log CATALINA_BASE:         D:\Netbean 8.2 rc\apache-tomcat-9.0.34
02-Jun-2021 21:40:00.726 INFO [main] org.apache.catalina.startup.VersionLoggerListener.log CATALINA_HOME:         D:\Netbean 8.2 rc\apache-tomcat-9.0.34
02-Jun-2021 21:40:00.726 INFO [main] org.apache.catalina.startup.VersionLoggerListener.log Command line argument: -Djava.util.logging.config.file=D:\Netbean 8.2 rc\apache-tomcat-9.0.34\conf\logging.properties
02-Jun-2021 21:40:00.726 INFO [main] org.apache.catalina.startup.VersionLoggerListener.log Command line argument: -Djava.util.logging.manager=org.apache.juli.ClassLoaderLogManager
02-Jun-2021 21:40:00.726 INFO [main] org.apache.catalina.startup.VersionLoggerListener.log Command line argument: -Djdk.tls.ephemeralDHKeySize=2048
02-Jun-2021 21:40:00.726 INFO [main] org.apache.catalina.startup.VersionLoggerListener.log Command line argument: -Djava.protocol.handler.pkgs=org.apache.catalina.webresources
02-Jun-2021 21:40:00.726 INFO [main] org.apache.catalina.startup.VersionLoggerListener.log Command line argument: -Dignore.endorsed.dirs=
02-Jun-2021 21:40:00.726 INFO [main] org.apache.catalina.startup.VersionLoggerListener.log Command line argument: -Dcatalina.base=D:\Netbean 8.2 rc\apache-tomcat-9.0.34
02-Jun-2021 21:40:00.726 INFO [main] org.apache.catalina.startup.VersionLoggerListener.log Command line argument: -Dcatalina.home=D:\Netbean 8.2 rc\apache-tomcat-9.0.34
02-Jun-2021 21:40:00.726 INFO [main] org.apache.catalina.startup.VersionLoggerListener.log Command line argument: -Djava.io.tmpdir=D:\Netbean 8.2 rc\apache-tomcat-9.0.34\temp
02-Jun-2021 21:40:00.726 INFO [main] org.apache.catalina.core.AprLifecycleListener.lifecycleEvent Loaded APR based Apache Tomcat Native library [1.2.23] using APR version [1.7.0].
02-Jun-2021 21:40:00.726 INFO [main] org.apache.catalina.core.AprLifecycleListener.lifecycleEvent APR capabilities: IPv6 [true], sendfile [true], accept filters [false], random [true].
02-Jun-2021 21:40:00.726 INFO [main] org.apache.catalina.core.AprLifecycleListener.lifecycleEvent APR/OpenSSL configuration: useAprConnector [false], useOpenSSL [true]
02-Jun-2021 21:40:00.833 INFO [main] org.apache.catalina.core.AprLifecycleListener.initializeSSL OpenSSL successfully initialized [OpenSSL 1.1.1c  28 May 2019]
02-Jun-2021 21:40:01.205 INFO [main] org.apache.coyote.AbstractProtocol.init Initializing ProtocolHandler ["http-nio-8080"]
02-Jun-2021 21:40:01.546 INFO [main] org.apache.catalina.startup.Catalina.load Server initialization in [1,187] milliseconds
02-Jun-2021 21:40:01.689 INFO [main] org.apache.catalina.core.StandardService.startInternal Starting service [Catalina]
02-Jun-2021 21:40:01.689 INFO [main] org.apache.catalina.core.StandardEngine.startInternal Starting Servlet engine: [Apache Tomcat/9.0.34]
02-Jun-2021 21:40:01.714 INFO [main] org.apache.catalina.startup.HostConfig.deployDescriptor Deploying deployment descriptor [D:\Netbean 8.2 rc\apache-tomcat-9.0.34\conf\Catalina\localhost\Day1_Calculator.xml]
02-Jun-2021 21:40:01.743 WARNING [main] org.apache.catalina.startup.HostConfig.deployDescriptor The path attribute with value [/Day1_Calculator] in deployment descriptor [D:\Netbean 8.2 rc\apache-tomcat-9.0.34\conf\Catalina\localhost\Day1_Calculator.xml] has been ignored
02-Jun-2021 21:40:02.233 INFO [main] org.apache.jasper.servlet.TldScanner.scanJars At least one JAR was scanned for TLDs yet contained no TLDs. Enable debug logging for this logger for a complete list of JARs that were scanned but no TLDs were found in them. Skipping unneeded JARs during scanning can improve startup time and JSP compilation time.
02-Jun-2021 21:40:02.285 INFO [main] org.apache.catalina.startup.HostConfig.deployDescriptor Deployment of deployment descriptor [D:\Netbean 8.2 rc\apache-tomcat-9.0.34\conf\Catalina\localhost\Day1_Calculator.xml] has finished in [571] ms
02-Jun-2021 21:40:02.285 INFO [main] org.apache.catalina.startup.HostConfig.deployDescriptor Deploying deployment descriptor [D:\Netbean 8.2 rc\apache-tomcat-9.0.34\conf\Catalina\localhost\Day1_MVC.xml]
02-Jun-2021 21:40:02.285 WARNING [main] org.apache.catalina.startup.HostConfig.deployDescriptor The path attribute with value [/Day1_MVC] in deployment descriptor [D:\Netbean 8.2 rc\apache-tomcat-9.0.34\conf\Catalina\localhost\Day1_MVC.xml] has been ignored
02-Jun-2021 21:40:02.386 INFO [main] org.apache.jasper.servlet.TldScanner.scanJars At least one JAR was scanned for TLDs yet contained no TLDs. Enable debug logging for this logger for a complete list of JARs that were scanned but no TLDs were found in them. Skipping unneeded JARs during scanning can improve startup time and JSP compilation time.
02-Jun-2021 21:40:02.386 INFO [main] org.apache.catalina.startup.HostConfig.deployDescriptor Deployment of deployment descriptor [D:\Netbean 8.2 rc\apache-tomcat-9.0.34\conf\Catalina\localhost\Day1_MVC.xml] has finished in [101] ms
02-Jun-2021 21:40:02.391 INFO [main] org.apache.catalina.startup.HostConfig.deployDescriptor Deploying deployment descriptor [D:\Netbean 8.2 rc\apache-tomcat-9.0.34\conf\Catalina\localhost\Hello.xml]
02-Jun-2021 21:40:02.391 WARNING [main] org.apache.catalina.startup.HostConfig.deployDescriptor The path attribute with value [/Hello] in deployment descriptor [D:\Netbean 8.2 rc\apache-tomcat-9.0.34\conf\Catalina\localhost\Hello.xml] has been ignored
02-Jun-2021 21:40:02.463 INFO [main] org.apache.jasper.servlet.TldScanner.scanJars At least one JAR was scanned for TLDs yet contained no TLDs. Enable debug logging for this logger for a complete list of JARs that were scanned but no TLDs were found in them. Skipping unneeded JARs during scanning can improve startup time and JSP compilation time.
02-Jun-2021 21:40:02.463 INFO [main] org.apache.catalina.startup.HostConfig.deployDescriptor Deployment of deployment descriptor [D:\Netbean 8.2 rc\apache-tomcat-9.0.34\conf\Catalina\localhost\Hello.xml] has finished in [72] ms
02-Jun-2021 21:40:02.463 INFO [main] org.apache.catalina.startup.HostConfig.deployDescriptor Deploying deployment descriptor [D:\Netbean 8.2 rc\apache-tomcat-9.0.34\conf\Catalina\localhost\Hello_JSP.xml]
02-Jun-2021 21:40:02.463 WARNING [main] org.apache.catalina.startup.HostConfig.deployDescriptor The path attribute with value [/Hello_JSP] in deployment descriptor [D:\Netbean 8.2 rc\apache-tomcat-9.0.34\conf\Catalina\localhost\Hello_JSP.xml] has been ignored
02-Jun-2021 21:40:02.526 INFO [main] org.apache.jasper.servlet.TldScanner.scanJars At least one JAR was scanned for TLDs yet contained no TLDs. Enable debug logging for this logger for a complete list of JARs that were scanned but no TLDs were found in them. Skipping unneeded JARs during scanning can improve startup time and JSP compilation time.
02-Jun-2021 21:40:02.526 INFO [main] org.apache.catalina.startup.HostConfig.deployDescriptor Deployment of deployment descriptor [D:\Netbean 8.2 rc\apache-tomcat-9.0.34\conf\Catalina\localhost\Hello_JSP.xml] has finished in [63] ms
02-Jun-2021 21:40:02.526 INFO [main] org.apache.catalina.startup.HostConfig.deployDescriptor Deploying deployment descriptor [D:\Netbean 8.2 rc\apache-tomcat-9.0.34\conf\Catalina\localhost\Page_Directive.xml]
02-Jun-2021 21:40:02.536 WARNING [main] org.apache.catalina.startup.HostConfig.deployDescriptor The path attribute with value [/Page_Directive] in deployment descriptor [D:\Netbean 8.2 rc\apache-tomcat-9.0.34\conf\Catalina\localhost\Page_Directive.xml] has been ignored
02-Jun-2021 21:40:02.913 INFO [main] org.apache.jasper.servlet.TldScanner.scanJars At least one JAR was scanned for TLDs yet contained no TLDs. Enable debug logging for this logger for a complete list of JARs that were scanned but no TLDs were found in them. Skipping unneeded JARs during scanning can improve startup time and JSP compilation time.
02-Jun-2021 21:40:02.955 INFO [main] org.apache.catalina.startup.HostConfig.deployDescriptor Deployment of deployment descriptor [D:\Netbean 8.2 rc\apache-tomcat-9.0.34\conf\Catalina\localhost\Page_Directive.xml] has finished in [429] ms
02-Jun-2021 21:40:02.955 INFO [main] org.apache.catalina.startup.HostConfig.deployDescriptor Deploying deployment descriptor [D:\Netbean 8.2 rc\apache-tomcat-9.0.34\conf\Catalina\localhost\SimpleD.xml]
02-Jun-2021 21:40:02.955 WARNING [main] org.apache.catalina.startup.HostConfig.deployDescriptor The path attribute with value [/SimpleD] in deployment descriptor [D:\Netbean 8.2 rc\apache-tomcat-9.0.34\conf\Catalina\localhost\SimpleD.xml] has been ignored
02-Jun-2021 21:40:03.043 INFO [main] org.apache.jasper.servlet.TldScanner.scanJars At least one JAR was scanned for TLDs yet contained no TLDs. Enable debug logging for this logger for a complete list of JARs that were scanned but no TLDs were found in them. Skipping unneeded JARs during scanning can improve startup time and JSP compilation time.
02-Jun-2021 21:40:03.043 INFO [main] org.apache.catalina.startup.HostConfig.deployDescriptor Deployment of deployment descriptor [D:\Netbean 8.2 rc\apache-tomcat-9.0.34\conf\Catalina\localhost\SimpleD.xml] has finished in [88] ms
02-Jun-2021 21:40:03.043 INFO [main] org.apache.catalina.startup.HostConfig.deployDescriptor Deploying deployment descriptor [D:\Netbean 8.2 rc\apache-tomcat-9.0.34\conf\Catalina\localhost\SimpleDate.xml]
02-Jun-2021 21:40:03.051 WARNING [main] org.apache.catalina.startup.HostConfig.deployDescriptor The path attribute with value [/SimpleDate] in deployment descriptor [D:\Netbean 8.2 rc\apache-tomcat-9.0.34\conf\Catalina\localhost\SimpleDate.xml] has been ignored
02-Jun-2021 21:40:03.105 INFO [main] org.apache.jasper.servlet.TldScanner.scanJars At least one JAR was scanned for TLDs yet contained no TLDs. Enable debug logging for this logger for a complete list of JARs that were scanned but no TLDs were found in them. Skipping unneeded JARs during scanning can improve startup time and JSP compilation time.
02-Jun-2021 21:40:03.105 INFO [main] org.apache.catalina.startup.HostConfig.deployDescriptor Deployment of deployment descriptor [D:\Netbean 8.2 rc\apache-tomcat-9.0.34\conf\Catalina\localhost\SimpleDate.xml] has finished in [62] ms
02-Jun-2021 21:40:03.105 INFO [main] org.apache.catalina.startup.HostConfig.deployDirectory Deploying web application directory [D:\Netbean 8.2 rc\apache-tomcat-9.0.34\webapps\docs]
02-Jun-2021 21:40:03.191 INFO [main] org.apache.jasper.servlet.TldScanner.scanJars At least one JAR was scanned for TLDs yet contained no TLDs. Enable debug logging for this logger for a complete list of JARs that were scanned but no TLDs were found in them. Skipping unneeded JARs during scanning can improve startup time and JSP compilation time.
02-Jun-2021 21:40:03.191 INFO [main] org.apache.catalina.startup.HostConfig.deployDirectory Deployment of web application directory [D:\Netbean 8.2 rc\apache-tomcat-9.0.34\webapps\docs] has finished in [86] ms
02-Jun-2021 21:40:03.191 INFO [main] org.apache.catalina.startup.HostConfig.deployDirectory Deploying web application directory [D:\Netbean 8.2 rc\apache-tomcat-9.0.34\webapps\examples]
02-Jun-2021 21:40:03.986 INFO [main] org.apache.jasper.servlet.TldScanner.scanJars At least one JAR was scanned for TLDs yet contained no TLDs. Enable debug logging for this logger for a complete list of JARs that were scanned but no TLDs were found in them. Skipping unneeded JARs during scanning can improve startup time and JSP compilation time.
02-Jun-2021 21:40:04.028 INFO [main] org.apache.catalina.startup.HostConfig.deployDirectory Deployment of web application directory [D:\Netbean 8.2 rc\apache-tomcat-9.0.34\webapps\examples] has finished in [837] ms
02-Jun-2021 21:40:04.029 INFO [main] org.apache.catalina.startup.HostConfig.deployDirectory Deploying web application directory [D:\Netbean 8.2 rc\apache-tomcat-9.0.34\webapps\host-manager]
02-Jun-2021 21:40:04.169 INFO [main] org.apache.jasper.servlet.TldScanner.scanJars At least one JAR was scanned for TLDs yet contained no TLDs. Enable debug logging for this logger for a complete list of JARs that were scanned but no TLDs were found in them. Skipping unneeded JARs during scanning can improve startup time and JSP compilation time.
02-Jun-2021 21:40:04.179 INFO [main] org.apache.catalina.startup.HostConfig.deployDirectory Deployment of web application directory [D:\Netbean 8.2 rc\apache-tomcat-9.0.34\webapps\host-manager] has finished in [150] ms
02-Jun-2021 21:40:04.179 INFO [main] org.apache.catalina.startup.HostConfig.deployDirectory Deploying web application directory [D:\Netbean 8.2 rc\apache-tomcat-9.0.34\webapps\manager]
02-Jun-2021 21:40:04.256 INFO [main] org.apache.jasper.servlet.TldScanner.scanJars At least one JAR was scanned for TLDs yet contained no TLDs. Enable debug logging for this logger for a complete list of JARs that were scanned but no TLDs were found in them. Skipping unneeded JARs during scanning can improve startup time and JSP compilation time.
02-Jun-2021 21:40:04.266 INFO [main] org.apache.catalina.startup.HostConfig.deployDirectory Deployment of web application directory [D:\Netbean 8.2 rc\apache-tomcat-9.0.34\webapps\manager] has finished in [77] ms
02-Jun-2021 21:40:04.266 INFO [main] org.apache.catalina.startup.HostConfig.deployDirectory Deploying web application directory [D:\Netbean 8.2 rc\apache-tomcat-9.0.34\webapps\ROOT]
02-Jun-2021 21:40:04.301 INFO [main] org.apache.jasper.servlet.TldScanner.scanJars At least one JAR was scanned for TLDs yet contained no TLDs. Enable debug logging for this logger for a complete list of JARs that were scanned but no TLDs were found in them. Skipping unneeded JARs during scanning can improve startup time and JSP compilation time.
02-Jun-2021 21:40:04.301 INFO [main] org.apache.catalina.startup.HostConfig.deployDirectory Deployment of web application directory [D:\Netbean 8.2 rc\apache-tomcat-9.0.34\webapps\ROOT] has finished in [35] ms
02-Jun-2021 21:40:04.309 INFO [main] org.apache.coyote.AbstractProtocol.start Starting ProtocolHandler ["http-nio-8080"]
02-Jun-2021 21:40:04.316 INFO [main] org.apache.catalina.startup.Catalina.start Server startup in [2,770] milliseconds
02-Jun-2021 22:04:55.173 INFO [main] org.apache.catalina.core.StandardServer.await A valid shutdown command was received via the shutdown port. Stopping the Server instance.
02-Jun-2021 22:04:55.173 INFO [main] org.apache.coyote.AbstractProtocol.pause Pausing ProtocolHandler ["http-nio-8080"]
02-Jun-2021 22:04:55.510 INFO [main] org.apache.catalina.core.StandardService.stopInternal Stopping service [Catalina]
02-Jun-2021 22:04:55.605 WARNING [main] org.apache.catalina.loader.WebappClassLoaderBase.clearReferencesJdbc The web application [Page_Directive] registered the JDBC driver [com.microsoft.sqlserver.jdbc.SQLServerDriver] but failed to unregister it when the web application was stopped. To prevent a memory leak, the JDBC Driver has been forcibly unregistered.
02-Jun-2021 22:04:55.605 SEVERE [main] org.apache.catalina.loader.WebappClassLoaderBase.checkThreadLocalMapForLeaks The web application [Page_Directive] created a ThreadLocal with key of type [com.microsoft.sqlserver.jdbc.ActivityCorrelator$1] (value [com.microsoft.sqlserver.jdbc.ActivityCorrelator$1@2d746ce4]) and a value of type [com.microsoft.sqlserver.jdbc.ActivityId] (value [626329a1-a5dd-4f45-bb59-147cec736b39-1]) but failed to remove it when the web application was stopped. Threads are going to be renewed over time to try and avoid a probable memory leak.
02-Jun-2021 22:04:55.621 INFO [main] org.apache.catalina.core.StandardWrapper.unload Waiting for [3] instance(s) to be deallocated for Servlet [Manager]
02-Jun-2021 22:04:56.569 INFO [main] org.apache.coyote.AbstractProtocol.stop Stopping ProtocolHandler ["http-nio-8080"]
02-Jun-2021 22:04:56.576 INFO [main] org.apache.coyote.AbstractProtocol.destroy Destroying ProtocolHandler ["http-nio-8080"]
