19-Jun-2021 09:36:39.364 INFO [main] org.apache.catalina.core.ApplicationContext.log ContextListener: contextInitialized()
19-Jun-2021 09:36:39.364 INFO [main] org.apache.catalina.core.ApplicationContext.log SessionListener: contextInitialized()
19-Jun-2021 09:36:39.366 INFO [main] org.apache.catalina.core.ApplicationContext.log ContextListener: attributeAdded('StockTicker', 'async.Stockticker@2001e48c')
19-Jun-2021 11:45:53.707 INFO [main] org.apache.catalina.core.ApplicationContext.log SessionListener: contextDestroyed()
19-Jun-2021 11:45:53.707 INFO [main] org.apache.catalina.core.ApplicationContext.log ContextListener: contextDestroyed()
19-Jun-2021 12:29:54.088 INFO [main] org.apache.catalina.core.ApplicationContext.log ContextListener: contextInitialized()
19-Jun-2021 12:29:54.089 INFO [main] org.apache.catalina.core.ApplicationContext.log SessionListener: contextInitialized()
19-Jun-2021 12:29:54.091 INFO [main] org.apache.catalina.core.ApplicationContext.log ContextListener: attributeAdded('StockTicker', 'async.Stockticker@68ddd415')
19-Jun-2021 12:32:40.017 INFO [main] org.apache.catalina.core.ApplicationContext.log SessionListener: contextDestroyed()
19-Jun-2021 12:32:40.017 INFO [main] org.apache.catalina.core.ApplicationContext.log ContextListener: contextDestroyed()
19-Jun-2021 14:48:46.250 INFO [main] org.apache.catalina.core.ApplicationContext.log ContextListener: contextInitialized()
19-Jun-2021 14:48:46.250 INFO [main] org.apache.catalina.core.ApplicationContext.log SessionListener: contextInitialized()
19-Jun-2021 14:48:46.252 INFO [main] org.apache.catalina.core.ApplicationContext.log ContextListener: attributeAdded('StockTicker', 'async.Stockticker@14447be')
19-Jun-2021 15:31:23.385 INFO [main] org.apache.catalina.core.ApplicationContext.log SessionListener: contextDestroyed()
19-Jun-2021 15:31:23.385 INFO [main] org.apache.catalina.core.ApplicationContext.log ContextListener: contextDestroyed()
19-Jun-2021 17:21:26.693 INFO [main] org.apache.catalina.core.ApplicationContext.log ContextListener: contextInitialized()
19-Jun-2021 17:21:26.693 INFO [main] org.apache.catalina.core.ApplicationContext.log SessionListener: contextInitialized()
19-Jun-2021 17:21:26.695 INFO [main] org.apache.catalina.core.ApplicationContext.log ContextListener: attributeAdded('StockTicker', 'async.Stockticker@5eb5da12')
19-Jun-2021 17:44:37.244 INFO [main] org.apache.catalina.core.ApplicationContext.log SessionListener: contextDestroyed()
19-Jun-2021 17:44:37.244 INFO [main] org.apache.catalina.core.ApplicationContext.log ContextListener: contextDestroyed()
