09-Jun-2021 10:42:42.719 INFO [main] org.apache.catalina.startup.VersionLoggerListener.log Server version name:   Apache Tomcat/9.0.34
09-Jun-2021 10:42:42.720 INFO [main] org.apache.catalina.startup.VersionLoggerListener.log Server built:          Apr 3 2020 12:02:52 UTC
09-Jun-2021 10:42:42.720 INFO [main] org.apache.catalina.startup.VersionLoggerListener.log Server version number: 9.0.34.0
09-Jun-2021 10:42:42.721 INFO [main] org.apache.catalina.startup.VersionLoggerListener.log OS Name:               Windows 10
09-Jun-2021 10:42:42.721 INFO [main] org.apache.catalina.startup.VersionLoggerListener.log OS Version:            10.0
09-Jun-2021 10:42:42.721 INFO [main] org.apache.catalina.startup.VersionLoggerListener.log Architecture:          amd64
09-Jun-2021 10:42:42.721 INFO [main] org.apache.catalina.startup.VersionLoggerListener.log Java Home:             C:\Program Files\Java\jdk1.8.0_111\jre
09-Jun-2021 10:42:42.721 INFO [main] org.apache.catalina.startup.VersionLoggerListener.log JVM Version:           1.8.0_111-b14
09-Jun-2021 10:42:42.721 INFO [main] org.apache.catalina.startup.VersionLoggerListener.log JVM Vendor:            Oracle Corporation
09-Jun-2021 10:42:42.721 INFO [main] org.apache.catalina.startup.VersionLoggerListener.log CATALINA_BASE:         D:\Netbean 8.2 rc\apache-tomcat-9.0.34
09-Jun-2021 10:42:42.721 INFO [main] org.apache.catalina.startup.VersionLoggerListener.log CATALINA_HOME:         D:\Netbean 8.2 rc\apache-tomcat-9.0.34
09-Jun-2021 10:42:42.722 INFO [main] org.apache.catalina.startup.VersionLoggerListener.log Command line argument: -Djava.util.logging.config.file=D:\Netbean 8.2 rc\apache-tomcat-9.0.34\conf\logging.properties
09-Jun-2021 10:42:42.722 INFO [main] org.apache.catalina.startup.VersionLoggerListener.log Command line argument: -Djava.util.logging.manager=org.apache.juli.ClassLoaderLogManager
09-Jun-2021 10:42:42.722 INFO [main] org.apache.catalina.startup.VersionLoggerListener.log Command line argument: -Djdk.tls.ephemeralDHKeySize=2048
09-Jun-2021 10:42:42.723 INFO [main] org.apache.catalina.startup.VersionLoggerListener.log Command line argument: -Djava.protocol.handler.pkgs=org.apache.catalina.webresources
09-Jun-2021 10:42:42.723 INFO [main] org.apache.catalina.startup.VersionLoggerListener.log Command line argument: -Dignore.endorsed.dirs=
09-Jun-2021 10:42:42.723 INFO [main] org.apache.catalina.startup.VersionLoggerListener.log Command line argument: -Dcatalina.base=D:\Netbean 8.2 rc\apache-tomcat-9.0.34
09-Jun-2021 10:42:42.723 INFO [main] org.apache.catalina.startup.VersionLoggerListener.log Command line argument: -Dcatalina.home=D:\Netbean 8.2 rc\apache-tomcat-9.0.34
09-Jun-2021 10:42:42.723 INFO [main] org.apache.catalina.startup.VersionLoggerListener.log Command line argument: -Djava.io.tmpdir=D:\Netbean 8.2 rc\apache-tomcat-9.0.34\temp
09-Jun-2021 10:42:42.723 INFO [main] org.apache.catalina.core.AprLifecycleListener.lifecycleEvent Loaded APR based Apache Tomcat Native library [1.2.23] using APR version [1.7.0].
09-Jun-2021 10:42:42.723 INFO [main] org.apache.catalina.core.AprLifecycleListener.lifecycleEvent APR capabilities: IPv6 [true], sendfile [true], accept filters [false], random [true].
09-Jun-2021 10:42:42.723 INFO [main] org.apache.catalina.core.AprLifecycleListener.lifecycleEvent APR/OpenSSL configuration: useAprConnector [false], useOpenSSL [true]
09-Jun-2021 10:42:42.780 INFO [main] org.apache.catalina.core.AprLifecycleListener.initializeSSL OpenSSL successfully initialized [OpenSSL 1.1.1c  28 May 2019]
09-Jun-2021 10:42:43.102 INFO [main] org.apache.coyote.AbstractProtocol.init Initializing ProtocolHandler ["http-nio-8080"]
09-Jun-2021 10:42:43.390 INFO [main] org.apache.catalina.startup.Catalina.load Server initialization in [1,040] milliseconds
09-Jun-2021 10:42:43.495 INFO [main] org.apache.catalina.core.StandardService.startInternal Starting service [Catalina]
09-Jun-2021 10:42:43.495 INFO [main] org.apache.catalina.core.StandardEngine.startInternal Starting Servlet engine: [Apache Tomcat/9.0.34]
09-Jun-2021 10:42:43.515 INFO [main] org.apache.catalina.startup.HostConfig.deployDescriptor Deploying deployment descriptor [D:\Netbean 8.2 rc\apache-tomcat-9.0.34\conf\Catalina\localhost\Day1_Calculator.xml]
09-Jun-2021 10:42:43.558 WARNING [main] org.apache.catalina.startup.HostConfig.deployDescriptor The path attribute with value [/Day1_Calculator] in deployment descriptor [D:\Netbean 8.2 rc\apache-tomcat-9.0.34\conf\Catalina\localhost\Day1_Calculator.xml] has been ignored
09-Jun-2021 10:42:43.909 INFO [main] org.apache.jasper.servlet.TldScanner.scanJars At least one JAR was scanned for TLDs yet contained no TLDs. Enable debug logging for this logger for a complete list of JARs that were scanned but no TLDs were found in them. Skipping unneeded JARs during scanning can improve startup time and JSP compilation time.
09-Jun-2021 10:42:43.941 INFO [main] org.apache.catalina.startup.HostConfig.deployDescriptor Deployment of deployment descriptor [D:\Netbean 8.2 rc\apache-tomcat-9.0.34\conf\Catalina\localhost\Day1_Calculator.xml] has finished in [426] ms
09-Jun-2021 10:42:43.941 INFO [main] org.apache.catalina.startup.HostConfig.deployDescriptor Deploying deployment descriptor [D:\Netbean 8.2 rc\apache-tomcat-9.0.34\conf\Catalina\localhost\Day1_MVC.xml]
09-Jun-2021 10:42:43.942 WARNING [main] org.apache.catalina.startup.HostConfig.deployDescriptor The path attribute with value [/Day1_MVC] in deployment descriptor [D:\Netbean 8.2 rc\apache-tomcat-9.0.34\conf\Catalina\localhost\Day1_MVC.xml] has been ignored
09-Jun-2021 10:42:44.019 INFO [main] org.apache.jasper.servlet.TldScanner.scanJars At least one JAR was scanned for TLDs yet contained no TLDs. Enable debug logging for this logger for a complete list of JARs that were scanned but no TLDs were found in them. Skipping unneeded JARs during scanning can improve startup time and JSP compilation time.
09-Jun-2021 10:42:44.021 INFO [main] org.apache.catalina.startup.HostConfig.deployDescriptor Deployment of deployment descriptor [D:\Netbean 8.2 rc\apache-tomcat-9.0.34\conf\Catalina\localhost\Day1_MVC.xml] has finished in [80] ms
09-Jun-2021 10:42:44.021 INFO [main] org.apache.catalina.startup.HostConfig.deployDescriptor Deploying deployment descriptor [D:\Netbean 8.2 rc\apache-tomcat-9.0.34\conf\Catalina\localhost\Hello.xml]
09-Jun-2021 10:42:44.022 WARNING [main] org.apache.catalina.startup.HostConfig.deployDescriptor The path attribute with value [/Hello] in deployment descriptor [D:\Netbean 8.2 rc\apache-tomcat-9.0.34\conf\Catalina\localhost\Hello.xml] has been ignored
09-Jun-2021 10:42:44.089 INFO [main] org.apache.jasper.servlet.TldScanner.scanJars At least one JAR was scanned for TLDs yet contained no TLDs. Enable debug logging for this logger for a complete list of JARs that were scanned but no TLDs were found in them. Skipping unneeded JARs during scanning can improve startup time and JSP compilation time.
09-Jun-2021 10:42:44.091 INFO [main] org.apache.catalina.startup.HostConfig.deployDescriptor Deployment of deployment descriptor [D:\Netbean 8.2 rc\apache-tomcat-9.0.34\conf\Catalina\localhost\Hello.xml] has finished in [70] ms
09-Jun-2021 10:42:44.091 INFO [main] org.apache.catalina.startup.HostConfig.deployDescriptor Deploying deployment descriptor [D:\Netbean 8.2 rc\apache-tomcat-9.0.34\conf\Catalina\localhost\Hello_JSP.xml]
09-Jun-2021 10:42:44.093 WARNING [main] org.apache.catalina.startup.HostConfig.deployDescriptor The path attribute with value [/Hello_JSP] in deployment descriptor [D:\Netbean 8.2 rc\apache-tomcat-9.0.34\conf\Catalina\localhost\Hello_JSP.xml] has been ignored
09-Jun-2021 10:42:44.186 INFO [main] org.apache.jasper.servlet.TldScanner.scanJars At least one JAR was scanned for TLDs yet contained no TLDs. Enable debug logging for this logger for a complete list of JARs that were scanned but no TLDs were found in them. Skipping unneeded JARs during scanning can improve startup time and JSP compilation time.
09-Jun-2021 10:42:44.188 INFO [main] org.apache.catalina.startup.HostConfig.deployDescriptor Deployment of deployment descriptor [D:\Netbean 8.2 rc\apache-tomcat-9.0.34\conf\Catalina\localhost\Hello_JSP.xml] has finished in [97] ms
09-Jun-2021 10:42:44.188 INFO [main] org.apache.catalina.startup.HostConfig.deployDescriptor Deploying deployment descriptor [D:\Netbean 8.2 rc\apache-tomcat-9.0.34\conf\Catalina\localhost\Login_DoGet_DoPost.xml]
09-Jun-2021 10:42:44.189 WARNING [main] org.apache.catalina.startup.HostConfig.deployDescriptor The path attribute with value [/Login_DoGet_DoPost] in deployment descriptor [D:\Netbean 8.2 rc\apache-tomcat-9.0.34\conf\Catalina\localhost\Login_DoGet_DoPost.xml] has been ignored
09-Jun-2021 10:42:44.247 INFO [main] org.apache.jasper.servlet.TldScanner.scanJars At least one JAR was scanned for TLDs yet contained no TLDs. Enable debug logging for this logger for a complete list of JARs that were scanned but no TLDs were found in them. Skipping unneeded JARs during scanning can improve startup time and JSP compilation time.
09-Jun-2021 10:42:44.249 INFO [main] org.apache.catalina.startup.HostConfig.deployDescriptor Deployment of deployment descriptor [D:\Netbean 8.2 rc\apache-tomcat-9.0.34\conf\Catalina\localhost\Login_DoGet_DoPost.xml] has finished in [61] ms
09-Jun-2021 10:42:44.249 INFO [main] org.apache.catalina.startup.HostConfig.deployDescriptor Deploying deployment descriptor [D:\Netbean 8.2 rc\apache-tomcat-9.0.34\conf\Catalina\localhost\Login_Register_Apollo.xml]
09-Jun-2021 10:42:44.250 WARNING [main] org.apache.catalina.startup.HostConfig.deployDescriptor The path attribute with value [/Login_Register_Apollo] in deployment descriptor [D:\Netbean 8.2 rc\apache-tomcat-9.0.34\conf\Catalina\localhost\Login_Register_Apollo.xml] has been ignored
09-Jun-2021 10:42:44.296 INFO [main] org.apache.jasper.servlet.TldScanner.scanJars At least one JAR was scanned for TLDs yet contained no TLDs. Enable debug logging for this logger for a complete list of JARs that were scanned but no TLDs were found in them. Skipping unneeded JARs during scanning can improve startup time and JSP compilation time.
09-Jun-2021 10:42:44.298 INFO [main] org.apache.catalina.startup.HostConfig.deployDescriptor Deployment of deployment descriptor [D:\Netbean 8.2 rc\apache-tomcat-9.0.34\conf\Catalina\localhost\Login_Register_Apollo.xml] has finished in [49] ms
09-Jun-2021 10:42:44.298 INFO [main] org.apache.catalina.startup.HostConfig.deployDescriptor Deploying deployment descriptor [D:\Netbean 8.2 rc\apache-tomcat-9.0.34\conf\Catalina\localhost\MVC2Java_Database.xml]
09-Jun-2021 10:42:44.366 WARNING [main] org.apache.catalina.startup.HostConfig.deployDescriptor The path attribute with value [/MVC2Java_Database] in deployment descriptor [D:\Netbean 8.2 rc\apache-tomcat-9.0.34\conf\Catalina\localhost\MVC2Java_Database.xml] has been ignored
09-Jun-2021 10:42:44.868 INFO [main] org.apache.jasper.servlet.TldScanner.scanJars At least one JAR was scanned for TLDs yet contained no TLDs. Enable debug logging for this logger for a complete list of JARs that were scanned but no TLDs were found in them. Skipping unneeded JARs during scanning can improve startup time and JSP compilation time.
09-Jun-2021 10:42:44.903 INFO [main] org.apache.catalina.startup.HostConfig.deployDescriptor Deployment of deployment descriptor [D:\Netbean 8.2 rc\apache-tomcat-9.0.34\conf\Catalina\localhost\MVC2Java_Database.xml] has finished in [605] ms
09-Jun-2021 10:42:44.903 INFO [main] org.apache.catalina.startup.HostConfig.deployDescriptor Deploying deployment descriptor [D:\Netbean 8.2 rc\apache-tomcat-9.0.34\conf\Catalina\localhost\Page_Directive.xml]
09-Jun-2021 10:42:44.904 WARNING [main] org.apache.catalina.startup.HostConfig.deployDescriptor The path attribute with value [/Page_Directive] in deployment descriptor [D:\Netbean 8.2 rc\apache-tomcat-9.0.34\conf\Catalina\localhost\Page_Directive.xml] has been ignored
09-Jun-2021 10:42:45.142 INFO [main] org.apache.jasper.servlet.TldScanner.scanJars At least one JAR was scanned for TLDs yet contained no TLDs. Enable debug logging for this logger for a complete list of JARs that were scanned but no TLDs were found in them. Skipping unneeded JARs during scanning can improve startup time and JSP compilation time.
09-Jun-2021 10:42:45.143 INFO [main] org.apache.catalina.startup.HostConfig.deployDescriptor Deployment of deployment descriptor [D:\Netbean 8.2 rc\apache-tomcat-9.0.34\conf\Catalina\localhost\Page_Directive.xml] has finished in [240] ms
09-Jun-2021 10:42:45.143 INFO [main] org.apache.catalina.startup.HostConfig.deployDescriptor Deploying deployment descriptor [D:\Netbean 8.2 rc\apache-tomcat-9.0.34\conf\Catalina\localhost\SimpleD.xml]
09-Jun-2021 10:42:45.145 WARNING [main] org.apache.catalina.startup.HostConfig.deployDescriptor The path attribute with value [/SimpleD] in deployment descriptor [D:\Netbean 8.2 rc\apache-tomcat-9.0.34\conf\Catalina\localhost\SimpleD.xml] has been ignored
09-Jun-2021 10:42:45.207 INFO [main] org.apache.jasper.servlet.TldScanner.scanJars At least one JAR was scanned for TLDs yet contained no TLDs. Enable debug logging for this logger for a complete list of JARs that were scanned but no TLDs were found in them. Skipping unneeded JARs during scanning can improve startup time and JSP compilation time.
09-Jun-2021 10:42:45.208 INFO [main] org.apache.catalina.startup.HostConfig.deployDescriptor Deployment of deployment descriptor [D:\Netbean 8.2 rc\apache-tomcat-9.0.34\conf\Catalina\localhost\SimpleD.xml] has finished in [65] ms
09-Jun-2021 10:42:45.208 INFO [main] org.apache.catalina.startup.HostConfig.deployDescriptor Deploying deployment descriptor [D:\Netbean 8.2 rc\apache-tomcat-9.0.34\conf\Catalina\localhost\SimpleDate.xml]
09-Jun-2021 10:42:45.209 WARNING [main] org.apache.catalina.startup.HostConfig.deployDescriptor The path attribute with value [/SimpleDate] in deployment descriptor [D:\Netbean 8.2 rc\apache-tomcat-9.0.34\conf\Catalina\localhost\SimpleDate.xml] has been ignored
09-Jun-2021 10:42:45.266 INFO [main] org.apache.jasper.servlet.TldScanner.scanJars At least one JAR was scanned for TLDs yet contained no TLDs. Enable debug logging for this logger for a complete list of JARs that were scanned but no TLDs were found in them. Skipping unneeded JARs during scanning can improve startup time and JSP compilation time.
09-Jun-2021 10:42:45.267 INFO [main] org.apache.catalina.startup.HostConfig.deployDescriptor Deployment of deployment descriptor [D:\Netbean 8.2 rc\apache-tomcat-9.0.34\conf\Catalina\localhost\SimpleDate.xml] has finished in [59] ms
09-Jun-2021 10:42:45.268 INFO [main] org.apache.catalina.startup.HostConfig.deployDirectory Deploying web application directory [D:\Netbean 8.2 rc\apache-tomcat-9.0.34\webapps\docs]
09-Jun-2021 10:42:45.341 INFO [main] org.apache.jasper.servlet.TldScanner.scanJars At least one JAR was scanned for TLDs yet contained no TLDs. Enable debug logging for this logger for a complete list of JARs that were scanned but no TLDs were found in them. Skipping unneeded JARs during scanning can improve startup time and JSP compilation time.
09-Jun-2021 10:42:45.343 INFO [main] org.apache.catalina.startup.HostConfig.deployDirectory Deployment of web application directory [D:\Netbean 8.2 rc\apache-tomcat-9.0.34\webapps\docs] has finished in [75] ms
09-Jun-2021 10:42:45.343 INFO [main] org.apache.catalina.startup.HostConfig.deployDirectory Deploying web application directory [D:\Netbean 8.2 rc\apache-tomcat-9.0.34\webapps\examples]
09-Jun-2021 10:42:46.038 INFO [main] org.apache.jasper.servlet.TldScanner.scanJars At least one JAR was scanned for TLDs yet contained no TLDs. Enable debug logging for this logger for a complete list of JARs that were scanned but no TLDs were found in them. Skipping unneeded JARs during scanning can improve startup time and JSP compilation time.
09-Jun-2021 10:42:46.073 INFO [main] org.apache.catalina.startup.HostConfig.deployDirectory Deployment of web application directory [D:\Netbean 8.2 rc\apache-tomcat-9.0.34\webapps\examples] has finished in [730] ms
09-Jun-2021 10:42:46.073 INFO [main] org.apache.catalina.startup.HostConfig.deployDirectory Deploying web application directory [D:\Netbean 8.2 rc\apache-tomcat-9.0.34\webapps\host-manager]
09-Jun-2021 10:42:46.146 INFO [main] org.apache.jasper.servlet.TldScanner.scanJars At least one JAR was scanned for TLDs yet contained no TLDs. Enable debug logging for this logger for a complete list of JARs that were scanned but no TLDs were found in them. Skipping unneeded JARs during scanning can improve startup time and JSP compilation time.
09-Jun-2021 10:42:46.149 INFO [main] org.apache.catalina.startup.HostConfig.deployDirectory Deployment of web application directory [D:\Netbean 8.2 rc\apache-tomcat-9.0.34\webapps\host-manager] has finished in [76] ms
09-Jun-2021 10:42:46.149 INFO [main] org.apache.catalina.startup.HostConfig.deployDirectory Deploying web application directory [D:\Netbean 8.2 rc\apache-tomcat-9.0.34\webapps\manager]
09-Jun-2021 10:42:46.234 INFO [main] org.apache.jasper.servlet.TldScanner.scanJars At least one JAR was scanned for TLDs yet contained no TLDs. Enable debug logging for this logger for a complete list of JARs that were scanned but no TLDs were found in them. Skipping unneeded JARs during scanning can improve startup time and JSP compilation time.
09-Jun-2021 10:42:46.237 INFO [main] org.apache.catalina.startup.HostConfig.deployDirectory Deployment of web application directory [D:\Netbean 8.2 rc\apache-tomcat-9.0.34\webapps\manager] has finished in [87] ms
09-Jun-2021 10:42:46.237 INFO [main] org.apache.catalina.startup.HostConfig.deployDirectory Deploying web application directory [D:\Netbean 8.2 rc\apache-tomcat-9.0.34\webapps\ROOT]
09-Jun-2021 10:42:46.281 INFO [main] org.apache.jasper.servlet.TldScanner.scanJars At least one JAR was scanned for TLDs yet contained no TLDs. Enable debug logging for this logger for a complete list of JARs that were scanned but no TLDs were found in them. Skipping unneeded JARs during scanning can improve startup time and JSP compilation time.
09-Jun-2021 10:42:46.283 INFO [main] org.apache.catalina.startup.HostConfig.deployDirectory Deployment of web application directory [D:\Netbean 8.2 rc\apache-tomcat-9.0.34\webapps\ROOT] has finished in [46] ms
09-Jun-2021 10:42:46.286 INFO [main] org.apache.coyote.AbstractProtocol.start Starting ProtocolHandler ["http-nio-8080"]
09-Jun-2021 10:42:46.293 INFO [main] org.apache.catalina.startup.Catalina.start Server startup in [2,901] milliseconds
09-Jun-2021 10:44:21.019 WARNING [http-nio-8080-exec-3] org.apache.catalina.loader.WebappClassLoaderBase.clearReferencesJdbc The web application [MVC2Java_Database] registered the JDBC driver [com.microsoft.sqlserver.jdbc.SQLServerDriver] but failed to unregister it when the web application was stopped. To prevent a memory leak, the JDBC Driver has been forcibly unregistered.
09-Jun-2021 10:44:21.023 SEVERE [http-nio-8080-exec-3] org.apache.catalina.loader.WebappClassLoaderBase.checkThreadLocalMapForLeaks The web application [MVC2Java_Database] created a ThreadLocal with key of type [com.microsoft.sqlserver.jdbc.ActivityCorrelator$1] (value [com.microsoft.sqlserver.jdbc.ActivityCorrelator$1@1f3e755e]) and a value of type [com.microsoft.sqlserver.jdbc.ActivityId] (value [1c624ccc-f0f7-4f73-9fca-3dd9a5490eaa-1]) but failed to remove it when the web application was stopped. Threads are going to be renewed over time to try and avoid a probable memory leak.
09-Jun-2021 10:44:21.329 INFO [http-nio-8080-exec-3] org.apache.jasper.servlet.TldScanner.scanJars At least one JAR was scanned for TLDs yet contained no TLDs. Enable debug logging for this logger for a complete list of JARs that were scanned but no TLDs were found in them. Skipping unneeded JARs during scanning can improve startup time and JSP compilation time.
09-Jun-2021 10:44:22.004 INFO [http-nio-8080-exec-10] org.apache.jasper.servlet.TldScanner.scanJars At least one JAR was scanned for TLDs yet contained no TLDs. Enable debug logging for this logger for a complete list of JARs that were scanned but no TLDs were found in them. Skipping unneeded JARs during scanning can improve startup time and JSP compilation time.
09-Jun-2021 10:44:26.333 INFO [Catalina-utility-1] org.apache.catalina.startup.HostConfig.reload Reloading context [/MVC2Java_Database]
09-Jun-2021 10:44:26.333 INFO [Catalina-utility-1] org.apache.catalina.core.StandardContext.reload Reloading Context with name [/MVC2Java_Database] has started
09-Jun-2021 10:44:26.694 INFO [Catalina-utility-1] org.apache.jasper.servlet.TldScanner.scanJars At least one JAR was scanned for TLDs yet contained no TLDs. Enable debug logging for this logger for a complete list of JARs that were scanned but no TLDs were found in them. Skipping unneeded JARs during scanning can improve startup time and JSP compilation time.
09-Jun-2021 10:44:26.712 INFO [Catalina-utility-1] org.apache.catalina.core.StandardContext.reload Reloading Context with name [/MVC2Java_Database] is completed
09-Jun-2021 10:46:54.539 INFO [http-nio-8080-exec-6] org.apache.jasper.servlet.TldScanner.scanJars At least one JAR was scanned for TLDs yet contained no TLDs. Enable debug logging for this logger for a complete list of JARs that were scanned but no TLDs were found in them. Skipping unneeded JARs during scanning can improve startup time and JSP compilation time.
09-Jun-2021 10:46:54.772 INFO [http-nio-8080-exec-6] org.apache.jasper.servlet.TldScanner.scanJars At least one JAR was scanned for TLDs yet contained no TLDs. Enable debug logging for this logger for a complete list of JARs that were scanned but no TLDs were found in them. Skipping unneeded JARs during scanning can improve startup time and JSP compilation time.
09-Jun-2021 10:46:56.785 INFO [Catalina-utility-2] org.apache.catalina.startup.HostConfig.reload Reloading context [/MVC2Java_Database]
09-Jun-2021 10:46:56.785 INFO [Catalina-utility-2] org.apache.catalina.core.StandardContext.reload Reloading Context with name [/MVC2Java_Database] has started
09-Jun-2021 10:46:56.920 INFO [Catalina-utility-2] org.apache.jasper.servlet.TldScanner.scanJars At least one JAR was scanned for TLDs yet contained no TLDs. Enable debug logging for this logger for a complete list of JARs that were scanned but no TLDs were found in them. Skipping unneeded JARs during scanning can improve startup time and JSP compilation time.
09-Jun-2021 10:46:56.930 INFO [Catalina-utility-2] org.apache.catalina.core.StandardContext.reload Reloading Context with name [/MVC2Java_Database] is completed
09-Jun-2021 10:49:16.592 INFO [http-nio-8080-exec-28] org.apache.catalina.core.StandardContext.reload Reloading Context with name [/MVC2Java_Database] has started
09-Jun-2021 10:49:16.596 WARNING [http-nio-8080-exec-28] org.apache.catalina.loader.WebappClassLoaderBase.clearReferencesJdbc The web application [MVC2Java_Database] registered the JDBC driver [com.microsoft.sqlserver.jdbc.SQLServerDriver] but failed to unregister it when the web application was stopped. To prevent a memory leak, the JDBC Driver has been forcibly unregistered.
09-Jun-2021 10:49:16.969 INFO [http-nio-8080-exec-28] org.apache.jasper.servlet.TldScanner.scanJars At least one JAR was scanned for TLDs yet contained no TLDs. Enable debug logging for this logger for a complete list of JARs that were scanned but no TLDs were found in them. Skipping unneeded JARs during scanning can improve startup time and JSP compilation time.
09-Jun-2021 10:49:17.009 INFO [http-nio-8080-exec-28] org.apache.catalina.core.StandardContext.reload Reloading Context with name [/MVC2Java_Database] is completed
09-Jun-2021 10:53:57.954 INFO [http-nio-8080-exec-29] org.apache.catalina.core.StandardContext.reload Reloading Context with name [/MVC2Java_Database] has started
09-Jun-2021 10:53:58.177 INFO [http-nio-8080-exec-29] org.apache.jasper.servlet.TldScanner.scanJars At least one JAR was scanned for TLDs yet contained no TLDs. Enable debug logging for this logger for a complete list of JARs that were scanned but no TLDs were found in them. Skipping unneeded JARs during scanning can improve startup time and JSP compilation time.
09-Jun-2021 10:53:58.185 INFO [http-nio-8080-exec-29] org.apache.catalina.core.StandardContext.reload Reloading Context with name [/MVC2Java_Database] is completed
09-Jun-2021 11:00:19.493 INFO [http-nio-8080-exec-34] org.apache.catalina.core.StandardContext.reload Reloading Context with name [/MVC2Java_Database] has started
09-Jun-2021 11:00:19.637 INFO [http-nio-8080-exec-34] org.apache.jasper.servlet.TldScanner.scanJars At least one JAR was scanned for TLDs yet contained no TLDs. Enable debug logging for this logger for a complete list of JARs that were scanned but no TLDs were found in them. Skipping unneeded JARs during scanning can improve startup time and JSP compilation time.
09-Jun-2021 11:00:19.642 INFO [http-nio-8080-exec-34] org.apache.catalina.core.StandardContext.reload Reloading Context with name [/MVC2Java_Database] is completed
09-Jun-2021 11:03:23.073 INFO [http-nio-8080-exec-51] org.apache.catalina.core.StandardContext.reload Reloading Context with name [/MVC2Java_Database] has started
09-Jun-2021 11:03:23.078 WARNING [http-nio-8080-exec-51] org.apache.catalina.loader.WebappClassLoaderBase.clearReferencesJdbc The web application [MVC2Java_Database] registered the JDBC driver [com.microsoft.sqlserver.jdbc.SQLServerDriver] but failed to unregister it when the web application was stopped. To prevent a memory leak, the JDBC Driver has been forcibly unregistered.
09-Jun-2021 11:03:23.230 INFO [http-nio-8080-exec-51] org.apache.jasper.servlet.TldScanner.scanJars At least one JAR was scanned for TLDs yet contained no TLDs. Enable debug logging for this logger for a complete list of JARs that were scanned but no TLDs were found in them. Skipping unneeded JARs during scanning can improve startup time and JSP compilation time.
09-Jun-2021 11:03:23.245 INFO [http-nio-8080-exec-51] org.apache.catalina.core.StandardContext.reload Reloading Context with name [/MVC2Java_Database] is completed
09-Jun-2021 11:03:23.577 INFO [http-nio-8080-exec-43] org.apache.catalina.core.StandardContext.reload Reloading Context with name [/MVC2Java_Database] has started
09-Jun-2021 11:03:23.724 INFO [http-nio-8080-exec-43] org.apache.jasper.servlet.TldScanner.scanJars At least one JAR was scanned for TLDs yet contained no TLDs. Enable debug logging for this logger for a complete list of JARs that were scanned but no TLDs were found in them. Skipping unneeded JARs during scanning can improve startup time and JSP compilation time.
09-Jun-2021 11:03:23.731 INFO [http-nio-8080-exec-43] org.apache.catalina.core.StandardContext.reload Reloading Context with name [/MVC2Java_Database] is completed
09-Jun-2021 11:03:35.218 INFO [http-nio-8080-exec-53] org.apache.catalina.core.StandardContext.reload Reloading Context with name [/MVC2Java_Database] has started
09-Jun-2021 11:03:35.471 INFO [http-nio-8080-exec-53] org.apache.jasper.servlet.TldScanner.scanJars At least one JAR was scanned for TLDs yet contained no TLDs. Enable debug logging for this logger for a complete list of JARs that were scanned but no TLDs were found in them. Skipping unneeded JARs during scanning can improve startup time and JSP compilation time.
09-Jun-2021 11:03:35.475 INFO [http-nio-8080-exec-53] org.apache.catalina.core.StandardContext.reload Reloading Context with name [/MVC2Java_Database] is completed
09-Jun-2021 11:04:10.655 INFO [http-nio-8080-exec-54] org.apache.catalina.core.StandardContext.reload Reloading Context with name [/MVC2Java_Database] has started
09-Jun-2021 11:04:10.826 INFO [http-nio-8080-exec-54] org.apache.jasper.servlet.TldScanner.scanJars At least one JAR was scanned for TLDs yet contained no TLDs. Enable debug logging for this logger for a complete list of JARs that were scanned but no TLDs were found in them. Skipping unneeded JARs during scanning can improve startup time and JSP compilation time.
09-Jun-2021 11:04:10.833 INFO [http-nio-8080-exec-54] org.apache.catalina.core.StandardContext.reload Reloading Context with name [/MVC2Java_Database] is completed
09-Jun-2021 11:04:21.730 INFO [http-nio-8080-exec-55] org.apache.catalina.core.StandardContext.reload Reloading Context with name [/MVC2Java_Database] has started
09-Jun-2021 11:04:21.904 INFO [http-nio-8080-exec-55] org.apache.jasper.servlet.TldScanner.scanJars At least one JAR was scanned for TLDs yet contained no TLDs. Enable debug logging for this logger for a complete list of JARs that were scanned but no TLDs were found in them. Skipping unneeded JARs during scanning can improve startup time and JSP compilation time.
09-Jun-2021 11:04:21.912 INFO [http-nio-8080-exec-55] org.apache.catalina.core.StandardContext.reload Reloading Context with name [/MVC2Java_Database] is completed
09-Jun-2021 11:05:32.195 INFO [http-nio-8080-exec-44] org.apache.catalina.core.StandardContext.reload Reloading Context with name [/MVC2Java_Database] has started
09-Jun-2021 11:05:32.342 INFO [http-nio-8080-exec-44] org.apache.jasper.servlet.TldScanner.scanJars At least one JAR was scanned for TLDs yet contained no TLDs. Enable debug logging for this logger for a complete list of JARs that were scanned but no TLDs were found in them. Skipping unneeded JARs during scanning can improve startup time and JSP compilation time.
09-Jun-2021 11:05:32.349 INFO [http-nio-8080-exec-44] org.apache.catalina.core.StandardContext.reload Reloading Context with name [/MVC2Java_Database] is completed
09-Jun-2021 11:05:32.393 INFO [http-nio-8080-exec-57] org.apache.catalina.core.StandardContext.reload Reloading Context with name [/MVC2Java_Database] has started
09-Jun-2021 11:05:32.518 INFO [http-nio-8080-exec-57] org.apache.jasper.servlet.TldScanner.scanJars At least one JAR was scanned for TLDs yet contained no TLDs. Enable debug logging for this logger for a complete list of JARs that were scanned but no TLDs were found in them. Skipping unneeded JARs during scanning can improve startup time and JSP compilation time.
09-Jun-2021 11:05:32.523 INFO [http-nio-8080-exec-57] org.apache.catalina.core.StandardContext.reload Reloading Context with name [/MVC2Java_Database] is completed
09-Jun-2021 11:05:33.805 INFO [http-nio-8080-exec-43] org.apache.catalina.core.StandardContext.reload Reloading Context with name [/MVC2Java_Database] has started
09-Jun-2021 11:05:33.944 INFO [http-nio-8080-exec-43] org.apache.jasper.servlet.TldScanner.scanJars At least one JAR was scanned for TLDs yet contained no TLDs. Enable debug logging for this logger for a complete list of JARs that were scanned but no TLDs were found in them. Skipping unneeded JARs during scanning can improve startup time and JSP compilation time.
09-Jun-2021 11:05:33.949 INFO [http-nio-8080-exec-43] org.apache.catalina.core.StandardContext.reload Reloading Context with name [/MVC2Java_Database] is completed
09-Jun-2021 11:06:11.857 INFO [http-nio-8080-exec-64] org.apache.catalina.core.StandardContext.reload Reloading Context with name [/MVC2Java_Database] has started
09-Jun-2021 11:06:11.862 WARNING [http-nio-8080-exec-64] org.apache.catalina.loader.WebappClassLoaderBase.clearReferencesJdbc The web application [MVC2Java_Database] registered the JDBC driver [com.microsoft.sqlserver.jdbc.SQLServerDriver] but failed to unregister it when the web application was stopped. To prevent a memory leak, the JDBC Driver has been forcibly unregistered.
09-Jun-2021 11:06:12.014 INFO [http-nio-8080-exec-64] org.apache.jasper.servlet.TldScanner.scanJars At least one JAR was scanned for TLDs yet contained no TLDs. Enable debug logging for this logger for a complete list of JARs that were scanned but no TLDs were found in them. Skipping unneeded JARs during scanning can improve startup time and JSP compilation time.
09-Jun-2021 11:06:12.025 INFO [http-nio-8080-exec-64] org.apache.catalina.core.StandardContext.reload Reloading Context with name [/MVC2Java_Database] is completed
09-Jun-2021 11:06:12.097 INFO [http-nio-8080-exec-55] org.apache.catalina.core.StandardContext.reload Reloading Context with name [/MVC2Java_Database] has started
09-Jun-2021 11:06:12.242 INFO [http-nio-8080-exec-55] org.apache.jasper.servlet.TldScanner.scanJars At least one JAR was scanned for TLDs yet contained no TLDs. Enable debug logging for this logger for a complete list of JARs that were scanned but no TLDs were found in them. Skipping unneeded JARs during scanning can improve startup time and JSP compilation time.
09-Jun-2021 11:06:12.250 INFO [http-nio-8080-exec-55] org.apache.catalina.core.StandardContext.reload Reloading Context with name [/MVC2Java_Database] is completed
09-Jun-2021 11:06:23.327 INFO [http-nio-8080-exec-55] org.apache.catalina.core.StandardContext.reload Reloading Context with name [/MVC2Java_Database] has started
09-Jun-2021 11:06:23.495 INFO [http-nio-8080-exec-55] org.apache.jasper.servlet.TldScanner.scanJars At least one JAR was scanned for TLDs yet contained no TLDs. Enable debug logging for this logger for a complete list of JARs that were scanned but no TLDs were found in them. Skipping unneeded JARs during scanning can improve startup time and JSP compilation time.
09-Jun-2021 11:06:23.505 INFO [http-nio-8080-exec-55] org.apache.catalina.core.StandardContext.reload Reloading Context with name [/MVC2Java_Database] is completed
09-Jun-2021 11:06:23.587 INFO [http-nio-8080-exec-66] org.apache.catalina.core.StandardContext.reload Reloading Context with name [/MVC2Java_Database] has started
09-Jun-2021 11:06:23.741 INFO [http-nio-8080-exec-66] org.apache.jasper.servlet.TldScanner.scanJars At least one JAR was scanned for TLDs yet contained no TLDs. Enable debug logging for this logger for a complete list of JARs that were scanned but no TLDs were found in them. Skipping unneeded JARs during scanning can improve startup time and JSP compilation time.
09-Jun-2021 11:06:23.746 INFO [http-nio-8080-exec-66] org.apache.catalina.core.StandardContext.reload Reloading Context with name [/MVC2Java_Database] is completed
09-Jun-2021 11:06:32.008 INFO [http-nio-8080-exec-66] org.apache.catalina.core.StandardContext.reload Reloading Context with name [/MVC2Java_Database] has started
09-Jun-2021 11:06:32.179 INFO [http-nio-8080-exec-66] org.apache.jasper.servlet.TldScanner.scanJars At least one JAR was scanned for TLDs yet contained no TLDs. Enable debug logging for this logger for a complete list of JARs that were scanned but no TLDs were found in them. Skipping unneeded JARs during scanning can improve startup time and JSP compilation time.
09-Jun-2021 11:06:32.185 INFO [http-nio-8080-exec-66] org.apache.catalina.core.StandardContext.reload Reloading Context with name [/MVC2Java_Database] is completed
09-Jun-2021 11:06:32.219 INFO [http-nio-8080-exec-55] org.apache.catalina.core.StandardContext.reload Reloading Context with name [/MVC2Java_Database] has started
09-Jun-2021 11:06:32.359 INFO [http-nio-8080-exec-55] org.apache.jasper.servlet.TldScanner.scanJars At least one JAR was scanned for TLDs yet contained no TLDs. Enable debug logging for this logger for a complete list of JARs that were scanned but no TLDs were found in them. Skipping unneeded JARs during scanning can improve startup time and JSP compilation time.
09-Jun-2021 11:06:32.366 INFO [http-nio-8080-exec-55] org.apache.catalina.core.StandardContext.reload Reloading Context with name [/MVC2Java_Database] is completed
09-Jun-2021 11:06:36.747 INFO [http-nio-8080-exec-55] org.apache.catalina.core.StandardContext.reload Reloading Context with name [/MVC2Java_Database] has started
09-Jun-2021 11:06:36.879 INFO [http-nio-8080-exec-55] org.apache.jasper.servlet.TldScanner.scanJars At least one JAR was scanned for TLDs yet contained no TLDs. Enable debug logging for this logger for a complete list of JARs that were scanned but no TLDs were found in them. Skipping unneeded JARs during scanning can improve startup time and JSP compilation time.
09-Jun-2021 11:06:36.883 INFO [http-nio-8080-exec-55] org.apache.catalina.core.StandardContext.reload Reloading Context with name [/MVC2Java_Database] is completed
09-Jun-2021 11:06:37.210 INFO [http-nio-8080-exec-66] org.apache.catalina.core.StandardContext.reload Reloading Context with name [/MVC2Java_Database] has started
09-Jun-2021 11:06:37.327 INFO [http-nio-8080-exec-66] org.apache.jasper.servlet.TldScanner.scanJars At least one JAR was scanned for TLDs yet contained no TLDs. Enable debug logging for this logger for a complete list of JARs that were scanned but no TLDs were found in them. Skipping unneeded JARs during scanning can improve startup time and JSP compilation time.
09-Jun-2021 11:06:37.331 INFO [http-nio-8080-exec-66] org.apache.catalina.core.StandardContext.reload Reloading Context with name [/MVC2Java_Database] is completed
09-Jun-2021 11:07:11.902 INFO [http-nio-8080-exec-67] org.apache.catalina.core.StandardContext.reload Reloading Context with name [/MVC2Java_Database] has started
09-Jun-2021 11:07:12.089 INFO [http-nio-8080-exec-67] org.apache.jasper.servlet.TldScanner.scanJars At least one JAR was scanned for TLDs yet contained no TLDs. Enable debug logging for this logger for a complete list of JARs that were scanned but no TLDs were found in them. Skipping unneeded JARs during scanning can improve startup time and JSP compilation time.
09-Jun-2021 11:07:12.099 INFO [http-nio-8080-exec-67] org.apache.catalina.core.StandardContext.reload Reloading Context with name [/MVC2Java_Database] is completed
09-Jun-2021 11:07:12.429 INFO [http-nio-8080-exec-66] org.apache.catalina.core.StandardContext.reload Reloading Context with name [/MVC2Java_Database] has started
09-Jun-2021 11:07:12.544 INFO [http-nio-8080-exec-66] org.apache.jasper.servlet.TldScanner.scanJars At least one JAR was scanned for TLDs yet contained no TLDs. Enable debug logging for this logger for a complete list of JARs that were scanned but no TLDs were found in them. Skipping unneeded JARs during scanning can improve startup time and JSP compilation time.
09-Jun-2021 11:07:12.548 INFO [http-nio-8080-exec-66] org.apache.catalina.core.StandardContext.reload Reloading Context with name [/MVC2Java_Database] is completed
09-Jun-2021 11:08:05.972 INFO [http-nio-8080-exec-66] org.apache.catalina.core.StandardContext.reload Reloading Context with name [/MVC2Java_Database] has started
09-Jun-2021 11:08:06.092 INFO [http-nio-8080-exec-66] org.apache.jasper.servlet.TldScanner.scanJars At least one JAR was scanned for TLDs yet contained no TLDs. Enable debug logging for this logger for a complete list of JARs that were scanned but no TLDs were found in them. Skipping unneeded JARs during scanning can improve startup time and JSP compilation time.
09-Jun-2021 11:08:06.096 INFO [http-nio-8080-exec-66] org.apache.catalina.core.StandardContext.reload Reloading Context with name [/MVC2Java_Database] is completed
09-Jun-2021 11:08:08.535 INFO [http-nio-8080-exec-69] org.apache.catalina.core.StandardContext.reload Reloading Context with name [/MVC2Java_Database] has started
09-Jun-2021 11:08:08.670 INFO [http-nio-8080-exec-69] org.apache.jasper.servlet.TldScanner.scanJars At least one JAR was scanned for TLDs yet contained no TLDs. Enable debug logging for this logger for a complete list of JARs that were scanned but no TLDs were found in them. Skipping unneeded JARs during scanning can improve startup time and JSP compilation time.
09-Jun-2021 11:08:08.675 INFO [http-nio-8080-exec-69] org.apache.catalina.core.StandardContext.reload Reloading Context with name [/MVC2Java_Database] is completed
09-Jun-2021 11:10:17.980 INFO [http-nio-8080-exec-72] org.apache.catalina.core.StandardContext.reload Reloading Context with name [/MVC2Java_Database] has started
09-Jun-2021 11:10:17.985 WARNING [http-nio-8080-exec-72] org.apache.catalina.loader.WebappClassLoaderBase.clearReferencesJdbc The web application [MVC2Java_Database] registered the JDBC driver [com.microsoft.sqlserver.jdbc.SQLServerDriver] but failed to unregister it when the web application was stopped. To prevent a memory leak, the JDBC Driver has been forcibly unregistered.
09-Jun-2021 11:10:17.985 SEVERE [http-nio-8080-exec-72] org.apache.catalina.loader.WebappClassLoaderBase.checkThreadLocalMapForLeaks The web application [MVC2Java_Database] created a ThreadLocal with key of type [com.microsoft.sqlserver.jdbc.ActivityCorrelator$1] (value [com.microsoft.sqlserver.jdbc.ActivityCorrelator$1@3126ae52]) and a value of type [com.microsoft.sqlserver.jdbc.ActivityId] (value [466928e7-b491-4dfd-8dc9-6f31215640cb-1]) but failed to remove it when the web application was stopped. Threads are going to be renewed over time to try and avoid a probable memory leak.
09-Jun-2021 11:10:18.147 INFO [http-nio-8080-exec-72] org.apache.jasper.servlet.TldScanner.scanJars At least one JAR was scanned for TLDs yet contained no TLDs. Enable debug logging for this logger for a complete list of JARs that were scanned but no TLDs were found in them. Skipping unneeded JARs during scanning can improve startup time and JSP compilation time.
09-Jun-2021 11:10:18.159 INFO [http-nio-8080-exec-72] org.apache.catalina.core.StandardContext.reload Reloading Context with name [/MVC2Java_Database] is completed
09-Jun-2021 11:10:18.209 INFO [http-nio-8080-exec-77] org.apache.catalina.core.StandardContext.reload Reloading Context with name [/MVC2Java_Database] has started
09-Jun-2021 11:10:18.349 INFO [http-nio-8080-exec-77] org.apache.jasper.servlet.TldScanner.scanJars At least one JAR was scanned for TLDs yet contained no TLDs. Enable debug logging for this logger for a complete list of JARs that were scanned but no TLDs were found in them. Skipping unneeded JARs during scanning can improve startup time and JSP compilation time.
09-Jun-2021 11:10:18.353 INFO [http-nio-8080-exec-77] org.apache.catalina.core.StandardContext.reload Reloading Context with name [/MVC2Java_Database] is completed
09-Jun-2021 11:12:54.314 INFO [http-nio-8080-exec-76] org.apache.catalina.core.StandardContext.reload Reloading Context with name [/MVC2Java_Database] has started
09-Jun-2021 11:12:54.555 INFO [http-nio-8080-exec-76] org.apache.jasper.servlet.TldScanner.scanJars At least one JAR was scanned for TLDs yet contained no TLDs. Enable debug logging for this logger for a complete list of JARs that were scanned but no TLDs were found in them. Skipping unneeded JARs during scanning can improve startup time and JSP compilation time.
09-Jun-2021 11:12:54.560 INFO [http-nio-8080-exec-76] org.apache.catalina.core.StandardContext.reload Reloading Context with name [/MVC2Java_Database] is completed
09-Jun-2021 11:12:57.237 INFO [http-nio-8080-exec-77] org.apache.catalina.core.StandardContext.reload Reloading Context with name [/MVC2Java_Database] has started
09-Jun-2021 11:12:57.352 INFO [http-nio-8080-exec-77] org.apache.jasper.servlet.TldScanner.scanJars At least one JAR was scanned for TLDs yet contained no TLDs. Enable debug logging for this logger for a complete list of JARs that were scanned but no TLDs were found in them. Skipping unneeded JARs during scanning can improve startup time and JSP compilation time.
09-Jun-2021 11:12:57.357 INFO [http-nio-8080-exec-77] org.apache.catalina.core.StandardContext.reload Reloading Context with name [/MVC2Java_Database] is completed
09-Jun-2021 11:13:26.775 INFO [http-nio-8080-exec-89] org.apache.catalina.core.StandardContext.reload Reloading Context with name [/MVC2Java_Database] has started
09-Jun-2021 11:13:26.779 WARNING [http-nio-8080-exec-89] org.apache.catalina.loader.WebappClassLoaderBase.clearReferencesJdbc The web application [MVC2Java_Database] registered the JDBC driver [com.microsoft.sqlserver.jdbc.SQLServerDriver] but failed to unregister it when the web application was stopped. To prevent a memory leak, the JDBC Driver has been forcibly unregistered.
09-Jun-2021 11:13:26.906 INFO [http-nio-8080-exec-89] org.apache.jasper.servlet.TldScanner.scanJars At least one JAR was scanned for TLDs yet contained no TLDs. Enable debug logging for this logger for a complete list of JARs that were scanned but no TLDs were found in them. Skipping unneeded JARs during scanning can improve startup time and JSP compilation time.
09-Jun-2021 11:13:26.942 INFO [http-nio-8080-exec-89] org.apache.catalina.core.StandardContext.reload Reloading Context with name [/MVC2Java_Database] is completed
09-Jun-2021 11:23:12.451 INFO [http-nio-8080-exec-97] org.apache.catalina.core.StandardContext.reload Reloading Context with name [/MVC2Java_Database] has started
09-Jun-2021 11:23:12.455 WARNING [http-nio-8080-exec-97] org.apache.catalina.loader.WebappClassLoaderBase.clearReferencesJdbc The web application [MVC2Java_Database] registered the JDBC driver [com.microsoft.sqlserver.jdbc.SQLServerDriver] but failed to unregister it when the web application was stopped. To prevent a memory leak, the JDBC Driver has been forcibly unregistered.
09-Jun-2021 11:23:12.456 SEVERE [http-nio-8080-exec-97] org.apache.catalina.loader.WebappClassLoaderBase.checkThreadLocalMapForLeaks The web application [MVC2Java_Database] created a ThreadLocal with key of type [com.microsoft.sqlserver.jdbc.ActivityCorrelator$1] (value [com.microsoft.sqlserver.jdbc.ActivityCorrelator$1@208dcb4b]) and a value of type [com.microsoft.sqlserver.jdbc.ActivityId] (value [0d5c81b2-0f95-4888-bdd6-22c8f49b6a53-1]) but failed to remove it when the web application was stopped. Threads are going to be renewed over time to try and avoid a probable memory leak.
09-Jun-2021 11:23:12.654 INFO [http-nio-8080-exec-97] org.apache.jasper.servlet.TldScanner.scanJars At least one JAR was scanned for TLDs yet contained no TLDs. Enable debug logging for this logger for a complete list of JARs that were scanned but no TLDs were found in them. Skipping unneeded JARs during scanning can improve startup time and JSP compilation time.
09-Jun-2021 11:23:12.667 INFO [http-nio-8080-exec-97] org.apache.catalina.core.StandardContext.reload Reloading Context with name [/MVC2Java_Database] is completed
