08-Jul-2021 12:08:43.074 INFO [main] org.apache.catalina.startup.VersionLoggerListener.log Server version name:   Apache Tomcat/9.0.34
08-Jul-2021 12:08:43.075 INFO [main] org.apache.catalina.startup.VersionLoggerListener.log Server built:          Apr 3 2020 12:02:52 UTC
08-Jul-2021 12:08:43.075 INFO [main] org.apache.catalina.startup.VersionLoggerListener.log Server version number: 9.0.34.0
08-Jul-2021 12:08:43.075 INFO [main] org.apache.catalina.startup.VersionLoggerListener.log OS Name:               Windows 10
08-Jul-2021 12:08:43.076 INFO [main] org.apache.catalina.startup.VersionLoggerListener.log OS Version:            10.0
08-Jul-2021 12:08:43.076 INFO [main] org.apache.catalina.startup.VersionLoggerListener.log Architecture:          amd64
08-Jul-2021 12:08:43.076 INFO [main] org.apache.catalina.startup.VersionLoggerListener.log Java Home:             C:\Program Files\Java\jdk1.8.0_111\jre
08-Jul-2021 12:08:43.076 INFO [main] org.apache.catalina.startup.VersionLoggerListener.log JVM Version:           1.8.0_111-b14
08-Jul-2021 12:08:43.076 INFO [main] org.apache.catalina.startup.VersionLoggerListener.log JVM Vendor:            Oracle Corporation
08-Jul-2021 12:08:43.076 INFO [main] org.apache.catalina.startup.VersionLoggerListener.log CATALINA_BASE:         D:\Netbean 8.2 rc\apache-tomcat-9.0.34
08-Jul-2021 12:08:43.076 INFO [main] org.apache.catalina.startup.VersionLoggerListener.log CATALINA_HOME:         D:\Netbean 8.2 rc\apache-tomcat-9.0.34
08-Jul-2021 12:08:43.077 INFO [main] org.apache.catalina.startup.VersionLoggerListener.log Command line argument: -Djava.util.logging.config.file=D:\Netbean 8.2 rc\apache-tomcat-9.0.34\conf\logging.properties
08-Jul-2021 12:08:43.077 INFO [main] org.apache.catalina.startup.VersionLoggerListener.log Command line argument: -Djava.util.logging.manager=org.apache.juli.ClassLoaderLogManager
08-Jul-2021 12:08:43.078 INFO [main] org.apache.catalina.startup.VersionLoggerListener.log Command line argument: -Djdk.tls.ephemeralDHKeySize=2048
08-Jul-2021 12:08:43.078 INFO [main] org.apache.catalina.startup.VersionLoggerListener.log Command line argument: -Djava.protocol.handler.pkgs=org.apache.catalina.webresources
08-Jul-2021 12:08:43.078 INFO [main] org.apache.catalina.startup.VersionLoggerListener.log Command line argument: -Dignore.endorsed.dirs=
08-Jul-2021 12:08:43.078 INFO [main] org.apache.catalina.startup.VersionLoggerListener.log Command line argument: -Dcatalina.base=D:\Netbean 8.2 rc\apache-tomcat-9.0.34
08-Jul-2021 12:08:43.078 INFO [main] org.apache.catalina.startup.VersionLoggerListener.log Command line argument: -Dcatalina.home=D:\Netbean 8.2 rc\apache-tomcat-9.0.34
08-Jul-2021 12:08:43.078 INFO [main] org.apache.catalina.startup.VersionLoggerListener.log Command line argument: -Djava.io.tmpdir=D:\Netbean 8.2 rc\apache-tomcat-9.0.34\temp
08-Jul-2021 12:08:43.078 INFO [main] org.apache.catalina.core.AprLifecycleListener.lifecycleEvent Loaded APR based Apache Tomcat Native library [1.2.23] using APR version [1.7.0].
08-Jul-2021 12:08:43.078 INFO [main] org.apache.catalina.core.AprLifecycleListener.lifecycleEvent APR capabilities: IPv6 [true], sendfile [true], accept filters [false], random [true].
08-Jul-2021 12:08:43.078 INFO [main] org.apache.catalina.core.AprLifecycleListener.lifecycleEvent APR/OpenSSL configuration: useAprConnector [false], useOpenSSL [true]
08-Jul-2021 12:08:43.167 INFO [main] org.apache.catalina.core.AprLifecycleListener.initializeSSL OpenSSL successfully initialized [OpenSSL 1.1.1c  28 May 2019]
08-Jul-2021 12:08:43.487 INFO [main] org.apache.coyote.AbstractProtocol.init Initializing ProtocolHandler ["http-nio-8080"]
08-Jul-2021 12:08:43.883 INFO [main] org.apache.catalina.startup.Catalina.load Server initialization in [1,319] milliseconds
08-Jul-2021 12:08:43.944 INFO [main] org.apache.catalina.core.StandardService.startInternal Starting service [Catalina]
08-Jul-2021 12:08:43.944 INFO [main] org.apache.catalina.core.StandardEngine.startInternal Starting Servlet engine: [Apache Tomcat/9.0.34]
08-Jul-2021 12:08:43.968 INFO [main] org.apache.catalina.startup.HostConfig.deployDescriptor Deploying deployment descriptor [D:\Netbean 8.2 rc\apache-tomcat-9.0.34\conf\Catalina\localhost\Day1_Calculator.xml]
08-Jul-2021 12:08:43.986 WARNING [main] org.apache.catalina.startup.HostConfig.deployDescriptor The path attribute with value [/Day1_Calculator] in deployment descriptor [D:\Netbean 8.2 rc\apache-tomcat-9.0.34\conf\Catalina\localhost\Day1_Calculator.xml] has been ignored
08-Jul-2021 12:08:44.618 INFO [main] org.apache.jasper.servlet.TldScanner.scanJars At least one JAR was scanned for TLDs yet contained no TLDs. Enable debug logging for this logger for a complete list of JARs that were scanned but no TLDs were found in them. Skipping unneeded JARs during scanning can improve startup time and JSP compilation time.
08-Jul-2021 12:08:44.660 INFO [main] org.apache.catalina.startup.HostConfig.deployDescriptor Deployment of deployment descriptor [D:\Netbean 8.2 rc\apache-tomcat-9.0.34\conf\Catalina\localhost\Day1_Calculator.xml] has finished in [692] ms
08-Jul-2021 12:08:44.661 INFO [main] org.apache.catalina.startup.HostConfig.deployDescriptor Deploying deployment descriptor [D:\Netbean 8.2 rc\apache-tomcat-9.0.34\conf\Catalina\localhost\Day1_MVC.xml]
08-Jul-2021 12:08:44.662 WARNING [main] org.apache.catalina.startup.HostConfig.deployDescriptor The path attribute with value [/Day1_MVC] in deployment descriptor [D:\Netbean 8.2 rc\apache-tomcat-9.0.34\conf\Catalina\localhost\Day1_MVC.xml] has been ignored
08-Jul-2021 12:08:44.776 INFO [main] org.apache.jasper.servlet.TldScanner.scanJars At least one JAR was scanned for TLDs yet contained no TLDs. Enable debug logging for this logger for a complete list of JARs that were scanned but no TLDs were found in them. Skipping unneeded JARs during scanning can improve startup time and JSP compilation time.
08-Jul-2021 12:08:44.779 INFO [main] org.apache.catalina.startup.HostConfig.deployDescriptor Deployment of deployment descriptor [D:\Netbean 8.2 rc\apache-tomcat-9.0.34\conf\Catalina\localhost\Day1_MVC.xml] has finished in [118] ms
08-Jul-2021 12:08:44.779 INFO [main] org.apache.catalina.startup.HostConfig.deployDescriptor Deploying deployment descriptor [D:\Netbean 8.2 rc\apache-tomcat-9.0.34\conf\Catalina\localhost\Day7_ScopesDemo.xml]
08-Jul-2021 12:08:44.780 WARNING [main] org.apache.catalina.startup.HostConfig.deployDescriptor The path attribute with value [/Day7_ScopesDemo] in deployment descriptor [D:\Netbean 8.2 rc\apache-tomcat-9.0.34\conf\Catalina\localhost\Day7_ScopesDemo.xml] has been ignored
08-Jul-2021 12:08:44.909 INFO [main] org.apache.jasper.servlet.TldScanner.scanJars At least one JAR was scanned for TLDs yet contained no TLDs. Enable debug logging for this logger for a complete list of JARs that were scanned but no TLDs were found in them. Skipping unneeded JARs during scanning can improve startup time and JSP compilation time.
08-Jul-2021 12:08:44.912 INFO [main] org.apache.catalina.startup.HostConfig.deployDescriptor Deployment of deployment descriptor [D:\Netbean 8.2 rc\apache-tomcat-9.0.34\conf\Catalina\localhost\Day7_ScopesDemo.xml] has finished in [132] ms
08-Jul-2021 12:08:44.912 INFO [main] org.apache.catalina.startup.HostConfig.deployDescriptor Deploying deployment descriptor [D:\Netbean 8.2 rc\apache-tomcat-9.0.34\conf\Catalina\localhost\DemoProject.xml]
08-Jul-2021 12:08:44.914 WARNING [main] org.apache.catalina.startup.HostConfig.deployDescriptor The path attribute with value [/DemoProject] in deployment descriptor [D:\Netbean 8.2 rc\apache-tomcat-9.0.34\conf\Catalina\localhost\DemoProject.xml] has been ignored
08-Jul-2021 12:08:45.251 INFO [main] org.apache.jasper.servlet.TldScanner.scanJars At least one JAR was scanned for TLDs yet contained no TLDs. Enable debug logging for this logger for a complete list of JARs that were scanned but no TLDs were found in them. Skipping unneeded JARs during scanning can improve startup time and JSP compilation time.
08-Jul-2021 12:08:45.278 INFO [main] org.apache.catalina.startup.HostConfig.deployDescriptor Deployment of deployment descriptor [D:\Netbean 8.2 rc\apache-tomcat-9.0.34\conf\Catalina\localhost\DemoProject.xml] has finished in [366] ms
08-Jul-2021 12:08:45.278 INFO [main] org.apache.catalina.startup.HostConfig.deployDescriptor Deploying deployment descriptor [D:\Netbean 8.2 rc\apache-tomcat-9.0.34\conf\Catalina\localhost\Demo_HitCounter.xml]
08-Jul-2021 12:08:45.280 WARNING [main] org.apache.catalina.startup.HostConfig.deployDescriptor The path attribute with value [/Demo_HitCounter] in deployment descriptor [D:\Netbean 8.2 rc\apache-tomcat-9.0.34\conf\Catalina\localhost\Demo_HitCounter.xml] has been ignored
08-Jul-2021 12:08:45.365 INFO [main] org.apache.jasper.servlet.TldScanner.scanJars At least one JAR was scanned for TLDs yet contained no TLDs. Enable debug logging for this logger for a complete list of JARs that were scanned but no TLDs were found in them. Skipping unneeded JARs during scanning can improve startup time and JSP compilation time.
08-Jul-2021 12:08:45.367 INFO [main] org.apache.catalina.startup.HostConfig.deployDescriptor Deployment of deployment descriptor [D:\Netbean 8.2 rc\apache-tomcat-9.0.34\conf\Catalina\localhost\Demo_HitCounter.xml] has finished in [89] ms
08-Jul-2021 12:08:45.367 INFO [main] org.apache.catalina.startup.HostConfig.deployDescriptor Deploying deployment descriptor [D:\Netbean 8.2 rc\apache-tomcat-9.0.34\conf\Catalina\localhost\Hello.xml]
08-Jul-2021 12:08:45.368 WARNING [main] org.apache.catalina.startup.HostConfig.deployDescriptor The path attribute with value [/Hello] in deployment descriptor [D:\Netbean 8.2 rc\apache-tomcat-9.0.34\conf\Catalina\localhost\Hello.xml] has been ignored
08-Jul-2021 12:08:45.461 INFO [main] org.apache.jasper.servlet.TldScanner.scanJars At least one JAR was scanned for TLDs yet contained no TLDs. Enable debug logging for this logger for a complete list of JARs that were scanned but no TLDs were found in them. Skipping unneeded JARs during scanning can improve startup time and JSP compilation time.
08-Jul-2021 12:08:45.463 INFO [main] org.apache.catalina.startup.HostConfig.deployDescriptor Deployment of deployment descriptor [D:\Netbean 8.2 rc\apache-tomcat-9.0.34\conf\Catalina\localhost\Hello.xml] has finished in [96] ms
08-Jul-2021 12:08:45.463 INFO [main] org.apache.catalina.startup.HostConfig.deployDescriptor Deploying deployment descriptor [D:\Netbean 8.2 rc\apache-tomcat-9.0.34\conf\Catalina\localhost\Hello_JSP.xml]
08-Jul-2021 12:08:45.464 WARNING [main] org.apache.catalina.startup.HostConfig.deployDescriptor The path attribute with value [/Hello_JSP] in deployment descriptor [D:\Netbean 8.2 rc\apache-tomcat-9.0.34\conf\Catalina\localhost\Hello_JSP.xml] has been ignored
08-Jul-2021 12:08:45.535 INFO [main] org.apache.jasper.servlet.TldScanner.scanJars At least one JAR was scanned for TLDs yet contained no TLDs. Enable debug logging for this logger for a complete list of JARs that were scanned but no TLDs were found in them. Skipping unneeded JARs during scanning can improve startup time and JSP compilation time.
08-Jul-2021 12:08:45.537 INFO [main] org.apache.catalina.startup.HostConfig.deployDescriptor Deployment of deployment descriptor [D:\Netbean 8.2 rc\apache-tomcat-9.0.34\conf\Catalina\localhost\Hello_JSP.xml] has finished in [74] ms
08-Jul-2021 12:08:45.538 INFO [main] org.apache.catalina.startup.HostConfig.deployDescriptor Deploying deployment descriptor [D:\Netbean 8.2 rc\apache-tomcat-9.0.34\conf\Catalina\localhost\Login_DoGet_DoPost.xml]
08-Jul-2021 12:08:45.539 WARNING [main] org.apache.catalina.startup.HostConfig.deployDescriptor The path attribute with value [/Login_DoGet_DoPost] in deployment descriptor [D:\Netbean 8.2 rc\apache-tomcat-9.0.34\conf\Catalina\localhost\Login_DoGet_DoPost.xml] has been ignored
08-Jul-2021 12:08:45.650 INFO [main] org.apache.jasper.servlet.TldScanner.scanJars At least one JAR was scanned for TLDs yet contained no TLDs. Enable debug logging for this logger for a complete list of JARs that were scanned but no TLDs were found in them. Skipping unneeded JARs during scanning can improve startup time and JSP compilation time.
08-Jul-2021 12:08:45.652 INFO [main] org.apache.catalina.startup.HostConfig.deployDescriptor Deployment of deployment descriptor [D:\Netbean 8.2 rc\apache-tomcat-9.0.34\conf\Catalina\localhost\Login_DoGet_DoPost.xml] has finished in [113] ms
08-Jul-2021 12:08:45.652 INFO [main] org.apache.catalina.startup.HostConfig.deployDescriptor Deploying deployment descriptor [D:\Netbean 8.2 rc\apache-tomcat-9.0.34\conf\Catalina\localhost\Login_Register_Apollo.xml]
08-Jul-2021 12:08:45.653 WARNING [main] org.apache.catalina.startup.HostConfig.deployDescriptor The path attribute with value [/Login_Register_Apollo] in deployment descriptor [D:\Netbean 8.2 rc\apache-tomcat-9.0.34\conf\Catalina\localhost\Login_Register_Apollo.xml] has been ignored
08-Jul-2021 12:08:45.700 INFO [main] org.apache.jasper.servlet.TldScanner.scanJars At least one JAR was scanned for TLDs yet contained no TLDs. Enable debug logging for this logger for a complete list of JARs that were scanned but no TLDs were found in them. Skipping unneeded JARs during scanning can improve startup time and JSP compilation time.
08-Jul-2021 12:08:45.702 INFO [main] org.apache.catalina.startup.HostConfig.deployDescriptor Deployment of deployment descriptor [D:\Netbean 8.2 rc\apache-tomcat-9.0.34\conf\Catalina\localhost\Login_Register_Apollo.xml] has finished in [50] ms
08-Jul-2021 12:08:45.702 INFO [main] org.apache.catalina.startup.HostConfig.deployDescriptor Deploying deployment descriptor [D:\Netbean 8.2 rc\apache-tomcat-9.0.34\conf\Catalina\localhost\MVC2Java_Database.xml]
08-Jul-2021 12:08:45.704 WARNING [main] org.apache.catalina.startup.HostConfig.deployDescriptor The path attribute with value [/MVC2Java_Database] in deployment descriptor [D:\Netbean 8.2 rc\apache-tomcat-9.0.34\conf\Catalina\localhost\MVC2Java_Database.xml] has been ignored
08-Jul-2021 12:08:46.202 INFO [main] org.apache.jasper.servlet.TldScanner.scanJars At least one JAR was scanned for TLDs yet contained no TLDs. Enable debug logging for this logger for a complete list of JARs that were scanned but no TLDs were found in them. Skipping unneeded JARs during scanning can improve startup time and JSP compilation time.
08-Jul-2021 12:08:46.208 INFO [main] org.apache.catalina.startup.HostConfig.deployDescriptor Deployment of deployment descriptor [D:\Netbean 8.2 rc\apache-tomcat-9.0.34\conf\Catalina\localhost\MVC2Java_Database.xml] has finished in [506] ms
08-Jul-2021 12:08:46.208 INFO [main] org.apache.catalina.startup.HostConfig.deployDescriptor Deploying deployment descriptor [D:\Netbean 8.2 rc\apache-tomcat-9.0.34\conf\Catalina\localhost\myweb.xml]
08-Jul-2021 12:08:46.209 WARNING [main] org.apache.catalina.startup.HostConfig.deployDescriptor The path attribute with value [/myweb] in deployment descriptor [D:\Netbean 8.2 rc\apache-tomcat-9.0.34\conf\Catalina\localhost\myweb.xml] has been ignored
08-Jul-2021 12:08:46.569 INFO [main] org.apache.jasper.servlet.TldScanner.scanJars At least one JAR was scanned for TLDs yet contained no TLDs. Enable debug logging for this logger for a complete list of JARs that were scanned but no TLDs were found in them. Skipping unneeded JARs during scanning can improve startup time and JSP compilation time.
08-Jul-2021 12:08:46.577 INFO [main] org.apache.catalina.startup.HostConfig.deployDescriptor Deployment of deployment descriptor [D:\Netbean 8.2 rc\apache-tomcat-9.0.34\conf\Catalina\localhost\myweb.xml] has finished in [369] ms
08-Jul-2021 12:08:46.577 INFO [main] org.apache.catalina.startup.HostConfig.deployDescriptor Deploying deployment descriptor [D:\Netbean 8.2 rc\apache-tomcat-9.0.34\conf\Catalina\localhost\Page_Directive.xml]
08-Jul-2021 12:08:46.616 WARNING [main] org.apache.catalina.startup.HostConfig.deployDescriptor The path attribute with value [/Page_Directive] in deployment descriptor [D:\Netbean 8.2 rc\apache-tomcat-9.0.34\conf\Catalina\localhost\Page_Directive.xml] has been ignored
08-Jul-2021 12:08:46.972 INFO [main] org.apache.jasper.servlet.TldScanner.scanJars At least one JAR was scanned for TLDs yet contained no TLDs. Enable debug logging for this logger for a complete list of JARs that were scanned but no TLDs were found in them. Skipping unneeded JARs during scanning can improve startup time and JSP compilation time.
08-Jul-2021 12:08:46.974 INFO [main] org.apache.catalina.startup.HostConfig.deployDescriptor Deployment of deployment descriptor [D:\Netbean 8.2 rc\apache-tomcat-9.0.34\conf\Catalina\localhost\Page_Directive.xml] has finished in [397] ms
08-Jul-2021 12:08:46.974 INFO [main] org.apache.catalina.startup.HostConfig.deployDescriptor Deploying deployment descriptor [D:\Netbean 8.2 rc\apache-tomcat-9.0.34\conf\Catalina\localhost\Project_Website_Ban_Hang.xml]
08-Jul-2021 12:08:46.975 WARNING [main] org.apache.catalina.startup.HostConfig.deployDescriptor The path attribute with value [/Project_Website_Ban_Hang] in deployment descriptor [D:\Netbean 8.2 rc\apache-tomcat-9.0.34\conf\Catalina\localhost\Project_Website_Ban_Hang.xml] has been ignored
08-Jul-2021 12:08:47.492 INFO [main] org.apache.jasper.servlet.TldScanner.scanJars At least one JAR was scanned for TLDs yet contained no TLDs. Enable debug logging for this logger for a complete list of JARs that were scanned but no TLDs were found in them. Skipping unneeded JARs during scanning can improve startup time and JSP compilation time.
08-Jul-2021 12:08:47.501 INFO [main] org.apache.catalina.startup.HostConfig.deployDescriptor Deployment of deployment descriptor [D:\Netbean 8.2 rc\apache-tomcat-9.0.34\conf\Catalina\localhost\Project_Website_Ban_Hang.xml] has finished in [526] ms
08-Jul-2021 12:08:47.501 INFO [main] org.apache.catalina.startup.HostConfig.deployDescriptor Deploying deployment descriptor [D:\Netbean 8.2 rc\apache-tomcat-9.0.34\conf\Catalina\localhost\SimpleD.xml]
08-Jul-2021 12:08:47.502 WARNING [main] org.apache.catalina.startup.HostConfig.deployDescriptor The path attribute with value [/SimpleD] in deployment descriptor [D:\Netbean 8.2 rc\apache-tomcat-9.0.34\conf\Catalina\localhost\SimpleD.xml] has been ignored
08-Jul-2021 12:08:47.589 INFO [main] org.apache.jasper.servlet.TldScanner.scanJars At least one JAR was scanned for TLDs yet contained no TLDs. Enable debug logging for this logger for a complete list of JARs that were scanned but no TLDs were found in them. Skipping unneeded JARs during scanning can improve startup time and JSP compilation time.
08-Jul-2021 12:08:47.591 INFO [main] org.apache.catalina.startup.HostConfig.deployDescriptor Deployment of deployment descriptor [D:\Netbean 8.2 rc\apache-tomcat-9.0.34\conf\Catalina\localhost\SimpleD.xml] has finished in [90] ms
08-Jul-2021 12:08:47.591 INFO [main] org.apache.catalina.startup.HostConfig.deployDescriptor Deploying deployment descriptor [D:\Netbean 8.2 rc\apache-tomcat-9.0.34\conf\Catalina\localhost\SimpleDate.xml]
08-Jul-2021 12:08:47.592 WARNING [main] org.apache.catalina.startup.HostConfig.deployDescriptor The path attribute with value [/SimpleDate] in deployment descriptor [D:\Netbean 8.2 rc\apache-tomcat-9.0.34\conf\Catalina\localhost\SimpleDate.xml] has been ignored
08-Jul-2021 12:08:47.674 INFO [main] org.apache.jasper.servlet.TldScanner.scanJars At least one JAR was scanned for TLDs yet contained no TLDs. Enable debug logging for this logger for a complete list of JARs that were scanned but no TLDs were found in them. Skipping unneeded JARs during scanning can improve startup time and JSP compilation time.
08-Jul-2021 12:08:47.676 INFO [main] org.apache.catalina.startup.HostConfig.deployDescriptor Deployment of deployment descriptor [D:\Netbean 8.2 rc\apache-tomcat-9.0.34\conf\Catalina\localhost\SimpleDate.xml] has finished in [85] ms
08-Jul-2021 12:08:47.676 INFO [main] org.apache.catalina.startup.HostConfig.deployDescriptor Deploying deployment descriptor [D:\Netbean 8.2 rc\apache-tomcat-9.0.34\conf\Catalina\localhost\WorkShop1_SE1502_Magazine.xml]
08-Jul-2021 12:08:47.692 WARNING [main] org.apache.catalina.startup.HostConfig.deployDescriptor The path attribute with value [/WorkShop1_SE1502_Magazine] in deployment descriptor [D:\Netbean 8.2 rc\apache-tomcat-9.0.34\conf\Catalina\localhost\WorkShop1_SE1502_Magazine.xml] has been ignored
08-Jul-2021 12:08:48.246 INFO [main] org.apache.jasper.servlet.TldScanner.scanJars At least one JAR was scanned for TLDs yet contained no TLDs. Enable debug logging for this logger for a complete list of JARs that were scanned but no TLDs were found in them. Skipping unneeded JARs during scanning can improve startup time and JSP compilation time.
08-Jul-2021 12:08:48.253 INFO [main] org.apache.catalina.startup.HostConfig.deployDescriptor Deployment of deployment descriptor [D:\Netbean 8.2 rc\apache-tomcat-9.0.34\conf\Catalina\localhost\WorkShop1_SE1502_Magazine.xml] has finished in [577] ms
08-Jul-2021 12:08:48.253 INFO [main] org.apache.catalina.startup.HostConfig.deployDescriptor Deploying deployment descriptor [D:\Netbean 8.2 rc\apache-tomcat-9.0.34\conf\Catalina\localhost\Workshop2_SE1502_AddContact.xml]
08-Jul-2021 12:08:48.254 WARNING [main] org.apache.catalina.startup.HostConfig.deployDescriptor The path attribute with value [/Workshop2_SE1502_AddContact] in deployment descriptor [D:\Netbean 8.2 rc\apache-tomcat-9.0.34\conf\Catalina\localhost\Workshop2_SE1502_AddContact.xml] has been ignored
08-Jul-2021 12:08:49.033 INFO [main] org.apache.jasper.servlet.TldScanner.scanJars At least one JAR was scanned for TLDs yet contained no TLDs. Enable debug logging for this logger for a complete list of JARs that were scanned but no TLDs were found in them. Skipping unneeded JARs during scanning can improve startup time and JSP compilation time.
08-Jul-2021 12:08:49.041 INFO [main] org.apache.catalina.startup.HostConfig.deployDescriptor Deployment of deployment descriptor [D:\Netbean 8.2 rc\apache-tomcat-9.0.34\conf\Catalina\localhost\Workshop2_SE1502_AddContact.xml] has finished in [788] ms
08-Jul-2021 12:08:49.042 INFO [main] org.apache.catalina.startup.HostConfig.deployDirectory Deploying web application directory [D:\Netbean 8.2 rc\apache-tomcat-9.0.34\webapps\docs]
08-Jul-2021 12:08:49.116 INFO [main] org.apache.jasper.servlet.TldScanner.scanJars At least one JAR was scanned for TLDs yet contained no TLDs. Enable debug logging for this logger for a complete list of JARs that were scanned but no TLDs were found in them. Skipping unneeded JARs during scanning can improve startup time and JSP compilation time.
08-Jul-2021 12:08:49.118 INFO [main] org.apache.catalina.startup.HostConfig.deployDirectory Deployment of web application directory [D:\Netbean 8.2 rc\apache-tomcat-9.0.34\webapps\docs] has finished in [77] ms
08-Jul-2021 12:08:49.118 INFO [main] org.apache.catalina.startup.HostConfig.deployDirectory Deploying web application directory [D:\Netbean 8.2 rc\apache-tomcat-9.0.34\webapps\examples]
08-Jul-2021 12:08:49.973 INFO [main] org.apache.jasper.servlet.TldScanner.scanJars At least one JAR was scanned for TLDs yet contained no TLDs. Enable debug logging for this logger for a complete list of JARs that were scanned but no TLDs were found in them. Skipping unneeded JARs during scanning can improve startup time and JSP compilation time.
08-Jul-2021 12:08:50.001 INFO [main] org.apache.catalina.startup.HostConfig.deployDirectory Deployment of web application directory [D:\Netbean 8.2 rc\apache-tomcat-9.0.34\webapps\examples] has finished in [883] ms
08-Jul-2021 12:08:50.002 INFO [main] org.apache.catalina.startup.HostConfig.deployDirectory Deploying web application directory [D:\Netbean 8.2 rc\apache-tomcat-9.0.34\webapps\host-manager]
08-Jul-2021 12:08:50.087 INFO [main] org.apache.jasper.servlet.TldScanner.scanJars At least one JAR was scanned for TLDs yet contained no TLDs. Enable debug logging for this logger for a complete list of JARs that were scanned but no TLDs were found in them. Skipping unneeded JARs during scanning can improve startup time and JSP compilation time.
08-Jul-2021 12:08:50.090 INFO [main] org.apache.catalina.startup.HostConfig.deployDirectory Deployment of web application directory [D:\Netbean 8.2 rc\apache-tomcat-9.0.34\webapps\host-manager] has finished in [88] ms
08-Jul-2021 12:08:50.090 INFO [main] org.apache.catalina.startup.HostConfig.deployDirectory Deploying web application directory [D:\Netbean 8.2 rc\apache-tomcat-9.0.34\webapps\manager]
08-Jul-2021 12:08:50.130 INFO [main] org.apache.jasper.servlet.TldScanner.scanJars At least one JAR was scanned for TLDs yet contained no TLDs. Enable debug logging for this logger for a complete list of JARs that were scanned but no TLDs were found in them. Skipping unneeded JARs during scanning can improve startup time and JSP compilation time.
08-Jul-2021 12:08:50.132 INFO [main] org.apache.catalina.startup.HostConfig.deployDirectory Deployment of web application directory [D:\Netbean 8.2 rc\apache-tomcat-9.0.34\webapps\manager] has finished in [41] ms
08-Jul-2021 12:08:50.132 INFO [main] org.apache.catalina.startup.HostConfig.deployDirectory Deploying web application directory [D:\Netbean 8.2 rc\apache-tomcat-9.0.34\webapps\ROOT]
08-Jul-2021 12:08:50.165 INFO [main] org.apache.jasper.servlet.TldScanner.scanJars At least one JAR was scanned for TLDs yet contained no TLDs. Enable debug logging for this logger for a complete list of JARs that were scanned but no TLDs were found in them. Skipping unneeded JARs during scanning can improve startup time and JSP compilation time.
08-Jul-2021 12:08:50.167 INFO [main] org.apache.catalina.startup.HostConfig.deployDirectory Deployment of web application directory [D:\Netbean 8.2 rc\apache-tomcat-9.0.34\webapps\ROOT] has finished in [34] ms
08-Jul-2021 12:08:50.170 INFO [main] org.apache.coyote.AbstractProtocol.start Starting ProtocolHandler ["http-nio-8080"]
08-Jul-2021 12:08:50.177 INFO [main] org.apache.catalina.startup.Catalina.start Server startup in [6,292] milliseconds
08-Jul-2021 12:08:56.744 SEVERE [http-nio-8080-exec-8] servlet.MyAccountServlet.doGet null
	java.lang.NullPointerException
		at servlet.MyAccountServlet.processRequest(MyAccountServlet.java:48)
		at servlet.MyAccountServlet.doGet(MyAccountServlet.java:72)
		at javax.servlet.http.HttpServlet.service(HttpServlet.java:634)
		at javax.servlet.http.HttpServlet.service(HttpServlet.java:741)
		at org.apache.catalina.core.ApplicationFilterChain.internalDoFilter(ApplicationFilterChain.java:231)
		at org.apache.catalina.core.ApplicationFilterChain.doFilter(ApplicationFilterChain.java:166)
		at org.apache.tomcat.websocket.server.WsFilter.doFilter(WsFilter.java:53)
		at org.apache.catalina.core.ApplicationFilterChain.internalDoFilter(ApplicationFilterChain.java:193)
		at org.apache.catalina.core.ApplicationFilterChain.doFilter(ApplicationFilterChain.java:166)
		at org.netbeans.modules.web.monitor.server.MonitorFilter.doFilter(MonitorFilter.java:368)
		at org.apache.catalina.core.ApplicationFilterChain.internalDoFilter(ApplicationFilterChain.java:193)
		at org.apache.catalina.core.ApplicationFilterChain.doFilter(ApplicationFilterChain.java:166)
		at org.apache.catalina.core.StandardWrapperValve.invoke(StandardWrapperValve.java:202)
		at org.apache.catalina.core.StandardContextValve.invoke(StandardContextValve.java:96)
		at org.apache.catalina.authenticator.AuthenticatorBase.invoke(AuthenticatorBase.java:541)
		at org.apache.catalina.core.StandardHostValve.invoke(StandardHostValve.java:139)
		at org.apache.catalina.valves.ErrorReportValve.invoke(ErrorReportValve.java:92)
		at org.apache.catalina.valves.AbstractAccessLogValve.invoke(AbstractAccessLogValve.java:690)
		at org.apache.catalina.core.StandardEngineValve.invoke(StandardEngineValve.java:74)
		at org.apache.catalina.connector.CoyoteAdapter.service(CoyoteAdapter.java:343)
		at org.apache.coyote.http11.Http11Processor.service(Http11Processor.java:373)
		at org.apache.coyote.AbstractProcessorLight.process(AbstractProcessorLight.java:65)
		at org.apache.coyote.AbstractProtocol$ConnectionHandler.process(AbstractProtocol.java:868)
		at org.apache.tomcat.util.net.NioEndpoint$SocketProcessor.doRun(NioEndpoint.java:1590)
		at org.apache.tomcat.util.net.SocketProcessorBase.run(SocketProcessorBase.java:49)
		at java.util.concurrent.ThreadPoolExecutor.runWorker(ThreadPoolExecutor.java:1142)
		at java.util.concurrent.ThreadPoolExecutor$Worker.run(ThreadPoolExecutor.java:617)
		at org.apache.tomcat.util.threads.TaskThread$WrappingRunnable.run(TaskThread.java:61)
		at java.lang.Thread.run(Thread.java:745)
