01-Jul-2021 10:48:33.134 INFO [main] org.apache.catalina.startup.VersionLoggerListener.log Server version name:   Apache Tomcat/9.0.34
01-Jul-2021 10:48:33.136 INFO [main] org.apache.catalina.startup.VersionLoggerListener.log Server built:          Apr 3 2020 12:02:52 UTC
01-Jul-2021 10:48:33.136 INFO [main] org.apache.catalina.startup.VersionLoggerListener.log Server version number: 9.0.34.0
01-Jul-2021 10:48:33.136 INFO [main] org.apache.catalina.startup.VersionLoggerListener.log OS Name:               Windows 10
01-Jul-2021 10:48:33.136 INFO [main] org.apache.catalina.startup.VersionLoggerListener.log OS Version:            10.0
01-Jul-2021 10:48:33.136 INFO [main] org.apache.catalina.startup.VersionLoggerListener.log Architecture:          amd64
01-Jul-2021 10:48:33.137 INFO [main] org.apache.catalina.startup.VersionLoggerListener.log Java Home:             C:\Program Files\Java\jdk1.8.0_111\jre
01-Jul-2021 10:48:33.137 INFO [main] org.apache.catalina.startup.VersionLoggerListener.log JVM Version:           1.8.0_111-b14
01-Jul-2021 10:48:33.137 INFO [main] org.apache.catalina.startup.VersionLoggerListener.log JVM Vendor:            Oracle Corporation
01-Jul-2021 10:48:33.137 INFO [main] org.apache.catalina.startup.VersionLoggerListener.log CATALINA_BASE:         D:\Netbean 8.2 rc\apache-tomcat-9.0.34
01-Jul-2021 10:48:33.137 INFO [main] org.apache.catalina.startup.VersionLoggerListener.log CATALINA_HOME:         D:\Netbean 8.2 rc\apache-tomcat-9.0.34
01-Jul-2021 10:48:33.139 INFO [main] org.apache.catalina.startup.VersionLoggerListener.log Command line argument: -Djava.util.logging.config.file=D:\Netbean 8.2 rc\apache-tomcat-9.0.34\conf\logging.properties
01-Jul-2021 10:48:33.139 INFO [main] org.apache.catalina.startup.VersionLoggerListener.log Command line argument: -Djava.util.logging.manager=org.apache.juli.ClassLoaderLogManager
01-Jul-2021 10:48:33.139 INFO [main] org.apache.catalina.startup.VersionLoggerListener.log Command line argument: -Djdk.tls.ephemeralDHKeySize=2048
01-Jul-2021 10:48:33.139 INFO [main] org.apache.catalina.startup.VersionLoggerListener.log Command line argument: -Djava.protocol.handler.pkgs=org.apache.catalina.webresources
01-Jul-2021 10:48:33.139 INFO [main] org.apache.catalina.startup.VersionLoggerListener.log Command line argument: -Dignore.endorsed.dirs=
01-Jul-2021 10:48:33.139 INFO [main] org.apache.catalina.startup.VersionLoggerListener.log Command line argument: -Dcatalina.base=D:\Netbean 8.2 rc\apache-tomcat-9.0.34
01-Jul-2021 10:48:33.139 INFO [main] org.apache.catalina.startup.VersionLoggerListener.log Command line argument: -Dcatalina.home=D:\Netbean 8.2 rc\apache-tomcat-9.0.34
01-Jul-2021 10:48:33.139 INFO [main] org.apache.catalina.startup.VersionLoggerListener.log Command line argument: -Djava.io.tmpdir=D:\Netbean 8.2 rc\apache-tomcat-9.0.34\temp
01-Jul-2021 10:48:33.139 INFO [main] org.apache.catalina.core.AprLifecycleListener.lifecycleEvent Loaded APR based Apache Tomcat Native library [1.2.23] using APR version [1.7.0].
01-Jul-2021 10:48:33.139 INFO [main] org.apache.catalina.core.AprLifecycleListener.lifecycleEvent APR capabilities: IPv6 [true], sendfile [true], accept filters [false], random [true].
01-Jul-2021 10:48:33.139 INFO [main] org.apache.catalina.core.AprLifecycleListener.lifecycleEvent APR/OpenSSL configuration: useAprConnector [false], useOpenSSL [true]
01-Jul-2021 10:48:33.203 INFO [main] org.apache.catalina.core.AprLifecycleListener.initializeSSL OpenSSL successfully initialized [OpenSSL 1.1.1c  28 May 2019]
01-Jul-2021 10:48:33.547 INFO [main] org.apache.coyote.AbstractProtocol.init Initializing ProtocolHandler ["http-nio-8080"]
01-Jul-2021 10:48:33.926 INFO [main] org.apache.catalina.startup.Catalina.load Server initialization in [1,283] milliseconds
01-Jul-2021 10:48:34.074 INFO [main] org.apache.catalina.core.StandardService.startInternal Starting service [Catalina]
01-Jul-2021 10:48:34.074 INFO [main] org.apache.catalina.core.StandardEngine.startInternal Starting Servlet engine: [Apache Tomcat/9.0.34]
01-Jul-2021 10:48:34.112 INFO [main] org.apache.catalina.startup.HostConfig.deployDescriptor Deploying deployment descriptor [D:\Netbean 8.2 rc\apache-tomcat-9.0.34\conf\Catalina\localhost\Day1_Calculator.xml]
01-Jul-2021 10:48:34.130 WARNING [main] org.apache.catalina.startup.HostConfig.deployDescriptor The path attribute with value [/Day1_Calculator] in deployment descriptor [D:\Netbean 8.2 rc\apache-tomcat-9.0.34\conf\Catalina\localhost\Day1_Calculator.xml] has been ignored
01-Jul-2021 10:48:34.577 INFO [main] org.apache.jasper.servlet.TldScanner.scanJars At least one JAR was scanned for TLDs yet contained no TLDs. Enable debug logging for this logger for a complete list of JARs that were scanned but no TLDs were found in them. Skipping unneeded JARs during scanning can improve startup time and JSP compilation time.
01-Jul-2021 10:48:34.624 INFO [main] org.apache.catalina.startup.HostConfig.deployDescriptor Deployment of deployment descriptor [D:\Netbean 8.2 rc\apache-tomcat-9.0.34\conf\Catalina\localhost\Day1_Calculator.xml] has finished in [512] ms
01-Jul-2021 10:48:34.624 INFO [main] org.apache.catalina.startup.HostConfig.deployDescriptor Deploying deployment descriptor [D:\Netbean 8.2 rc\apache-tomcat-9.0.34\conf\Catalina\localhost\Day1_MVC.xml]
01-Jul-2021 10:48:34.625 WARNING [main] org.apache.catalina.startup.HostConfig.deployDescriptor The path attribute with value [/Day1_MVC] in deployment descriptor [D:\Netbean 8.2 rc\apache-tomcat-9.0.34\conf\Catalina\localhost\Day1_MVC.xml] has been ignored
01-Jul-2021 10:48:34.723 INFO [main] org.apache.jasper.servlet.TldScanner.scanJars At least one JAR was scanned for TLDs yet contained no TLDs. Enable debug logging for this logger for a complete list of JARs that were scanned but no TLDs were found in them. Skipping unneeded JARs during scanning can improve startup time and JSP compilation time.
01-Jul-2021 10:48:34.725 INFO [main] org.apache.catalina.startup.HostConfig.deployDescriptor Deployment of deployment descriptor [D:\Netbean 8.2 rc\apache-tomcat-9.0.34\conf\Catalina\localhost\Day1_MVC.xml] has finished in [101] ms
01-Jul-2021 10:48:34.726 INFO [main] org.apache.catalina.startup.HostConfig.deployDescriptor Deploying deployment descriptor [D:\Netbean 8.2 rc\apache-tomcat-9.0.34\conf\Catalina\localhost\Day7_ScopesDemo.xml]
01-Jul-2021 10:48:34.727 WARNING [main] org.apache.catalina.startup.HostConfig.deployDescriptor The path attribute with value [/Day7_ScopesDemo] in deployment descriptor [D:\Netbean 8.2 rc\apache-tomcat-9.0.34\conf\Catalina\localhost\Day7_ScopesDemo.xml] has been ignored
01-Jul-2021 10:48:34.805 INFO [main] org.apache.jasper.servlet.TldScanner.scanJars At least one JAR was scanned for TLDs yet contained no TLDs. Enable debug logging for this logger for a complete list of JARs that were scanned but no TLDs were found in them. Skipping unneeded JARs during scanning can improve startup time and JSP compilation time.
01-Jul-2021 10:48:34.807 INFO [main] org.apache.catalina.startup.HostConfig.deployDescriptor Deployment of deployment descriptor [D:\Netbean 8.2 rc\apache-tomcat-9.0.34\conf\Catalina\localhost\Day7_ScopesDemo.xml] has finished in [81] ms
01-Jul-2021 10:48:34.807 INFO [main] org.apache.catalina.startup.HostConfig.deployDescriptor Deploying deployment descriptor [D:\Netbean 8.2 rc\apache-tomcat-9.0.34\conf\Catalina\localhost\Demo_HitCounter.xml]
01-Jul-2021 10:48:34.808 WARNING [main] org.apache.catalina.startup.HostConfig.deployDescriptor The path attribute with value [/Demo_HitCounter] in deployment descriptor [D:\Netbean 8.2 rc\apache-tomcat-9.0.34\conf\Catalina\localhost\Demo_HitCounter.xml] has been ignored
01-Jul-2021 10:48:34.894 INFO [main] org.apache.jasper.servlet.TldScanner.scanJars At least one JAR was scanned for TLDs yet contained no TLDs. Enable debug logging for this logger for a complete list of JARs that were scanned but no TLDs were found in them. Skipping unneeded JARs during scanning can improve startup time and JSP compilation time.
01-Jul-2021 10:48:34.896 INFO [main] org.apache.catalina.startup.HostConfig.deployDescriptor Deployment of deployment descriptor [D:\Netbean 8.2 rc\apache-tomcat-9.0.34\conf\Catalina\localhost\Demo_HitCounter.xml] has finished in [88] ms
01-Jul-2021 10:48:34.896 INFO [main] org.apache.catalina.startup.HostConfig.deployDescriptor Deploying deployment descriptor [D:\Netbean 8.2 rc\apache-tomcat-9.0.34\conf\Catalina\localhost\Hello.xml]
01-Jul-2021 10:48:34.897 WARNING [main] org.apache.catalina.startup.HostConfig.deployDescriptor The path attribute with value [/Hello] in deployment descriptor [D:\Netbean 8.2 rc\apache-tomcat-9.0.34\conf\Catalina\localhost\Hello.xml] has been ignored
01-Jul-2021 10:48:34.969 INFO [main] org.apache.jasper.servlet.TldScanner.scanJars At least one JAR was scanned for TLDs yet contained no TLDs. Enable debug logging for this logger for a complete list of JARs that were scanned but no TLDs were found in them. Skipping unneeded JARs during scanning can improve startup time and JSP compilation time.
01-Jul-2021 10:48:34.971 INFO [main] org.apache.catalina.startup.HostConfig.deployDescriptor Deployment of deployment descriptor [D:\Netbean 8.2 rc\apache-tomcat-9.0.34\conf\Catalina\localhost\Hello.xml] has finished in [75] ms
01-Jul-2021 10:48:34.971 INFO [main] org.apache.catalina.startup.HostConfig.deployDescriptor Deploying deployment descriptor [D:\Netbean 8.2 rc\apache-tomcat-9.0.34\conf\Catalina\localhost\Hello_JSP.xml]
01-Jul-2021 10:48:34.972 WARNING [main] org.apache.catalina.startup.HostConfig.deployDescriptor The path attribute with value [/Hello_JSP] in deployment descriptor [D:\Netbean 8.2 rc\apache-tomcat-9.0.34\conf\Catalina\localhost\Hello_JSP.xml] has been ignored
01-Jul-2021 10:48:35.037 INFO [main] org.apache.jasper.servlet.TldScanner.scanJars At least one JAR was scanned for TLDs yet contained no TLDs. Enable debug logging for this logger for a complete list of JARs that were scanned but no TLDs were found in them. Skipping unneeded JARs during scanning can improve startup time and JSP compilation time.
01-Jul-2021 10:48:35.039 INFO [main] org.apache.catalina.startup.HostConfig.deployDescriptor Deployment of deployment descriptor [D:\Netbean 8.2 rc\apache-tomcat-9.0.34\conf\Catalina\localhost\Hello_JSP.xml] has finished in [68] ms
01-Jul-2021 10:48:35.039 INFO [main] org.apache.catalina.startup.HostConfig.deployDescriptor Deploying deployment descriptor [D:\Netbean 8.2 rc\apache-tomcat-9.0.34\conf\Catalina\localhost\Login_DoGet_DoPost.xml]
01-Jul-2021 10:48:35.040 WARNING [main] org.apache.catalina.startup.HostConfig.deployDescriptor The path attribute with value [/Login_DoGet_DoPost] in deployment descriptor [D:\Netbean 8.2 rc\apache-tomcat-9.0.34\conf\Catalina\localhost\Login_DoGet_DoPost.xml] has been ignored
01-Jul-2021 10:48:35.114 INFO [main] org.apache.jasper.servlet.TldScanner.scanJars At least one JAR was scanned for TLDs yet contained no TLDs. Enable debug logging for this logger for a complete list of JARs that were scanned but no TLDs were found in them. Skipping unneeded JARs during scanning can improve startup time and JSP compilation time.
01-Jul-2021 10:48:35.115 INFO [main] org.apache.catalina.startup.HostConfig.deployDescriptor Deployment of deployment descriptor [D:\Netbean 8.2 rc\apache-tomcat-9.0.34\conf\Catalina\localhost\Login_DoGet_DoPost.xml] has finished in [76] ms
01-Jul-2021 10:48:35.116 INFO [main] org.apache.catalina.startup.HostConfig.deployDescriptor Deploying deployment descriptor [D:\Netbean 8.2 rc\apache-tomcat-9.0.34\conf\Catalina\localhost\Login_Register_Apollo.xml]
01-Jul-2021 10:48:35.117 WARNING [main] org.apache.catalina.startup.HostConfig.deployDescriptor The path attribute with value [/Login_Register_Apollo] in deployment descriptor [D:\Netbean 8.2 rc\apache-tomcat-9.0.34\conf\Catalina\localhost\Login_Register_Apollo.xml] has been ignored
01-Jul-2021 10:48:35.177 INFO [main] org.apache.jasper.servlet.TldScanner.scanJars At least one JAR was scanned for TLDs yet contained no TLDs. Enable debug logging for this logger for a complete list of JARs that were scanned but no TLDs were found in them. Skipping unneeded JARs during scanning can improve startup time and JSP compilation time.
01-Jul-2021 10:48:35.180 INFO [main] org.apache.catalina.startup.HostConfig.deployDescriptor Deployment of deployment descriptor [D:\Netbean 8.2 rc\apache-tomcat-9.0.34\conf\Catalina\localhost\Login_Register_Apollo.xml] has finished in [63] ms
01-Jul-2021 10:48:35.180 INFO [main] org.apache.catalina.startup.HostConfig.deployDescriptor Deploying deployment descriptor [D:\Netbean 8.2 rc\apache-tomcat-9.0.34\conf\Catalina\localhost\MVC2Java_Database.xml]
01-Jul-2021 10:48:35.181 WARNING [main] org.apache.catalina.startup.HostConfig.deployDescriptor The path attribute with value [/MVC2Java_Database] in deployment descriptor [D:\Netbean 8.2 rc\apache-tomcat-9.0.34\conf\Catalina\localhost\MVC2Java_Database.xml] has been ignored
01-Jul-2021 10:48:35.854 INFO [main] org.apache.jasper.servlet.TldScanner.scanJars At least one JAR was scanned for TLDs yet contained no TLDs. Enable debug logging for this logger for a complete list of JARs that were scanned but no TLDs were found in them. Skipping unneeded JARs during scanning can improve startup time and JSP compilation time.
01-Jul-2021 10:48:35.864 INFO [main] org.apache.catalina.startup.HostConfig.deployDescriptor Deployment of deployment descriptor [D:\Netbean 8.2 rc\apache-tomcat-9.0.34\conf\Catalina\localhost\MVC2Java_Database.xml] has finished in [684] ms
01-Jul-2021 10:48:35.865 INFO [main] org.apache.catalina.startup.HostConfig.deployDescriptor Deploying deployment descriptor [D:\Netbean 8.2 rc\apache-tomcat-9.0.34\conf\Catalina\localhost\Page_Directive.xml]
01-Jul-2021 10:48:35.866 WARNING [main] org.apache.catalina.startup.HostConfig.deployDescriptor The path attribute with value [/Page_Directive] in deployment descriptor [D:\Netbean 8.2 rc\apache-tomcat-9.0.34\conf\Catalina\localhost\Page_Directive.xml] has been ignored
01-Jul-2021 10:48:36.112 INFO [main] org.apache.jasper.servlet.TldScanner.scanJars At least one JAR was scanned for TLDs yet contained no TLDs. Enable debug logging for this logger for a complete list of JARs that were scanned but no TLDs were found in them. Skipping unneeded JARs during scanning can improve startup time and JSP compilation time.
01-Jul-2021 10:48:36.114 INFO [main] org.apache.catalina.startup.HostConfig.deployDescriptor Deployment of deployment descriptor [D:\Netbean 8.2 rc\apache-tomcat-9.0.34\conf\Catalina\localhost\Page_Directive.xml] has finished in [249] ms
01-Jul-2021 10:48:36.114 INFO [main] org.apache.catalina.startup.HostConfig.deployDescriptor Deploying deployment descriptor [D:\Netbean 8.2 rc\apache-tomcat-9.0.34\conf\Catalina\localhost\Project_Website_Ban_Hang.xml]
01-Jul-2021 10:48:36.116 WARNING [main] org.apache.catalina.startup.HostConfig.deployDescriptor The path attribute with value [/Project_Website_Ban_Hang] in deployment descriptor [D:\Netbean 8.2 rc\apache-tomcat-9.0.34\conf\Catalina\localhost\Project_Website_Ban_Hang.xml] has been ignored
01-Jul-2021 10:48:36.661 INFO [main] org.apache.jasper.servlet.TldScanner.scanJars At least one JAR was scanned for TLDs yet contained no TLDs. Enable debug logging for this logger for a complete list of JARs that were scanned but no TLDs were found in them. Skipping unneeded JARs during scanning can improve startup time and JSP compilation time.
01-Jul-2021 10:48:36.670 INFO [main] org.apache.catalina.startup.HostConfig.deployDescriptor Deployment of deployment descriptor [D:\Netbean 8.2 rc\apache-tomcat-9.0.34\conf\Catalina\localhost\Project_Website_Ban_Hang.xml] has finished in [555] ms
01-Jul-2021 10:48:36.670 INFO [main] org.apache.catalina.startup.HostConfig.deployDescriptor Deploying deployment descriptor [D:\Netbean 8.2 rc\apache-tomcat-9.0.34\conf\Catalina\localhost\SimpleD.xml]
01-Jul-2021 10:48:36.671 WARNING [main] org.apache.catalina.startup.HostConfig.deployDescriptor The path attribute with value [/SimpleD] in deployment descriptor [D:\Netbean 8.2 rc\apache-tomcat-9.0.34\conf\Catalina\localhost\SimpleD.xml] has been ignored
01-Jul-2021 10:48:36.724 INFO [main] org.apache.jasper.servlet.TldScanner.scanJars At least one JAR was scanned for TLDs yet contained no TLDs. Enable debug logging for this logger for a complete list of JARs that were scanned but no TLDs were found in them. Skipping unneeded JARs during scanning can improve startup time and JSP compilation time.
01-Jul-2021 10:48:36.726 INFO [main] org.apache.catalina.startup.HostConfig.deployDescriptor Deployment of deployment descriptor [D:\Netbean 8.2 rc\apache-tomcat-9.0.34\conf\Catalina\localhost\SimpleD.xml] has finished in [56] ms
01-Jul-2021 10:48:36.726 INFO [main] org.apache.catalina.startup.HostConfig.deployDescriptor Deploying deployment descriptor [D:\Netbean 8.2 rc\apache-tomcat-9.0.34\conf\Catalina\localhost\SimpleDate.xml]
01-Jul-2021 10:48:36.728 WARNING [main] org.apache.catalina.startup.HostConfig.deployDescriptor The path attribute with value [/SimpleDate] in deployment descriptor [D:\Netbean 8.2 rc\apache-tomcat-9.0.34\conf\Catalina\localhost\SimpleDate.xml] has been ignored
01-Jul-2021 10:48:36.818 INFO [main] org.apache.jasper.servlet.TldScanner.scanJars At least one JAR was scanned for TLDs yet contained no TLDs. Enable debug logging for this logger for a complete list of JARs that were scanned but no TLDs were found in them. Skipping unneeded JARs during scanning can improve startup time and JSP compilation time.
01-Jul-2021 10:48:36.819 INFO [main] org.apache.catalina.startup.HostConfig.deployDescriptor Deployment of deployment descriptor [D:\Netbean 8.2 rc\apache-tomcat-9.0.34\conf\Catalina\localhost\SimpleDate.xml] has finished in [93] ms
01-Jul-2021 10:48:36.820 INFO [main] org.apache.catalina.startup.HostConfig.deployDescriptor Deploying deployment descriptor [D:\Netbean 8.2 rc\apache-tomcat-9.0.34\conf\Catalina\localhost\WorkShop1_SE1502_Magazine.xml]
01-Jul-2021 10:48:36.820 WARNING [main] org.apache.catalina.startup.HostConfig.deployDescriptor The path attribute with value [/WorkShop1_SE1502_Magazine] in deployment descriptor [D:\Netbean 8.2 rc\apache-tomcat-9.0.34\conf\Catalina\localhost\WorkShop1_SE1502_Magazine.xml] has been ignored
01-Jul-2021 10:48:37.327 INFO [main] org.apache.jasper.servlet.TldScanner.scanJars At least one JAR was scanned for TLDs yet contained no TLDs. Enable debug logging for this logger for a complete list of JARs that were scanned but no TLDs were found in them. Skipping unneeded JARs during scanning can improve startup time and JSP compilation time.
01-Jul-2021 10:48:37.335 INFO [main] org.apache.catalina.startup.HostConfig.deployDescriptor Deployment of deployment descriptor [D:\Netbean 8.2 rc\apache-tomcat-9.0.34\conf\Catalina\localhost\WorkShop1_SE1502_Magazine.xml] has finished in [514] ms
01-Jul-2021 10:48:37.335 INFO [main] org.apache.catalina.startup.HostConfig.deployDirectory Deploying web application directory [D:\Netbean 8.2 rc\apache-tomcat-9.0.34\webapps\docs]
01-Jul-2021 10:48:37.394 INFO [main] org.apache.jasper.servlet.TldScanner.scanJars At least one JAR was scanned for TLDs yet contained no TLDs. Enable debug logging for this logger for a complete list of JARs that were scanned but no TLDs were found in them. Skipping unneeded JARs during scanning can improve startup time and JSP compilation time.
01-Jul-2021 10:48:37.396 INFO [main] org.apache.catalina.startup.HostConfig.deployDirectory Deployment of web application directory [D:\Netbean 8.2 rc\apache-tomcat-9.0.34\webapps\docs] has finished in [61] ms
01-Jul-2021 10:48:37.396 INFO [main] org.apache.catalina.startup.HostConfig.deployDirectory Deploying web application directory [D:\Netbean 8.2 rc\apache-tomcat-9.0.34\webapps\examples]
01-Jul-2021 10:48:38.155 INFO [main] org.apache.jasper.servlet.TldScanner.scanJars At least one JAR was scanned for TLDs yet contained no TLDs. Enable debug logging for this logger for a complete list of JARs that were scanned but no TLDs were found in them. Skipping unneeded JARs during scanning can improve startup time and JSP compilation time.
01-Jul-2021 10:48:38.184 INFO [main] org.apache.catalina.startup.HostConfig.deployDirectory Deployment of web application directory [D:\Netbean 8.2 rc\apache-tomcat-9.0.34\webapps\examples] has finished in [788] ms
01-Jul-2021 10:48:38.184 INFO [main] org.apache.catalina.startup.HostConfig.deployDirectory Deploying web application directory [D:\Netbean 8.2 rc\apache-tomcat-9.0.34\webapps\host-manager]
01-Jul-2021 10:48:38.259 INFO [main] org.apache.jasper.servlet.TldScanner.scanJars At least one JAR was scanned for TLDs yet contained no TLDs. Enable debug logging for this logger for a complete list of JARs that were scanned but no TLDs were found in them. Skipping unneeded JARs during scanning can improve startup time and JSP compilation time.
01-Jul-2021 10:48:38.262 INFO [main] org.apache.catalina.startup.HostConfig.deployDirectory Deployment of web application directory [D:\Netbean 8.2 rc\apache-tomcat-9.0.34\webapps\host-manager] has finished in [78] ms
01-Jul-2021 10:48:38.262 INFO [main] org.apache.catalina.startup.HostConfig.deployDirectory Deploying web application directory [D:\Netbean 8.2 rc\apache-tomcat-9.0.34\webapps\manager]
01-Jul-2021 10:48:38.359 INFO [main] org.apache.jasper.servlet.TldScanner.scanJars At least one JAR was scanned for TLDs yet contained no TLDs. Enable debug logging for this logger for a complete list of JARs that were scanned but no TLDs were found in them. Skipping unneeded JARs during scanning can improve startup time and JSP compilation time.
01-Jul-2021 10:48:38.360 INFO [main] org.apache.catalina.startup.HostConfig.deployDirectory Deployment of web application directory [D:\Netbean 8.2 rc\apache-tomcat-9.0.34\webapps\manager] has finished in [98] ms
01-Jul-2021 10:48:38.361 INFO [main] org.apache.catalina.startup.HostConfig.deployDirectory Deploying web application directory [D:\Netbean 8.2 rc\apache-tomcat-9.0.34\webapps\ROOT]
01-Jul-2021 10:48:38.494 INFO [main] org.apache.jasper.servlet.TldScanner.scanJars At least one JAR was scanned for TLDs yet contained no TLDs. Enable debug logging for this logger for a complete list of JARs that were scanned but no TLDs were found in them. Skipping unneeded JARs during scanning can improve startup time and JSP compilation time.
01-Jul-2021 10:48:38.496 INFO [main] org.apache.catalina.startup.HostConfig.deployDirectory Deployment of web application directory [D:\Netbean 8.2 rc\apache-tomcat-9.0.34\webapps\ROOT] has finished in [135] ms
01-Jul-2021 10:48:38.500 INFO [main] org.apache.coyote.AbstractProtocol.start Starting ProtocolHandler ["http-nio-8080"]
01-Jul-2021 10:48:38.510 INFO [main] org.apache.catalina.startup.Catalina.start Server startup in [4,583] milliseconds
01-Jul-2021 10:48:40.711 INFO [http-nio-8080-exec-5] org.apache.catalina.startup.HostConfig.deployDescriptor Deploying deployment descriptor [D:\Netbean 8.2 rc\apache-tomcat-9.0.34\conf\Catalina\localhost\myweb.xml]
01-Jul-2021 10:48:40.712 WARNING [http-nio-8080-exec-5] org.apache.catalina.startup.HostConfig.deployDescriptor The path attribute with value [/myweb] in deployment descriptor [D:\Netbean 8.2 rc\apache-tomcat-9.0.34\conf\Catalina\localhost\myweb.xml] has been ignored
01-Jul-2021 10:48:40.773 INFO [http-nio-8080-exec-5] org.apache.jasper.servlet.TldScanner.scanJars At least one JAR was scanned for TLDs yet contained no TLDs. Enable debug logging for this logger for a complete list of JARs that were scanned but no TLDs were found in them. Skipping unneeded JARs during scanning can improve startup time and JSP compilation time.
01-Jul-2021 10:48:40.776 INFO [http-nio-8080-exec-5] org.apache.catalina.startup.HostConfig.deployDescriptor Deployment of deployment descriptor [D:\Netbean 8.2 rc\apache-tomcat-9.0.34\conf\Catalina\localhost\myweb.xml] has finished in [64] ms
01-Jul-2021 10:48:40.790 INFO [http-nio-8080-exec-5] org.apache.catalina.util.LifecycleBase.start The start() method was called on component [StandardEngine[Catalina].StandardHost[localhost].StandardContext[/myweb]] after start() had already been called. The second call will be ignored.
01-Jul-2021 10:48:55.364 INFO [http-nio-8080-exec-2] org.apache.jasper.servlet.TldScanner.scanJars At least one JAR was scanned for TLDs yet contained no TLDs. Enable debug logging for this logger for a complete list of JARs that were scanned but no TLDs were found in them. Skipping unneeded JARs during scanning can improve startup time and JSP compilation time.
01-Jul-2021 10:48:55.722 INFO [http-nio-8080-exec-7] org.apache.jasper.servlet.TldScanner.scanJars At least one JAR was scanned for TLDs yet contained no TLDs. Enable debug logging for this logger for a complete list of JARs that were scanned but no TLDs were found in them. Skipping unneeded JARs during scanning can improve startup time and JSP compilation time.
01-Jul-2021 10:48:58.522 INFO [Catalina-utility-2] org.apache.catalina.startup.HostConfig.reload Reloading context [/myweb]
01-Jul-2021 10:48:58.522 INFO [Catalina-utility-2] org.apache.catalina.core.StandardContext.reload Reloading Context with name [/myweb] has started
01-Jul-2021 10:48:58.577 INFO [Catalina-utility-2] org.apache.jasper.servlet.TldScanner.scanJars At least one JAR was scanned for TLDs yet contained no TLDs. Enable debug logging for this logger for a complete list of JARs that were scanned but no TLDs were found in them. Skipping unneeded JARs during scanning can improve startup time and JSP compilation time.
01-Jul-2021 10:48:58.689 INFO [Catalina-utility-2] org.apache.catalina.core.StandardContext.reload Reloading Context with name [/myweb] is completed
01-Jul-2021 10:52:00.318 INFO [http-nio-8080-exec-22] org.apache.catalina.core.StandardContext.reload Reloading Context with name [/myweb] has started
01-Jul-2021 10:52:00.358 INFO [http-nio-8080-exec-22] org.apache.jasper.servlet.TldScanner.scanJars At least one JAR was scanned for TLDs yet contained no TLDs. Enable debug logging for this logger for a complete list of JARs that were scanned but no TLDs were found in them. Skipping unneeded JARs during scanning can improve startup time and JSP compilation time.
01-Jul-2021 10:52:00.366 INFO [http-nio-8080-exec-22] org.apache.catalina.core.StandardContext.reload Reloading Context with name [/myweb] is completed
01-Jul-2021 10:52:54.423 INFO [http-nio-8080-exec-20] org.apache.catalina.core.StandardContext.reload Reloading Context with name [/myweb] has started
01-Jul-2021 10:52:54.511 INFO [http-nio-8080-exec-20] org.apache.jasper.servlet.TldScanner.scanJars At least one JAR was scanned for TLDs yet contained no TLDs. Enable debug logging for this logger for a complete list of JARs that were scanned but no TLDs were found in them. Skipping unneeded JARs during scanning can improve startup time and JSP compilation time.
01-Jul-2021 10:52:54.517 INFO [http-nio-8080-exec-20] org.apache.catalina.core.StandardContext.reload Reloading Context with name [/myweb] is completed
01-Jul-2021 10:54:25.210 INFO [http-nio-8080-exec-20] org.apache.catalina.core.StandardContext.reload Reloading Context with name [/myweb] has started
01-Jul-2021 10:54:25.264 SEVERE [http-nio-8080-exec-20] org.apache.catalina.core.StandardContext.reload Exception starting Context with name [/myweb]
	org.apache.catalina.LifecycleException: Failed to start component [StandardEngine[Catalina].StandardHost[localhost].StandardContext[/myweb]]
		at org.apache.catalina.util.LifecycleBase.handleSubClassException(LifecycleBase.java:440)
		at org.apache.catalina.util.LifecycleBase.start(LifecycleBase.java:198)
		at org.apache.catalina.core.StandardContext.reload(StandardContext.java:3763)
		at org.apache.catalina.manager.ManagerServlet.reload(ManagerServlet.java:1121)
		at org.apache.catalina.manager.ManagerServlet.doGet(ManagerServlet.java:365)
		at javax.servlet.http.HttpServlet.service(HttpServlet.java:634)
		at javax.servlet.http.HttpServlet.service(HttpServlet.java:741)
		at org.apache.catalina.core.ApplicationFilterChain.internalDoFilter(ApplicationFilterChain.java:231)
		at org.apache.catalina.core.ApplicationFilterChain.doFilter(ApplicationFilterChain.java:166)
		at org.apache.tomcat.websocket.server.WsFilter.doFilter(WsFilter.java:53)
		at org.apache.catalina.core.ApplicationFilterChain.internalDoFilter(ApplicationFilterChain.java:193)
		at org.apache.catalina.core.ApplicationFilterChain.doFilter(ApplicationFilterChain.java:166)
		at org.netbeans.modules.web.monitor.server.MonitorFilter.doFilter(MonitorFilter.java:368)
		at org.apache.catalina.core.ApplicationFilterChain.internalDoFilter(ApplicationFilterChain.java:193)
		at org.apache.catalina.core.ApplicationFilterChain.doFilter(ApplicationFilterChain.java:166)
		at org.apache.catalina.core.StandardWrapperValve.invoke(StandardWrapperValve.java:202)
		at org.apache.catalina.core.StandardContextValve.invoke(StandardContextValve.java:96)
		at org.apache.catalina.authenticator.AuthenticatorBase.invoke(AuthenticatorBase.java:666)
		at org.apache.catalina.valves.RequestFilterValve.process(RequestFilterValve.java:348)
		at org.apache.catalina.valves.RemoteAddrValve.invoke(RemoteAddrValve.java:53)
		at org.apache.catalina.core.StandardHostValve.invoke(StandardHostValve.java:139)
		at org.apache.catalina.valves.ErrorReportValve.invoke(ErrorReportValve.java:92)
		at org.apache.catalina.valves.AbstractAccessLogValve.invoke(AbstractAccessLogValve.java:690)
		at org.apache.catalina.core.StandardEngineValve.invoke(StandardEngineValve.java:74)
		at org.apache.catalina.connector.CoyoteAdapter.service(CoyoteAdapter.java:343)
		at org.apache.coyote.http11.Http11Processor.service(Http11Processor.java:373)
		at org.apache.coyote.AbstractProcessorLight.process(AbstractProcessorLight.java:65)
		at org.apache.coyote.AbstractProtocol$ConnectionHandler.process(AbstractProtocol.java:868)
		at org.apache.tomcat.util.net.NioEndpoint$SocketProcessor.doRun(NioEndpoint.java:1590)
		at org.apache.tomcat.util.net.SocketProcessorBase.run(SocketProcessorBase.java:49)
		at java.util.concurrent.ThreadPoolExecutor.runWorker(ThreadPoolExecutor.java:1142)
		at java.util.concurrent.ThreadPoolExecutor$Worker.run(ThreadPoolExecutor.java:617)
		at org.apache.tomcat.util.threads.TaskThread$WrappingRunnable.run(TaskThread.java:61)
		at java.lang.Thread.run(Thread.java:745)
	Caused by: java.lang.VerifyError: Bad local variable type
Exception Details:
  Location:
    Servlet/PersonInfomationServlet.processRequest(Ljavax/servlet/http/HttpServletRequest;Ljavax/servlet/http/HttpServletResponse;)V @17: aload
  Reason:
    Type top (current frame, locals[4]) is not assignable to reference type
  Current Frame:
    bci: @17
    flags: { }
    locals: { 'Servlet/PersonInfomationServlet', 'javax/servlet/http/HttpServletRequest', 'javax/servlet/http/HttpServletResponse', 'java/util/ArrayList' }
    stack: { 'javax/servlet/http/HttpServletRequest' }
  Bytecode:
    0x0000000: 2c12 07b9 0009 0200 bb00 0f59 b700 114e
    0x0000010: 2b19 04b9 0012 0200 3a04 bb00 1859 121a
    0x0000020: b700 1cbf                              

		at java.lang.Class.getDeclaredFields0(Native Method)
		at java.lang.Class.privateGetDeclaredFields(Class.java:2583)
		at java.lang.Class.getDeclaredFields(Class.java:1916)
		at org.apache.catalina.util.Introspection.getDeclaredFields(Introspection.java:110)
		at org.apache.catalina.startup.WebAnnotationSet.loadFieldsAnnotation(WebAnnotationSet.java:269)
		at org.apache.catalina.startup.WebAnnotationSet.loadApplicationServletAnnotations(WebAnnotationSet.java:137)
		at org.apache.catalina.startup.WebAnnotationSet.loadApplicationAnnotations(WebAnnotationSet.java:69)
		at org.apache.catalina.startup.ContextConfig.applicationAnnotationsConfig(ContextConfig.java:330)
		at org.apache.catalina.startup.ContextConfig.configureStart(ContextConfig.java:777)
		at org.apache.catalina.startup.ContextConfig.lifecycleEvent(ContextConfig.java:301)
		at org.apache.catalina.util.LifecycleBase.fireLifecycleEvent(LifecycleBase.java:123)
		at org.apache.catalina.core.StandardContext.startInternal(StandardContext.java:5056)
		at org.apache.catalina.util.LifecycleBase.start(LifecycleBase.java:183)
		... 32 more
01-Jul-2021 10:54:25.443 INFO [http-nio-8080-exec-20] org.apache.catalina.core.StandardContext.reload Reloading Context with name [/myweb] is completed
01-Jul-2021 11:11:21.882 INFO [http-nio-8080-exec-32] org.apache.catalina.startup.HostConfig.undeploy Undeploying context [/myweb]
01-Jul-2021 11:11:21.951 INFO [http-nio-8080-exec-32] org.apache.catalina.startup.HostConfig.deployDescriptor Deploying deployment descriptor [D:\Netbean 8.2 rc\apache-tomcat-9.0.34\conf\Catalina\localhost\myweb.xml]
01-Jul-2021 11:11:21.953 WARNING [http-nio-8080-exec-32] org.apache.catalina.startup.HostConfig.deployDescriptor The path attribute with value [/myweb] in deployment descriptor [D:\Netbean 8.2 rc\apache-tomcat-9.0.34\conf\Catalina\localhost\myweb.xml] has been ignored
01-Jul-2021 11:11:22.022 INFO [http-nio-8080-exec-32] org.apache.jasper.servlet.TldScanner.scanJars At least one JAR was scanned for TLDs yet contained no TLDs. Enable debug logging for this logger for a complete list of JARs that were scanned but no TLDs were found in them. Skipping unneeded JARs during scanning can improve startup time and JSP compilation time.
01-Jul-2021 11:11:22.025 INFO [http-nio-8080-exec-32] org.apache.catalina.startup.HostConfig.deployDescriptor Deployment of deployment descriptor [D:\Netbean 8.2 rc\apache-tomcat-9.0.34\conf\Catalina\localhost\myweb.xml] has finished in [73] ms
01-Jul-2021 11:11:22.034 INFO [http-nio-8080-exec-32] org.apache.catalina.util.LifecycleBase.start The start() method was called on component [StandardEngine[Catalina].StandardHost[localhost].StandardContext[/myweb]] after start() had already been called. The second call will be ignored.
01-Jul-2021 11:14:22.791 INFO [http-nio-8080-exec-38] org.apache.catalina.core.StandardContext.reload Reloading Context with name [/myweb] has started
01-Jul-2021 11:14:22.839 INFO [http-nio-8080-exec-38] org.apache.jasper.servlet.TldScanner.scanJars At least one JAR was scanned for TLDs yet contained no TLDs. Enable debug logging for this logger for a complete list of JARs that were scanned but no TLDs were found in them. Skipping unneeded JARs during scanning can improve startup time and JSP compilation time.
01-Jul-2021 11:14:22.840 INFO [http-nio-8080-exec-38] org.apache.catalina.core.StandardContext.reload Reloading Context with name [/myweb] is completed
01-Jul-2021 11:21:29.874 INFO [http-nio-8080-exec-48] org.apache.catalina.core.StandardContext.reload Reloading Context with name [/myweb] has started
01-Jul-2021 11:21:29.928 INFO [http-nio-8080-exec-48] org.apache.jasper.servlet.TldScanner.scanJars At least one JAR was scanned for TLDs yet contained no TLDs. Enable debug logging for this logger for a complete list of JARs that were scanned but no TLDs were found in them. Skipping unneeded JARs during scanning can improve startup time and JSP compilation time.
01-Jul-2021 11:21:29.941 INFO [http-nio-8080-exec-48] org.apache.catalina.core.StandardContext.reload Reloading Context with name [/myweb] is completed
01-Jul-2021 11:21:30.071 INFO [http-nio-8080-exec-49] org.apache.catalina.core.StandardContext.reload Reloading Context with name [/myweb] has started
01-Jul-2021 11:21:30.118 INFO [http-nio-8080-exec-49] org.apache.jasper.servlet.TldScanner.scanJars At least one JAR was scanned for TLDs yet contained no TLDs. Enable debug logging for this logger for a complete list of JARs that were scanned but no TLDs were found in them. Skipping unneeded JARs during scanning can improve startup time and JSP compilation time.
01-Jul-2021 11:21:30.122 INFO [http-nio-8080-exec-49] org.apache.catalina.core.StandardContext.reload Reloading Context with name [/myweb] is completed
01-Jul-2021 11:23:32.847 INFO [http-nio-8080-exec-54] org.apache.catalina.core.StandardContext.reload Reloading Context with name [/myweb] has started
01-Jul-2021 11:23:32.899 INFO [http-nio-8080-exec-54] org.apache.jasper.servlet.TldScanner.scanJars At least one JAR was scanned for TLDs yet contained no TLDs. Enable debug logging for this logger for a complete list of JARs that were scanned but no TLDs were found in them. Skipping unneeded JARs during scanning can improve startup time and JSP compilation time.
01-Jul-2021 11:23:32.909 INFO [http-nio-8080-exec-54] org.apache.catalina.core.StandardContext.reload Reloading Context with name [/myweb] is completed
01-Jul-2021 11:25:54.526 INFO [http-nio-8080-exec-54] org.apache.catalina.core.StandardContext.reload Reloading Context with name [/myweb] has started
01-Jul-2021 11:25:54.577 INFO [http-nio-8080-exec-54] org.apache.jasper.servlet.TldScanner.scanJars At least one JAR was scanned for TLDs yet contained no TLDs. Enable debug logging for this logger for a complete list of JARs that were scanned but no TLDs were found in them. Skipping unneeded JARs during scanning can improve startup time and JSP compilation time.
01-Jul-2021 11:25:54.584 INFO [http-nio-8080-exec-54] org.apache.catalina.core.StandardContext.reload Reloading Context with name [/myweb] is completed
01-Jul-2021 11:25:54.747 INFO [http-nio-8080-exec-59] org.apache.catalina.core.StandardContext.reload Reloading Context with name [/myweb] has started
01-Jul-2021 11:25:54.803 INFO [http-nio-8080-exec-59] org.apache.jasper.servlet.TldScanner.scanJars At least one JAR was scanned for TLDs yet contained no TLDs. Enable debug logging for this logger for a complete list of JARs that were scanned but no TLDs were found in them. Skipping unneeded JARs during scanning can improve startup time and JSP compilation time.
01-Jul-2021 11:25:54.807 INFO [http-nio-8080-exec-59] org.apache.catalina.core.StandardContext.reload Reloading Context with name [/myweb] is completed
01-Jul-2021 11:26:02.743 INFO [http-nio-8080-exec-59] org.apache.catalina.core.StandardContext.reload Reloading Context with name [/myweb] has started
01-Jul-2021 11:26:02.791 INFO [http-nio-8080-exec-59] org.apache.jasper.servlet.TldScanner.scanJars At least one JAR was scanned for TLDs yet contained no TLDs. Enable debug logging for this logger for a complete list of JARs that were scanned but no TLDs were found in them. Skipping unneeded JARs during scanning can improve startup time and JSP compilation time.
01-Jul-2021 11:26:02.794 INFO [http-nio-8080-exec-59] org.apache.catalina.core.StandardContext.reload Reloading Context with name [/myweb] is completed
01-Jul-2021 11:26:17.525 INFO [http-nio-8080-exec-59] org.apache.catalina.core.StandardContext.reload Reloading Context with name [/myweb] has started
01-Jul-2021 11:26:17.568 INFO [http-nio-8080-exec-59] org.apache.jasper.servlet.TldScanner.scanJars At least one JAR was scanned for TLDs yet contained no TLDs. Enable debug logging for this logger for a complete list of JARs that were scanned but no TLDs were found in them. Skipping unneeded JARs during scanning can improve startup time and JSP compilation time.
01-Jul-2021 11:26:17.571 INFO [http-nio-8080-exec-59] org.apache.catalina.core.StandardContext.reload Reloading Context with name [/myweb] is completed
01-Jul-2021 11:26:18.713 INFO [http-nio-8080-exec-51] org.apache.catalina.core.StandardContext.reload Reloading Context with name [/myweb] has started
01-Jul-2021 11:26:18.754 INFO [http-nio-8080-exec-51] org.apache.jasper.servlet.TldScanner.scanJars At least one JAR was scanned for TLDs yet contained no TLDs. Enable debug logging for this logger for a complete list of JARs that were scanned but no TLDs were found in them. Skipping unneeded JARs during scanning can improve startup time and JSP compilation time.
01-Jul-2021 11:26:18.757 INFO [http-nio-8080-exec-51] org.apache.catalina.core.StandardContext.reload Reloading Context with name [/myweb] is completed
01-Jul-2021 11:27:09.563 INFO [http-nio-8080-exec-68] org.apache.catalina.core.StandardContext.reload Reloading Context with name [/myweb] has started
01-Jul-2021 11:27:09.615 INFO [http-nio-8080-exec-68] org.apache.jasper.servlet.TldScanner.scanJars At least one JAR was scanned for TLDs yet contained no TLDs. Enable debug logging for this logger for a complete list of JARs that were scanned but no TLDs were found in them. Skipping unneeded JARs during scanning can improve startup time and JSP compilation time.
01-Jul-2021 11:27:09.625 INFO [http-nio-8080-exec-68] org.apache.catalina.core.StandardContext.reload Reloading Context with name [/myweb] is completed
01-Jul-2021 11:27:19.344 INFO [http-nio-8080-exec-65] org.apache.catalina.core.StandardContext.reload Reloading Context with name [/myweb] has started
01-Jul-2021 11:27:19.392 INFO [http-nio-8080-exec-65] org.apache.jasper.servlet.TldScanner.scanJars At least one JAR was scanned for TLDs yet contained no TLDs. Enable debug logging for this logger for a complete list of JARs that were scanned but no TLDs were found in them. Skipping unneeded JARs during scanning can improve startup time and JSP compilation time.
01-Jul-2021 11:27:19.396 INFO [http-nio-8080-exec-65] org.apache.catalina.core.StandardContext.reload Reloading Context with name [/myweb] is completed
01-Jul-2021 11:27:20.456 INFO [http-nio-8080-exec-71] org.apache.catalina.core.StandardContext.reload Reloading Context with name [/myweb] has started
01-Jul-2021 11:27:20.492 INFO [http-nio-8080-exec-71] org.apache.jasper.servlet.TldScanner.scanJars At least one JAR was scanned for TLDs yet contained no TLDs. Enable debug logging for this logger for a complete list of JARs that were scanned but no TLDs were found in them. Skipping unneeded JARs during scanning can improve startup time and JSP compilation time.
01-Jul-2021 11:27:20.495 INFO [http-nio-8080-exec-71] org.apache.catalina.core.StandardContext.reload Reloading Context with name [/myweb] is completed
01-Jul-2021 11:27:27.867 INFO [http-nio-8080-exec-73] org.apache.catalina.core.StandardContext.reload Reloading Context with name [/myweb] has started
01-Jul-2021 11:27:27.913 INFO [http-nio-8080-exec-73] org.apache.jasper.servlet.TldScanner.scanJars At least one JAR was scanned for TLDs yet contained no TLDs. Enable debug logging for this logger for a complete list of JARs that were scanned but no TLDs were found in them. Skipping unneeded JARs during scanning can improve startup time and JSP compilation time.
01-Jul-2021 11:27:27.920 INFO [http-nio-8080-exec-73] org.apache.catalina.core.StandardContext.reload Reloading Context with name [/myweb] is completed
01-Jul-2021 11:27:28.015 INFO [http-nio-8080-exec-70] org.apache.catalina.core.StandardContext.reload Reloading Context with name [/myweb] has started
01-Jul-2021 11:27:28.060 INFO [http-nio-8080-exec-70] org.apache.jasper.servlet.TldScanner.scanJars At least one JAR was scanned for TLDs yet contained no TLDs. Enable debug logging for this logger for a complete list of JARs that were scanned but no TLDs were found in them. Skipping unneeded JARs during scanning can improve startup time and JSP compilation time.
01-Jul-2021 11:27:28.063 INFO [http-nio-8080-exec-70] org.apache.catalina.core.StandardContext.reload Reloading Context with name [/myweb] is completed
01-Jul-2021 11:29:18.801 INFO [http-nio-8080-exec-82] org.apache.catalina.core.StandardContext.reload Reloading Context with name [/myweb] has started
01-Jul-2021 11:29:18.845 INFO [http-nio-8080-exec-82] org.apache.jasper.servlet.TldScanner.scanJars At least one JAR was scanned for TLDs yet contained no TLDs. Enable debug logging for this logger for a complete list of JARs that were scanned but no TLDs were found in them. Skipping unneeded JARs during scanning can improve startup time and JSP compilation time.
01-Jul-2021 11:29:18.856 INFO [http-nio-8080-exec-82] org.apache.catalina.core.StandardContext.reload Reloading Context with name [/myweb] is completed
01-Jul-2021 11:30:07.726 INFO [http-nio-8080-exec-82] org.apache.jasper.servlet.TldScanner.scanJars At least one JAR was scanned for TLDs yet contained no TLDs. Enable debug logging for this logger for a complete list of JARs that were scanned but no TLDs were found in them. Skipping unneeded JARs during scanning can improve startup time and JSP compilation time.
01-Jul-2021 11:30:08.078 INFO [http-nio-8080-exec-77] org.apache.catalina.core.StandardContext.reload Reloading Context with name [/myweb] has started
01-Jul-2021 11:30:08.132 INFO [http-nio-8080-exec-77] org.apache.jasper.servlet.TldScanner.scanJars At least one JAR was scanned for TLDs yet contained no TLDs. Enable debug logging for this logger for a complete list of JARs that were scanned but no TLDs were found in them. Skipping unneeded JARs during scanning can improve startup time and JSP compilation time.
01-Jul-2021 11:30:08.136 INFO [http-nio-8080-exec-77] org.apache.catalina.core.StandardContext.reload Reloading Context with name [/myweb] is completed
01-Jul-2021 11:30:11.040 INFO [Catalina-utility-1] org.apache.catalina.startup.HostConfig.reload Reloading context [/myweb]
01-Jul-2021 11:30:11.040 INFO [Catalina-utility-1] org.apache.catalina.core.StandardContext.reload Reloading Context with name [/myweb] has started
01-Jul-2021 11:30:11.083 INFO [Catalina-utility-1] org.apache.jasper.servlet.TldScanner.scanJars At least one JAR was scanned for TLDs yet contained no TLDs. Enable debug logging for this logger for a complete list of JARs that were scanned but no TLDs were found in them. Skipping unneeded JARs during scanning can improve startup time and JSP compilation time.
01-Jul-2021 11:30:11.087 INFO [Catalina-utility-1] org.apache.catalina.core.StandardContext.reload Reloading Context with name [/myweb] is completed
01-Jul-2021 11:30:40.062 INFO [http-nio-8080-exec-79] org.apache.catalina.core.StandardContext.reload Reloading Context with name [/myweb] has started
01-Jul-2021 11:30:40.109 INFO [http-nio-8080-exec-79] org.apache.jasper.servlet.TldScanner.scanJars At least one JAR was scanned for TLDs yet contained no TLDs. Enable debug logging for this logger for a complete list of JARs that were scanned but no TLDs were found in them. Skipping unneeded JARs during scanning can improve startup time and JSP compilation time.
01-Jul-2021 11:30:40.112 INFO [http-nio-8080-exec-79] org.apache.catalina.core.StandardContext.reload Reloading Context with name [/myweb] is completed
01-Jul-2021 11:30:40.323 INFO [http-nio-8080-exec-81] org.apache.jasper.servlet.TldScanner.scanJars At least one JAR was scanned for TLDs yet contained no TLDs. Enable debug logging for this logger for a complete list of JARs that were scanned but no TLDs were found in them. Skipping unneeded JARs during scanning can improve startup time and JSP compilation time.
01-Jul-2021 11:31:36.436 INFO [http-nio-8080-exec-88] org.apache.catalina.core.StandardContext.reload Reloading Context with name [/myweb] has started
01-Jul-2021 11:31:36.481 INFO [http-nio-8080-exec-88] org.apache.jasper.servlet.TldScanner.scanJars At least one JAR was scanned for TLDs yet contained no TLDs. Enable debug logging for this logger for a complete list of JARs that were scanned but no TLDs were found in them. Skipping unneeded JARs during scanning can improve startup time and JSP compilation time.
01-Jul-2021 11:31:36.489 INFO [http-nio-8080-exec-88] org.apache.catalina.core.StandardContext.reload Reloading Context with name [/myweb] is completed
01-Jul-2021 11:31:37.393 INFO [http-nio-8080-exec-79] org.apache.catalina.core.StandardContext.reload Reloading Context with name [/myweb] has started
01-Jul-2021 11:31:37.432 INFO [http-nio-8080-exec-79] org.apache.jasper.servlet.TldScanner.scanJars At least one JAR was scanned for TLDs yet contained no TLDs. Enable debug logging for this logger for a complete list of JARs that were scanned but no TLDs were found in them. Skipping unneeded JARs during scanning can improve startup time and JSP compilation time.
01-Jul-2021 11:31:37.436 INFO [http-nio-8080-exec-79] org.apache.catalina.core.StandardContext.reload Reloading Context with name [/myweb] is completed
01-Jul-2021 11:34:57.463 INFO [http-nio-8080-exec-93] org.apache.catalina.core.StandardContext.reload Reloading Context with name [/myweb] has started
01-Jul-2021 11:34:57.509 INFO [http-nio-8080-exec-93] org.apache.jasper.servlet.TldScanner.scanJars At least one JAR was scanned for TLDs yet contained no TLDs. Enable debug logging for this logger for a complete list of JARs that were scanned but no TLDs were found in them. Skipping unneeded JARs during scanning can improve startup time and JSP compilation time.
01-Jul-2021 11:34:57.517 INFO [http-nio-8080-exec-93] org.apache.catalina.core.StandardContext.reload Reloading Context with name [/myweb] is completed
01-Jul-2021 11:35:12.409 INFO [http-nio-8080-exec-92] org.apache.catalina.core.StandardContext.reload Reloading Context with name [/myweb] has started
01-Jul-2021 11:35:12.459 INFO [http-nio-8080-exec-92] org.apache.jasper.servlet.TldScanner.scanJars At least one JAR was scanned for TLDs yet contained no TLDs. Enable debug logging for this logger for a complete list of JARs that were scanned but no TLDs were found in them. Skipping unneeded JARs during scanning can improve startup time and JSP compilation time.
01-Jul-2021 11:35:12.462 INFO [http-nio-8080-exec-92] org.apache.catalina.core.StandardContext.reload Reloading Context with name [/myweb] is completed
01-Jul-2021 11:36:05.429 INFO [main] org.apache.catalina.core.StandardServer.await A valid shutdown command was received via the shutdown port. Stopping the Server instance.
01-Jul-2021 11:36:05.429 INFO [main] org.apache.coyote.AbstractProtocol.pause Pausing ProtocolHandler ["http-nio-8080"]
01-Jul-2021 11:36:05.762 INFO [main] org.apache.catalina.core.StandardService.stopInternal Stopping service [Catalina]
01-Jul-2021 11:36:05.788 INFO [main] org.apache.coyote.AbstractProtocol.stop Stopping ProtocolHandler ["http-nio-8080"]
01-Jul-2021 11:36:05.792 INFO [main] org.apache.coyote.AbstractProtocol.destroy Destroying ProtocolHandler ["http-nio-8080"]
01-Jul-2021 11:36:35.516 INFO [main] org.apache.catalina.startup.VersionLoggerListener.log Server version name:   Apache Tomcat/9.0.34
01-Jul-2021 11:36:35.519 INFO [main] org.apache.catalina.startup.VersionLoggerListener.log Server built:          Apr 3 2020 12:02:52 UTC
01-Jul-2021 11:36:35.519 INFO [main] org.apache.catalina.startup.VersionLoggerListener.log Server version number: 9.0.34.0
01-Jul-2021 11:36:35.520 INFO [main] org.apache.catalina.startup.VersionLoggerListener.log OS Name:               Windows 10
01-Jul-2021 11:36:35.520 INFO [main] org.apache.catalina.startup.VersionLoggerListener.log OS Version:            10.0
01-Jul-2021 11:36:35.520 INFO [main] org.apache.catalina.startup.VersionLoggerListener.log Architecture:          amd64
01-Jul-2021 11:36:35.520 INFO [main] org.apache.catalina.startup.VersionLoggerListener.log Java Home:             C:\Program Files\Java\jdk1.8.0_111\jre
01-Jul-2021 11:36:35.520 INFO [main] org.apache.catalina.startup.VersionLoggerListener.log JVM Version:           1.8.0_111-b14
01-Jul-2021 11:36:35.520 INFO [main] org.apache.catalina.startup.VersionLoggerListener.log JVM Vendor:            Oracle Corporation
01-Jul-2021 11:36:35.520 INFO [main] org.apache.catalina.startup.VersionLoggerListener.log CATALINA_BASE:         D:\Netbean 8.2 rc\apache-tomcat-9.0.34
01-Jul-2021 11:36:35.520 INFO [main] org.apache.catalina.startup.VersionLoggerListener.log CATALINA_HOME:         D:\Netbean 8.2 rc\apache-tomcat-9.0.34
01-Jul-2021 11:36:35.522 INFO [main] org.apache.catalina.startup.VersionLoggerListener.log Command line argument: -Djava.util.logging.config.file=D:\Netbean 8.2 rc\apache-tomcat-9.0.34\conf\logging.properties
01-Jul-2021 11:36:35.523 INFO [main] org.apache.catalina.startup.VersionLoggerListener.log Command line argument: -Djava.util.logging.manager=org.apache.juli.ClassLoaderLogManager
01-Jul-2021 11:36:35.523 INFO [main] org.apache.catalina.startup.VersionLoggerListener.log Command line argument: -Djdk.tls.ephemeralDHKeySize=2048
01-Jul-2021 11:36:35.523 INFO [main] org.apache.catalina.startup.VersionLoggerListener.log Command line argument: -Djava.protocol.handler.pkgs=org.apache.catalina.webresources
01-Jul-2021 11:36:35.523 INFO [main] org.apache.catalina.startup.VersionLoggerListener.log Command line argument: -Dignore.endorsed.dirs=
01-Jul-2021 11:36:35.523 INFO [main] org.apache.catalina.startup.VersionLoggerListener.log Command line argument: -Dcatalina.base=D:\Netbean 8.2 rc\apache-tomcat-9.0.34
01-Jul-2021 11:36:35.523 INFO [main] org.apache.catalina.startup.VersionLoggerListener.log Command line argument: -Dcatalina.home=D:\Netbean 8.2 rc\apache-tomcat-9.0.34
01-Jul-2021 11:36:35.523 INFO [main] org.apache.catalina.startup.VersionLoggerListener.log Command line argument: -Djava.io.tmpdir=D:\Netbean 8.2 rc\apache-tomcat-9.0.34\temp
01-Jul-2021 11:36:35.523 INFO [main] org.apache.catalina.core.AprLifecycleListener.lifecycleEvent Loaded APR based Apache Tomcat Native library [1.2.23] using APR version [1.7.0].
01-Jul-2021 11:36:35.523 INFO [main] org.apache.catalina.core.AprLifecycleListener.lifecycleEvent APR capabilities: IPv6 [true], sendfile [true], accept filters [false], random [true].
01-Jul-2021 11:36:35.523 INFO [main] org.apache.catalina.core.AprLifecycleListener.lifecycleEvent APR/OpenSSL configuration: useAprConnector [false], useOpenSSL [true]
01-Jul-2021 11:36:35.529 INFO [main] org.apache.catalina.core.AprLifecycleListener.initializeSSL OpenSSL successfully initialized [OpenSSL 1.1.1c  28 May 2019]
01-Jul-2021 11:36:35.880 INFO [main] org.apache.coyote.AbstractProtocol.init Initializing ProtocolHandler ["http-nio-8080"]
01-Jul-2021 11:36:36.296 INFO [main] org.apache.catalina.startup.Catalina.load Server initialization in [1,030] milliseconds
01-Jul-2021 11:36:36.329 INFO [main] org.apache.catalina.core.StandardService.startInternal Starting service [Catalina]
01-Jul-2021 11:36:36.330 INFO [main] org.apache.catalina.core.StandardEngine.startInternal Starting Servlet engine: [Apache Tomcat/9.0.34]
01-Jul-2021 11:36:36.335 INFO [main] org.apache.catalina.startup.HostConfig.deployDescriptor Deploying deployment descriptor [D:\Netbean 8.2 rc\apache-tomcat-9.0.34\conf\Catalina\localhost\Day1_Calculator.xml]
01-Jul-2021 11:36:36.352 WARNING [main] org.apache.catalina.startup.HostConfig.deployDescriptor The path attribute with value [/Day1_Calculator] in deployment descriptor [D:\Netbean 8.2 rc\apache-tomcat-9.0.34\conf\Catalina\localhost\Day1_Calculator.xml] has been ignored
01-Jul-2021 11:36:36.706 INFO [main] org.apache.jasper.servlet.TldScanner.scanJars At least one JAR was scanned for TLDs yet contained no TLDs. Enable debug logging for this logger for a complete list of JARs that were scanned but no TLDs were found in them. Skipping unneeded JARs during scanning can improve startup time and JSP compilation time.
01-Jul-2021 11:36:36.736 INFO [main] org.apache.catalina.startup.HostConfig.deployDescriptor Deployment of deployment descriptor [D:\Netbean 8.2 rc\apache-tomcat-9.0.34\conf\Catalina\localhost\Day1_Calculator.xml] has finished in [400] ms
01-Jul-2021 11:36:36.736 INFO [main] org.apache.catalina.startup.HostConfig.deployDescriptor Deploying deployment descriptor [D:\Netbean 8.2 rc\apache-tomcat-9.0.34\conf\Catalina\localhost\Day1_MVC.xml]
01-Jul-2021 11:36:36.736 WARNING [main] org.apache.catalina.startup.HostConfig.deployDescriptor The path attribute with value [/Day1_MVC] in deployment descriptor [D:\Netbean 8.2 rc\apache-tomcat-9.0.34\conf\Catalina\localhost\Day1_MVC.xml] has been ignored
01-Jul-2021 11:36:36.821 INFO [main] org.apache.jasper.servlet.TldScanner.scanJars At least one JAR was scanned for TLDs yet contained no TLDs. Enable debug logging for this logger for a complete list of JARs that were scanned but no TLDs were found in them. Skipping unneeded JARs during scanning can improve startup time and JSP compilation time.
01-Jul-2021 11:36:36.826 INFO [main] org.apache.catalina.startup.HostConfig.deployDescriptor Deployment of deployment descriptor [D:\Netbean 8.2 rc\apache-tomcat-9.0.34\conf\Catalina\localhost\Day1_MVC.xml] has finished in [89] ms
01-Jul-2021 11:36:36.826 INFO [main] org.apache.catalina.startup.HostConfig.deployDescriptor Deploying deployment descriptor [D:\Netbean 8.2 rc\apache-tomcat-9.0.34\conf\Catalina\localhost\Day7_ScopesDemo.xml]
01-Jul-2021 11:36:36.827 WARNING [main] org.apache.catalina.startup.HostConfig.deployDescriptor The path attribute with value [/Day7_ScopesDemo] in deployment descriptor [D:\Netbean 8.2 rc\apache-tomcat-9.0.34\conf\Catalina\localhost\Day7_ScopesDemo.xml] has been ignored
01-Jul-2021 11:36:36.896 INFO [main] org.apache.jasper.servlet.TldScanner.scanJars At least one JAR was scanned for TLDs yet contained no TLDs. Enable debug logging for this logger for a complete list of JARs that were scanned but no TLDs were found in them. Skipping unneeded JARs during scanning can improve startup time and JSP compilation time.
01-Jul-2021 11:36:36.898 INFO [main] org.apache.catalina.startup.HostConfig.deployDescriptor Deployment of deployment descriptor [D:\Netbean 8.2 rc\apache-tomcat-9.0.34\conf\Catalina\localhost\Day7_ScopesDemo.xml] has finished in [72] ms
01-Jul-2021 11:36:36.898 INFO [main] org.apache.catalina.startup.HostConfig.deployDescriptor Deploying deployment descriptor [D:\Netbean 8.2 rc\apache-tomcat-9.0.34\conf\Catalina\localhost\Demo_HitCounter.xml]
01-Jul-2021 11:36:36.899 WARNING [main] org.apache.catalina.startup.HostConfig.deployDescriptor The path attribute with value [/Demo_HitCounter] in deployment descriptor [D:\Netbean 8.2 rc\apache-tomcat-9.0.34\conf\Catalina\localhost\Demo_HitCounter.xml] has been ignored
01-Jul-2021 11:36:36.968 INFO [main] org.apache.jasper.servlet.TldScanner.scanJars At least one JAR was scanned for TLDs yet contained no TLDs. Enable debug logging for this logger for a complete list of JARs that were scanned but no TLDs were found in them. Skipping unneeded JARs during scanning can improve startup time and JSP compilation time.
01-Jul-2021 11:36:36.970 INFO [main] org.apache.catalina.startup.HostConfig.deployDescriptor Deployment of deployment descriptor [D:\Netbean 8.2 rc\apache-tomcat-9.0.34\conf\Catalina\localhost\Demo_HitCounter.xml] has finished in [72] ms
01-Jul-2021 11:36:36.970 INFO [main] org.apache.catalina.startup.HostConfig.deployDescriptor Deploying deployment descriptor [D:\Netbean 8.2 rc\apache-tomcat-9.0.34\conf\Catalina\localhost\Hello.xml]
01-Jul-2021 11:36:36.972 WARNING [main] org.apache.catalina.startup.HostConfig.deployDescriptor The path attribute with value [/Hello] in deployment descriptor [D:\Netbean 8.2 rc\apache-tomcat-9.0.34\conf\Catalina\localhost\Hello.xml] has been ignored
01-Jul-2021 11:36:37.041 INFO [main] org.apache.jasper.servlet.TldScanner.scanJars At least one JAR was scanned for TLDs yet contained no TLDs. Enable debug logging for this logger for a complete list of JARs that were scanned but no TLDs were found in them. Skipping unneeded JARs during scanning can improve startup time and JSP compilation time.
01-Jul-2021 11:36:37.043 INFO [main] org.apache.catalina.startup.HostConfig.deployDescriptor Deployment of deployment descriptor [D:\Netbean 8.2 rc\apache-tomcat-9.0.34\conf\Catalina\localhost\Hello.xml] has finished in [73] ms
01-Jul-2021 11:36:37.044 INFO [main] org.apache.catalina.startup.HostConfig.deployDescriptor Deploying deployment descriptor [D:\Netbean 8.2 rc\apache-tomcat-9.0.34\conf\Catalina\localhost\Hello_JSP.xml]
01-Jul-2021 11:36:37.045 WARNING [main] org.apache.catalina.startup.HostConfig.deployDescriptor The path attribute with value [/Hello_JSP] in deployment descriptor [D:\Netbean 8.2 rc\apache-tomcat-9.0.34\conf\Catalina\localhost\Hello_JSP.xml] has been ignored
01-Jul-2021 11:36:37.112 INFO [main] org.apache.jasper.servlet.TldScanner.scanJars At least one JAR was scanned for TLDs yet contained no TLDs. Enable debug logging for this logger for a complete list of JARs that were scanned but no TLDs were found in them. Skipping unneeded JARs during scanning can improve startup time and JSP compilation time.
01-Jul-2021 11:36:37.115 INFO [main] org.apache.catalina.startup.HostConfig.deployDescriptor Deployment of deployment descriptor [D:\Netbean 8.2 rc\apache-tomcat-9.0.34\conf\Catalina\localhost\Hello_JSP.xml] has finished in [70] ms
01-Jul-2021 11:36:37.115 INFO [main] org.apache.catalina.startup.HostConfig.deployDescriptor Deploying deployment descriptor [D:\Netbean 8.2 rc\apache-tomcat-9.0.34\conf\Catalina\localhost\Login_DoGet_DoPost.xml]
01-Jul-2021 11:36:37.117 WARNING [main] org.apache.catalina.startup.HostConfig.deployDescriptor The path attribute with value [/Login_DoGet_DoPost] in deployment descriptor [D:\Netbean 8.2 rc\apache-tomcat-9.0.34\conf\Catalina\localhost\Login_DoGet_DoPost.xml] has been ignored
01-Jul-2021 11:36:37.214 INFO [main] org.apache.jasper.servlet.TldScanner.scanJars At least one JAR was scanned for TLDs yet contained no TLDs. Enable debug logging for this logger for a complete list of JARs that were scanned but no TLDs were found in them. Skipping unneeded JARs during scanning can improve startup time and JSP compilation time.
01-Jul-2021 11:36:37.217 INFO [main] org.apache.catalina.startup.HostConfig.deployDescriptor Deployment of deployment descriptor [D:\Netbean 8.2 rc\apache-tomcat-9.0.34\conf\Catalina\localhost\Login_DoGet_DoPost.xml] has finished in [102] ms
01-Jul-2021 11:36:37.217 INFO [main] org.apache.catalina.startup.HostConfig.deployDescriptor Deploying deployment descriptor [D:\Netbean 8.2 rc\apache-tomcat-9.0.34\conf\Catalina\localhost\Login_Register_Apollo.xml]
01-Jul-2021 11:36:37.219 WARNING [main] org.apache.catalina.startup.HostConfig.deployDescriptor The path attribute with value [/Login_Register_Apollo] in deployment descriptor [D:\Netbean 8.2 rc\apache-tomcat-9.0.34\conf\Catalina\localhost\Login_Register_Apollo.xml] has been ignored
01-Jul-2021 11:36:37.306 INFO [main] org.apache.jasper.servlet.TldScanner.scanJars At least one JAR was scanned for TLDs yet contained no TLDs. Enable debug logging for this logger for a complete list of JARs that were scanned but no TLDs were found in them. Skipping unneeded JARs during scanning can improve startup time and JSP compilation time.
01-Jul-2021 11:36:37.309 INFO [main] org.apache.catalina.startup.HostConfig.deployDescriptor Deployment of deployment descriptor [D:\Netbean 8.2 rc\apache-tomcat-9.0.34\conf\Catalina\localhost\Login_Register_Apollo.xml] has finished in [92] ms
01-Jul-2021 11:36:37.309 INFO [main] org.apache.catalina.startup.HostConfig.deployDescriptor Deploying deployment descriptor [D:\Netbean 8.2 rc\apache-tomcat-9.0.34\conf\Catalina\localhost\MVC2Java_Database.xml]
01-Jul-2021 11:36:37.311 WARNING [main] org.apache.catalina.startup.HostConfig.deployDescriptor The path attribute with value [/MVC2Java_Database] in deployment descriptor [D:\Netbean 8.2 rc\apache-tomcat-9.0.34\conf\Catalina\localhost\MVC2Java_Database.xml] has been ignored
01-Jul-2021 11:36:37.733 INFO [main] org.apache.jasper.servlet.TldScanner.scanJars At least one JAR was scanned for TLDs yet contained no TLDs. Enable debug logging for this logger for a complete list of JARs that were scanned but no TLDs were found in them. Skipping unneeded JARs during scanning can improve startup time and JSP compilation time.
01-Jul-2021 11:36:37.742 INFO [main] org.apache.catalina.startup.HostConfig.deployDescriptor Deployment of deployment descriptor [D:\Netbean 8.2 rc\apache-tomcat-9.0.34\conf\Catalina\localhost\MVC2Java_Database.xml] has finished in [433] ms
01-Jul-2021 11:36:37.742 INFO [main] org.apache.catalina.startup.HostConfig.deployDescriptor Deploying deployment descriptor [D:\Netbean 8.2 rc\apache-tomcat-9.0.34\conf\Catalina\localhost\myweb.xml]
01-Jul-2021 11:36:37.744 WARNING [main] org.apache.catalina.startup.HostConfig.deployDescriptor The path attribute with value [/myweb] in deployment descriptor [D:\Netbean 8.2 rc\apache-tomcat-9.0.34\conf\Catalina\localhost\myweb.xml] has been ignored
01-Jul-2021 11:36:37.815 INFO [main] org.apache.jasper.servlet.TldScanner.scanJars At least one JAR was scanned for TLDs yet contained no TLDs. Enable debug logging for this logger for a complete list of JARs that were scanned but no TLDs were found in them. Skipping unneeded JARs during scanning can improve startup time and JSP compilation time.
01-Jul-2021 11:36:37.836 INFO [main] org.apache.catalina.startup.HostConfig.deployDescriptor Deployment of deployment descriptor [D:\Netbean 8.2 rc\apache-tomcat-9.0.34\conf\Catalina\localhost\myweb.xml] has finished in [94] ms
01-Jul-2021 11:36:37.837 INFO [main] org.apache.catalina.startup.HostConfig.deployDescriptor Deploying deployment descriptor [D:\Netbean 8.2 rc\apache-tomcat-9.0.34\conf\Catalina\localhost\Page_Directive.xml]
01-Jul-2021 11:36:37.838 WARNING [main] org.apache.catalina.startup.HostConfig.deployDescriptor The path attribute with value [/Page_Directive] in deployment descriptor [D:\Netbean 8.2 rc\apache-tomcat-9.0.34\conf\Catalina\localhost\Page_Directive.xml] has been ignored
01-Jul-2021 11:36:38.054 INFO [main] org.apache.jasper.servlet.TldScanner.scanJars At least one JAR was scanned for TLDs yet contained no TLDs. Enable debug logging for this logger for a complete list of JARs that were scanned but no TLDs were found in them. Skipping unneeded JARs during scanning can improve startup time and JSP compilation time.
01-Jul-2021 11:36:38.058 INFO [main] org.apache.catalina.startup.HostConfig.deployDescriptor Deployment of deployment descriptor [D:\Netbean 8.2 rc\apache-tomcat-9.0.34\conf\Catalina\localhost\Page_Directive.xml] has finished in [221] ms
01-Jul-2021 11:36:38.059 INFO [main] org.apache.catalina.startup.HostConfig.deployDescriptor Deploying deployment descriptor [D:\Netbean 8.2 rc\apache-tomcat-9.0.34\conf\Catalina\localhost\Project_Website_Ban_Hang.xml]
01-Jul-2021 11:36:38.060 WARNING [main] org.apache.catalina.startup.HostConfig.deployDescriptor The path attribute with value [/Project_Website_Ban_Hang] in deployment descriptor [D:\Netbean 8.2 rc\apache-tomcat-9.0.34\conf\Catalina\localhost\Project_Website_Ban_Hang.xml] has been ignored
01-Jul-2021 11:36:38.367 INFO [main] org.apache.jasper.servlet.TldScanner.scanJars At least one JAR was scanned for TLDs yet contained no TLDs. Enable debug logging for this logger for a complete list of JARs that were scanned but no TLDs were found in them. Skipping unneeded JARs during scanning can improve startup time and JSP compilation time.
01-Jul-2021 11:36:38.397 INFO [main] org.apache.catalina.startup.HostConfig.deployDescriptor Deployment of deployment descriptor [D:\Netbean 8.2 rc\apache-tomcat-9.0.34\conf\Catalina\localhost\Project_Website_Ban_Hang.xml] has finished in [339] ms
01-Jul-2021 11:36:38.397 INFO [main] org.apache.catalina.startup.HostConfig.deployDescriptor Deploying deployment descriptor [D:\Netbean 8.2 rc\apache-tomcat-9.0.34\conf\Catalina\localhost\SimpleD.xml]
01-Jul-2021 11:36:38.398 WARNING [main] org.apache.catalina.startup.HostConfig.deployDescriptor The path attribute with value [/SimpleD] in deployment descriptor [D:\Netbean 8.2 rc\apache-tomcat-9.0.34\conf\Catalina\localhost\SimpleD.xml] has been ignored
01-Jul-2021 11:36:38.471 INFO [main] org.apache.jasper.servlet.TldScanner.scanJars At least one JAR was scanned for TLDs yet contained no TLDs. Enable debug logging for this logger for a complete list of JARs that were scanned but no TLDs were found in them. Skipping unneeded JARs during scanning can improve startup time and JSP compilation time.
01-Jul-2021 11:36:38.474 INFO [main] org.apache.catalina.startup.HostConfig.deployDescriptor Deployment of deployment descriptor [D:\Netbean 8.2 rc\apache-tomcat-9.0.34\conf\Catalina\localhost\SimpleD.xml] has finished in [77] ms
01-Jul-2021 11:36:38.475 INFO [main] org.apache.catalina.startup.HostConfig.deployDescriptor Deploying deployment descriptor [D:\Netbean 8.2 rc\apache-tomcat-9.0.34\conf\Catalina\localhost\SimpleDate.xml]
01-Jul-2021 11:36:38.476 WARNING [main] org.apache.catalina.startup.HostConfig.deployDescriptor The path attribute with value [/SimpleDate] in deployment descriptor [D:\Netbean 8.2 rc\apache-tomcat-9.0.34\conf\Catalina\localhost\SimpleDate.xml] has been ignored
01-Jul-2021 11:36:38.563 INFO [main] org.apache.jasper.servlet.TldScanner.scanJars At least one JAR was scanned for TLDs yet contained no TLDs. Enable debug logging for this logger for a complete list of JARs that were scanned but no TLDs were found in them. Skipping unneeded JARs during scanning can improve startup time and JSP compilation time.
01-Jul-2021 11:36:38.566 INFO [main] org.apache.catalina.startup.HostConfig.deployDescriptor Deployment of deployment descriptor [D:\Netbean 8.2 rc\apache-tomcat-9.0.34\conf\Catalina\localhost\SimpleDate.xml] has finished in [91] ms
01-Jul-2021 11:36:38.566 INFO [main] org.apache.catalina.startup.HostConfig.deployDescriptor Deploying deployment descriptor [D:\Netbean 8.2 rc\apache-tomcat-9.0.34\conf\Catalina\localhost\WorkShop1_SE1502_Magazine.xml]
01-Jul-2021 11:36:38.568 WARNING [main] org.apache.catalina.startup.HostConfig.deployDescriptor The path attribute with value [/WorkShop1_SE1502_Magazine] in deployment descriptor [D:\Netbean 8.2 rc\apache-tomcat-9.0.34\conf\Catalina\localhost\WorkShop1_SE1502_Magazine.xml] has been ignored
01-Jul-2021 11:36:38.867 INFO [main] org.apache.jasper.servlet.TldScanner.scanJars At least one JAR was scanned for TLDs yet contained no TLDs. Enable debug logging for this logger for a complete list of JARs that were scanned but no TLDs were found in them. Skipping unneeded JARs during scanning can improve startup time and JSP compilation time.
01-Jul-2021 11:36:38.886 INFO [main] org.apache.catalina.startup.HostConfig.deployDescriptor Deployment of deployment descriptor [D:\Netbean 8.2 rc\apache-tomcat-9.0.34\conf\Catalina\localhost\WorkShop1_SE1502_Magazine.xml] has finished in [320] ms
01-Jul-2021 11:36:38.887 INFO [main] org.apache.catalina.startup.HostConfig.deployDirectory Deploying web application directory [D:\Netbean 8.2 rc\apache-tomcat-9.0.34\webapps\docs]
01-Jul-2021 11:36:38.951 INFO [main] org.apache.jasper.servlet.TldScanner.scanJars At least one JAR was scanned for TLDs yet contained no TLDs. Enable debug logging for this logger for a complete list of JARs that were scanned but no TLDs were found in them. Skipping unneeded JARs during scanning can improve startup time and JSP compilation time.
01-Jul-2021 11:36:38.955 INFO [main] org.apache.catalina.startup.HostConfig.deployDirectory Deployment of web application directory [D:\Netbean 8.2 rc\apache-tomcat-9.0.34\webapps\docs] has finished in [67] ms
01-Jul-2021 11:36:38.955 INFO [main] org.apache.catalina.startup.HostConfig.deployDirectory Deploying web application directory [D:\Netbean 8.2 rc\apache-tomcat-9.0.34\webapps\examples]
01-Jul-2021 11:36:39.157 INFO [main] org.apache.jasper.servlet.TldScanner.scanJars At least one JAR was scanned for TLDs yet contained no TLDs. Enable debug logging for this logger for a complete list of JARs that were scanned but no TLDs were found in them. Skipping unneeded JARs during scanning can improve startup time and JSP compilation time.
01-Jul-2021 11:36:39.194 INFO [main] org.apache.catalina.startup.HostConfig.deployDirectory Deployment of web application directory [D:\Netbean 8.2 rc\apache-tomcat-9.0.34\webapps\examples] has finished in [238] ms
01-Jul-2021 11:36:39.194 INFO [main] org.apache.catalina.startup.HostConfig.deployDirectory Deploying web application directory [D:\Netbean 8.2 rc\apache-tomcat-9.0.34\webapps\host-manager]
01-Jul-2021 11:36:39.259 INFO [main] org.apache.jasper.servlet.TldScanner.scanJars At least one JAR was scanned for TLDs yet contained no TLDs. Enable debug logging for this logger for a complete list of JARs that were scanned but no TLDs were found in them. Skipping unneeded JARs during scanning can improve startup time and JSP compilation time.
01-Jul-2021 11:36:39.262 INFO [main] org.apache.catalina.startup.HostConfig.deployDirectory Deployment of web application directory [D:\Netbean 8.2 rc\apache-tomcat-9.0.34\webapps\host-manager] has finished in [68] ms
01-Jul-2021 11:36:39.262 INFO [main] org.apache.catalina.startup.HostConfig.deployDirectory Deploying web application directory [D:\Netbean 8.2 rc\apache-tomcat-9.0.34\webapps\manager]
01-Jul-2021 11:36:39.324 INFO [main] org.apache.jasper.servlet.TldScanner.scanJars At least one JAR was scanned for TLDs yet contained no TLDs. Enable debug logging for this logger for a complete list of JARs that were scanned but no TLDs were found in them. Skipping unneeded JARs during scanning can improve startup time and JSP compilation time.
01-Jul-2021 11:36:39.326 INFO [main] org.apache.catalina.startup.HostConfig.deployDirectory Deployment of web application directory [D:\Netbean 8.2 rc\apache-tomcat-9.0.34\webapps\manager] has finished in [64] ms
01-Jul-2021 11:36:39.327 INFO [main] org.apache.catalina.startup.HostConfig.deployDirectory Deploying web application directory [D:\Netbean 8.2 rc\apache-tomcat-9.0.34\webapps\ROOT]
01-Jul-2021 11:36:39.394 INFO [main] org.apache.jasper.servlet.TldScanner.scanJars At least one JAR was scanned for TLDs yet contained no TLDs. Enable debug logging for this logger for a complete list of JARs that were scanned but no TLDs were found in them. Skipping unneeded JARs during scanning can improve startup time and JSP compilation time.
01-Jul-2021 11:36:39.395 INFO [main] org.apache.catalina.startup.HostConfig.deployDirectory Deployment of web application directory [D:\Netbean 8.2 rc\apache-tomcat-9.0.34\webapps\ROOT] has finished in [69] ms
01-Jul-2021 11:36:39.398 INFO [main] org.apache.coyote.AbstractProtocol.start Starting ProtocolHandler ["http-nio-8080"]
01-Jul-2021 11:36:39.405 INFO [main] org.apache.catalina.startup.Catalina.start Server startup in [3,108] milliseconds
01-Jul-2021 11:39:10.528 INFO [http-nio-8080-exec-9] org.apache.catalina.core.StandardContext.reload Reloading Context with name [/myweb] has started
01-Jul-2021 11:39:10.604 INFO [http-nio-8080-exec-9] org.apache.jasper.servlet.TldScanner.scanJars At least one JAR was scanned for TLDs yet contained no TLDs. Enable debug logging for this logger for a complete list of JARs that were scanned but no TLDs were found in them. Skipping unneeded JARs during scanning can improve startup time and JSP compilation time.
01-Jul-2021 11:39:10.613 INFO [http-nio-8080-exec-9] org.apache.catalina.core.StandardContext.reload Reloading Context with name [/myweb] is completed
01-Jul-2021 11:39:12.106 INFO [http-nio-8080-exec-4] org.apache.catalina.core.StandardContext.reload Reloading Context with name [/myweb] has started
01-Jul-2021 11:39:12.166 INFO [http-nio-8080-exec-4] org.apache.jasper.servlet.TldScanner.scanJars At least one JAR was scanned for TLDs yet contained no TLDs. Enable debug logging for this logger for a complete list of JARs that were scanned but no TLDs were found in them. Skipping unneeded JARs during scanning can improve startup time and JSP compilation time.
01-Jul-2021 11:39:12.170 INFO [http-nio-8080-exec-4] org.apache.catalina.core.StandardContext.reload Reloading Context with name [/myweb] is completed
01-Jul-2021 11:39:43.395 INFO [http-nio-8080-exec-15] org.apache.catalina.core.StandardContext.reload Reloading Context with name [/myweb] has started
01-Jul-2021 11:39:43.453 INFO [http-nio-8080-exec-15] org.apache.jasper.servlet.TldScanner.scanJars At least one JAR was scanned for TLDs yet contained no TLDs. Enable debug logging for this logger for a complete list of JARs that were scanned but no TLDs were found in them. Skipping unneeded JARs during scanning can improve startup time and JSP compilation time.
01-Jul-2021 11:39:43.467 INFO [http-nio-8080-exec-15] org.apache.catalina.core.StandardContext.reload Reloading Context with name [/myweb] is completed
01-Jul-2021 11:39:43.710 INFO [http-nio-8080-exec-13] org.apache.catalina.core.StandardContext.reload Reloading Context with name [/myweb] has started
01-Jul-2021 11:39:43.759 INFO [http-nio-8080-exec-13] org.apache.jasper.servlet.TldScanner.scanJars At least one JAR was scanned for TLDs yet contained no TLDs. Enable debug logging for this logger for a complete list of JARs that were scanned but no TLDs were found in them. Skipping unneeded JARs during scanning can improve startup time and JSP compilation time.
01-Jul-2021 11:39:43.764 INFO [http-nio-8080-exec-13] org.apache.catalina.core.StandardContext.reload Reloading Context with name [/myweb] is completed
01-Jul-2021 11:40:47.085 INFO [http-nio-8080-exec-17] org.apache.jasper.servlet.TldScanner.scanJars At least one JAR was scanned for TLDs yet contained no TLDs. Enable debug logging for this logger for a complete list of JARs that were scanned but no TLDs were found in them. Skipping unneeded JARs during scanning can improve startup time and JSP compilation time.
01-Jul-2021 11:40:47.351 INFO [http-nio-8080-exec-20] org.apache.jasper.servlet.TldScanner.scanJars At least one JAR was scanned for TLDs yet contained no TLDs. Enable debug logging for this logger for a complete list of JARs that were scanned but no TLDs were found in them. Skipping unneeded JARs during scanning can improve startup time and JSP compilation time.
01-Jul-2021 11:40:49.663 INFO [Catalina-utility-2] org.apache.catalina.startup.HostConfig.reload Reloading context [/myweb]
01-Jul-2021 11:40:49.663 INFO [Catalina-utility-2] org.apache.catalina.core.StandardContext.reload Reloading Context with name [/myweb] has started
01-Jul-2021 11:40:49.710 INFO [Catalina-utility-2] org.apache.jasper.servlet.TldScanner.scanJars At least one JAR was scanned for TLDs yet contained no TLDs. Enable debug logging for this logger for a complete list of JARs that were scanned but no TLDs were found in them. Skipping unneeded JARs during scanning can improve startup time and JSP compilation time.
01-Jul-2021 11:40:49.718 INFO [Catalina-utility-2] org.apache.catalina.core.StandardContext.reload Reloading Context with name [/myweb] is completed
01-Jul-2021 11:41:14.704 INFO [http-nio-8080-exec-23] org.apache.catalina.core.StandardContext.reload Reloading Context with name [/myweb] has started
01-Jul-2021 11:41:14.914 INFO [http-nio-8080-exec-23] org.apache.jasper.servlet.TldScanner.scanJars At least one JAR was scanned for TLDs yet contained no TLDs. Enable debug logging for this logger for a complete list of JARs that were scanned but no TLDs were found in them. Skipping unneeded JARs during scanning can improve startup time and JSP compilation time.
01-Jul-2021 11:41:14.926 INFO [http-nio-8080-exec-23] org.apache.catalina.core.StandardContext.reload Reloading Context with name [/myweb] is completed
01-Jul-2021 11:41:15.277 INFO [http-nio-8080-exec-24] org.apache.catalina.core.StandardContext.reload Reloading Context with name [/myweb] has started
01-Jul-2021 11:41:15.408 INFO [http-nio-8080-exec-24] org.apache.jasper.servlet.TldScanner.scanJars At least one JAR was scanned for TLDs yet contained no TLDs. Enable debug logging for this logger for a complete list of JARs that were scanned but no TLDs were found in them. Skipping unneeded JARs during scanning can improve startup time and JSP compilation time.
01-Jul-2021 11:41:15.419 INFO [http-nio-8080-exec-24] org.apache.catalina.core.StandardContext.reload Reloading Context with name [/myweb] is completed
01-Jul-2021 11:41:15.562 INFO [http-nio-8080-exec-17] org.apache.catalina.core.StandardContext.reload Reloading Context with name [/myweb] has started
01-Jul-2021 11:41:15.710 INFO [http-nio-8080-exec-17] org.apache.jasper.servlet.TldScanner.scanJars At least one JAR was scanned for TLDs yet contained no TLDs. Enable debug logging for this logger for a complete list of JARs that were scanned but no TLDs were found in them. Skipping unneeded JARs during scanning can improve startup time and JSP compilation time.
01-Jul-2021 11:41:15.720 INFO [http-nio-8080-exec-17] org.apache.catalina.core.StandardContext.reload Reloading Context with name [/myweb] is completed
01-Jul-2021 11:41:28.535 INFO [http-nio-8080-exec-18] org.apache.jasper.servlet.TldScanner.scanJars At least one JAR was scanned for TLDs yet contained no TLDs. Enable debug logging for this logger for a complete list of JARs that were scanned but no TLDs were found in them. Skipping unneeded JARs during scanning can improve startup time and JSP compilation time.
01-Jul-2021 11:41:28.883 INFO [http-nio-8080-exec-17] org.apache.jasper.servlet.TldScanner.scanJars At least one JAR was scanned for TLDs yet contained no TLDs. Enable debug logging for this logger for a complete list of JARs that were scanned but no TLDs were found in them. Skipping unneeded JARs during scanning can improve startup time and JSP compilation time.
01-Jul-2021 11:41:29.758 INFO [Catalina-utility-2] org.apache.catalina.startup.HostConfig.reload Reloading context [/myweb]
01-Jul-2021 11:41:29.758 INFO [Catalina-utility-2] org.apache.catalina.core.StandardContext.reload Reloading Context with name [/myweb] has started
01-Jul-2021 11:41:29.861 INFO [Catalina-utility-2] org.apache.jasper.servlet.TldScanner.scanJars At least one JAR was scanned for TLDs yet contained no TLDs. Enable debug logging for this logger for a complete list of JARs that were scanned but no TLDs were found in them. Skipping unneeded JARs during scanning can improve startup time and JSP compilation time.
01-Jul-2021 11:41:29.874 INFO [Catalina-utility-2] org.apache.catalina.core.StandardContext.reload Reloading Context with name [/myweb] is completed
01-Jul-2021 12:05:44.333 INFO [http-nio-8080-exec-28] org.apache.catalina.core.StandardContext.reload Reloading Context with name [/myweb] has started
01-Jul-2021 12:05:44.430 INFO [http-nio-8080-exec-28] org.apache.jasper.servlet.TldScanner.scanJars At least one JAR was scanned for TLDs yet contained no TLDs. Enable debug logging for this logger for a complete list of JARs that were scanned but no TLDs were found in them. Skipping unneeded JARs during scanning can improve startup time and JSP compilation time.
01-Jul-2021 12:05:44.442 INFO [http-nio-8080-exec-28] org.apache.catalina.core.StandardContext.reload Reloading Context with name [/myweb] is completed
01-Jul-2021 12:05:48.212 INFO [http-nio-8080-exec-27] org.apache.catalina.core.StandardContext.reload Reloading Context with name [/myweb] has started
01-Jul-2021 12:05:48.289 INFO [http-nio-8080-exec-27] org.apache.jasper.servlet.TldScanner.scanJars At least one JAR was scanned for TLDs yet contained no TLDs. Enable debug logging for this logger for a complete list of JARs that were scanned but no TLDs were found in them. Skipping unneeded JARs during scanning can improve startup time and JSP compilation time.
01-Jul-2021 12:05:48.296 INFO [http-nio-8080-exec-27] org.apache.catalina.core.StandardContext.reload Reloading Context with name [/myweb] is completed
01-Jul-2021 12:26:44.615 INFO [http-nio-8080-exec-39] org.apache.catalina.core.StandardContext.reload Reloading Context with name [/myweb] has started
01-Jul-2021 12:26:44.725 INFO [http-nio-8080-exec-39] org.apache.jasper.servlet.TldScanner.scanJars At least one JAR was scanned for TLDs yet contained no TLDs. Enable debug logging for this logger for a complete list of JARs that were scanned but no TLDs were found in them. Skipping unneeded JARs during scanning can improve startup time and JSP compilation time.
01-Jul-2021 12:26:44.738 INFO [http-nio-8080-exec-39] org.apache.catalina.core.StandardContext.reload Reloading Context with name [/myweb] is completed
01-Jul-2021 12:26:44.867 INFO [http-nio-8080-exec-46] org.apache.catalina.core.StandardContext.reload Reloading Context with name [/myweb] has started
01-Jul-2021 12:26:44.948 INFO [http-nio-8080-exec-46] org.apache.jasper.servlet.TldScanner.scanJars At least one JAR was scanned for TLDs yet contained no TLDs. Enable debug logging for this logger for a complete list of JARs that were scanned but no TLDs were found in them. Skipping unneeded JARs during scanning can improve startup time and JSP compilation time.
01-Jul-2021 12:26:44.954 INFO [http-nio-8080-exec-46] org.apache.catalina.core.StandardContext.reload Reloading Context with name [/myweb] is completed
01-Jul-2021 16:59:58.704 INFO [http-nio-8080-exec-50] org.apache.catalina.startup.HostConfig.deployDescriptor Deploying deployment descriptor [D:\Netbean 8.2 rc\apache-tomcat-9.0.34\conf\Catalina\localhost\Workshop2_SE1502_AddContact.xml]
01-Jul-2021 16:59:58.808 WARNING [http-nio-8080-exec-50] org.apache.catalina.startup.HostConfig.deployDescriptor The path attribute with value [/Workshop2_SE1502_AddContact] in deployment descriptor [D:\Netbean 8.2 rc\apache-tomcat-9.0.34\conf\Catalina\localhost\Workshop2_SE1502_AddContact.xml] has been ignored
01-Jul-2021 17:00:02.891 INFO [http-nio-8080-exec-50] org.apache.jasper.servlet.TldScanner.scanJars At least one JAR was scanned for TLDs yet contained no TLDs. Enable debug logging for this logger for a complete list of JARs that were scanned but no TLDs were found in them. Skipping unneeded JARs during scanning can improve startup time and JSP compilation time.
01-Jul-2021 17:00:02.986 INFO [http-nio-8080-exec-50] org.apache.catalina.startup.HostConfig.deployDescriptor Deployment of deployment descriptor [D:\Netbean 8.2 rc\apache-tomcat-9.0.34\conf\Catalina\localhost\Workshop2_SE1502_AddContact.xml] has finished in [4,249] ms
01-Jul-2021 17:00:03.015 INFO [http-nio-8080-exec-50] org.apache.catalina.util.LifecycleBase.start The start() method was called on component [StandardEngine[Catalina].StandardHost[localhost].StandardContext[/Workshop2_SE1502_AddContact]] after start() had already been called. The second call will be ignored.
